[0.043s] Invoking command in '/home/username/ros2_ws/build/sdk_wrap': CMAKE_PREFIX_PATH=${CMAKE_PREFIX_PATH}:/opt/ros/jazzy /usr/bin/cmake /home/username/ros2_ws/src/sdk_wrap -DCMAKE_INSTALL_PREFIX=/home/username/ros2_ws/install/sdk_wrap
[0.237s] -- Found ament_cmake: 2.5.3 (/opt/ros/jazzy/share/ament_cmake/cmake)
[0.861s] -- Found rclcpp: 28.1.6 (/opt/ros/jazzy/share/rclcpp/cmake)
[1.045s] -- Found rosidl_generator_c: 4.6.5 (/opt/ros/jazzy/share/rosidl_generator_c/cmake)
[1.099s] -- Found rosidl_generator_cpp: 4.6.5 (/opt/ros/jazzy/share/rosidl_generator_cpp/cmake)
[1.158s] -- Using all available rosidl_typesupport_c: rosidl_typesupport_fastrtps_c;rosidl_typesupport_introspection_c
[1.213s] -- Using all available rosidl_typesupport_cpp: rosidl_typesupport_fastrtps_cpp;rosidl_typesupport_introspection_cpp
[1.414s] -- Found rmw_implementation_cmake: 7.3.1 (/opt/ros/jazzy/share/rmw_implementation_cmake/cmake)
[1.421s] -- Found rmw_fastrtps_cpp: 8.4.1 (/opt/ros/jazzy/share/rmw_fastrtps_cpp/cmake)
[1.595s] -- Using RMW implementation 'rmw_fastrtps_cpp' as default
[1.792s] -- Found pybind11: /usr/include (found version "2.11.1")
[1.802s] [31mCMake Error at CMakeLists.txt:20 (find_package):
[1.802s]   By not providing "Findseekcamera.cmake" in CMAKE_MODULE_PATH this project
[1.802s]   has asked CMake to find a package configuration file provided by
[1.802s]   "seekcamera", but CMake did not find one.
[1.803s] 
[1.803s]   Could not find a package configuration file provided by "seekcamera" with
[1.803s]   any of the following names:
[1.803s] 
[1.803s]     seekcameraConfig.cmake
[1.803s]     seekcamera-config.cmake
[1.804s] 
[1.804s]   Add the installation prefix of "seekcamera" to CMAKE_PREFIX_PATH or set
[1.808s]   "seekcamera_DIR" to a directory containing one of the above files.  If
[1.808s]   "seekcamera" provides a separate development package or SDK, be sure it has
[1.809s]   been installed.
[1.809s] 
[1.809s] [0m
[1.809s] -- Configuring incomplete, errors occurred!
[1.820s] Invoked command in '/home/username/ros2_ws/build/sdk_wrap' returned '1': CMAKE_PREFIX_PATH=${CMAKE_PREFIX_PATH}:/opt/ros/jazzy /usr/bin/cmake /home/username/ros2_ws/src/sdk_wrap -DCMAKE_INSTALL_PREFIX=/home/username/ros2_ws/install/sdk_wrap
