[0.016s] Invoking command in '/home/username/ros2_ws/build/img_capture': CMAKE_PREFIX_PATH=${CMAKE_PREFIX_PATH}:/opt/ros/jazzy /usr/bin/cmake --build /home/username/ros2_ws/build/img_capture -- -j4 -l4
[0.109s] [ 50%] [32mBuilding CXX object CMakeFiles/seekcamera_publisher.dir/src/seekcamera_publisher.cpp.o[0m
[6.945s] [100%] [32m[1mLinking CXX executable seekcamera_publisher[0m
[7.375s] [100%] Built target seekcamera_publisher
[7.395s] Invoked command in '/home/username/ros2_ws/build/img_capture' returned '0': CMAKE_PREFIX_PATH=${CMAKE_PREFIX_PATH}:/opt/ros/jazzy /usr/bin/cmake --build /home/username/ros2_ws/build/img_capture -- -j4 -l4
[7.413s] Invoking command in '/home/username/ros2_ws/build/img_capture': CMAKE_PREFIX_PATH=${CMAKE_PREFIX_PATH}:/opt/ros/jazzy /usr/bin/cmake --install /home/username/ros2_ws/build/img_capture
[7.425s] -- Install configuration: ""
[7.426s] -- Execute custom install script
[7.426s] -- Up-to-date symlink: /home/username/ros2_ws/install/img_capture/lib/img_capture/seekcamera_publisher
[7.427s] -- Up-to-date symlink: /home/username/ros2_ws/install/img_capture/lib/img_capture/thermal_subscriber.py
[7.427s] -- Up-to-date symlink: /home/username/ros2_ws/install/img_capture/share/ament_index/resource_index/package_run_dependencies/img_capture
[7.427s] -- Up-to-date symlink: /home/username/ros2_ws/install/img_capture/share/ament_index/resource_index/parent_prefix_path/img_capture
[7.427s] -- Up-to-date symlink: /home/username/ros2_ws/install/img_capture/share/img_capture/environment/ament_prefix_path.sh
[7.428s] -- Up-to-date symlink: /home/username/ros2_ws/install/img_capture/share/img_capture/environment/ament_prefix_path.dsv
[7.428s] -- Up-to-date symlink: /home/username/ros2_ws/install/img_capture/share/img_capture/environment/path.sh
[7.428s] -- Up-to-date symlink: /home/username/ros2_ws/install/img_capture/share/img_capture/environment/path.dsv
[7.428s] -- Up-to-date symlink: /home/username/ros2_ws/install/img_capture/share/img_capture/local_setup.bash
[7.428s] -- Up-to-date symlink: /home/username/ros2_ws/install/img_capture/share/img_capture/local_setup.sh
[7.429s] -- Up-to-date symlink: /home/username/ros2_ws/install/img_capture/share/img_capture/local_setup.zsh
[7.429s] -- Up-to-date symlink: /home/username/ros2_ws/install/img_capture/share/img_capture/local_setup.dsv
[7.429s] -- Symlinking: /home/username/ros2_ws/install/img_capture/share/img_capture/package.dsv
[7.445s] -- Up-to-date symlink: /home/username/ros2_ws/install/img_capture/share/ament_index/resource_index/packages/img_capture
[7.445s] -- Up-to-date symlink: /home/username/ros2_ws/install/img_capture/share/img_capture/cmake/img_captureConfig.cmake
[7.445s] -- Up-to-date symlink: /home/username/ros2_ws/install/img_capture/share/img_capture/cmake/img_captureConfig-version.cmake
[7.445s] -- Up-to-date symlink: /home/username/ros2_ws/install/img_capture/share/img_capture/package.xml
[7.448s] Invoked command in '/home/username/ros2_ws/build/img_capture' returned '0': CMAKE_PREFIX_PATH=${CMAKE_PREFIX_PATH}:/opt/ros/jazzy /usr/bin/cmake --install /home/username/ros2_ws/build/img_capture
