[0.140s] DEBUG:colcon:Command line arguments: ['/usr/bin/colcon', 'build']
[0.140s] DEBUG:colcon:Parsed command line arguments: Namespace(log_base=None, log_level=None, verb_name='build', build_base='build', install_base='install', merge_install=False, symlink_install=False, test_result_base=None, continue_on_error=False, executor='parallel', parallel_workers=4, event_handlers=None, ignore_user_meta=False, metas=['./colcon.meta'], base_paths=['.'], packages_ignore=None, packages_ignore_regex=None, paths=None, packages_up_to=None, packages_up_to_regex=None, packages_above=None, packages_above_and_dependencies=None, packages_above_depth=None, packages_select_by_dep=None, packages_skip_by_dep=None, packages_skip_up_to=None, packages_select_build_failed=False, packages_skip_build_finished=False, packages_select_test_failures=False, packages_skip_test_passed=False, packages_select=None, packages_skip=None, packages_select_regex=None, packages_skip_regex=None, packages_start=None, packages_end=None, allow_overriding=[], cmake_args=None, cmake_target=None, cmake_target_skip_unavailable=False, cmake_clean_cache=False, cmake_clean_first=False, cmake_force_configure=False, ament_cmake_args=None, catkin_cmake_args=None, catkin_skip_building_tests=False, mixin_files=None, mixin=None, verb_parser=<colcon_mixin.mixin.mixin_argument.MixinArgumentDecorator object at 0xffff9fa54350>, verb_extension=<colcon_core.verb.build.BuildVerb object at 0xffff9fbb48f0>, main=<bound method BuildVerb.main of <colcon_core.verb.build.BuildVerb object at 0xffff9fbb48f0>>, mixin_verb=('build',))
[0.196s] Level 1:colcon.colcon_core.package_discovery:discover_packages(colcon_meta) check parameters
[0.196s] Level 1:colcon.colcon_core.package_discovery:discover_packages(recursive) check parameters
[0.197s] Level 1:colcon.colcon_core.package_discovery:discover_packages(ignore) check parameters
[0.197s] Level 1:colcon.colcon_core.package_discovery:discover_packages(path) check parameters
[0.197s] Level 1:colcon.colcon_core.package_discovery:discover_packages(colcon_meta) discover
[0.197s] Level 1:colcon.colcon_core.package_discovery:discover_packages(recursive) discover
[0.197s] INFO:colcon.colcon_core.package_discovery:Crawling recursively for packages in '/home/username/ros2_ws'
[0.197s] Level 1:colcon.colcon_core.package_identification:_identify(.) by extensions ['ignore', 'ignore_ament_install']
[0.197s] Level 1:colcon.colcon_core.package_identification:_identify(.) by extension 'ignore'
[0.197s] Level 1:colcon.colcon_core.package_identification:_identify(.) by extension 'ignore_ament_install'
[0.197s] Level 1:colcon.colcon_core.package_identification:_identify(.) by extensions ['colcon_pkg']
[0.197s] Level 1:colcon.colcon_core.package_identification:_identify(.) by extension 'colcon_pkg'
[0.197s] Level 1:colcon.colcon_core.package_identification:_identify(.) by extensions ['colcon_meta']
[0.197s] Level 1:colcon.colcon_core.package_identification:_identify(.) by extension 'colcon_meta'
[0.197s] Level 1:colcon.colcon_core.package_identification:_identify(.) by extensions ['ros']
[0.197s] Level 1:colcon.colcon_core.package_identification:_identify(.) by extension 'ros'
[0.235s] Level 1:colcon.colcon_core.package_identification:_identify(.) by extensions ['cmake', 'python']
[0.235s] Level 1:colcon.colcon_core.package_identification:_identify(.) by extension 'cmake'
[0.235s] Level 1:colcon.colcon_core.package_identification:_identify(.) by extension 'python'
[0.235s] Level 1:colcon.colcon_core.package_identification:_identify(.) by extensions ['python_setup_py']
[0.235s] Level 1:colcon.colcon_core.package_identification:_identify(.) by extension 'python_setup_py'
[0.235s] Level 1:colcon.colcon_core.package_identification:_identify(build) by extensions ['ignore', 'ignore_ament_install']
[0.235s] Level 1:colcon.colcon_core.package_identification:_identify(build) by extension 'ignore'
[0.235s] Level 1:colcon.colcon_core.package_identification:_identify(build) ignored
[0.235s] Level 1:colcon.colcon_core.package_identification:_identify(install) by extensions ['ignore', 'ignore_ament_install']
[0.235s] Level 1:colcon.colcon_core.package_identification:_identify(install) by extension 'ignore'
[0.236s] Level 1:colcon.colcon_core.package_identification:_identify(install) ignored
[0.236s] Level 1:colcon.colcon_core.package_identification:_identify(log) by extensions ['ignore', 'ignore_ament_install']
[0.236s] Level 1:colcon.colcon_core.package_identification:_identify(log) by extension 'ignore'
[0.236s] Level 1:colcon.colcon_core.package_identification:_identify(log) ignored
[0.236s] Level 1:colcon.colcon_core.package_identification:_identify(src) by extensions ['ignore', 'ignore_ament_install']
[0.236s] Level 1:colcon.colcon_core.package_identification:_identify(src) by extension 'ignore'
[0.236s] Level 1:colcon.colcon_core.package_identification:_identify(src) by extension 'ignore_ament_install'
[0.236s] Level 1:colcon.colcon_core.package_identification:_identify(src) by extensions ['colcon_pkg']
[0.236s] Level 1:colcon.colcon_core.package_identification:_identify(src) by extension 'colcon_pkg'
[0.236s] Level 1:colcon.colcon_core.package_identification:_identify(src) by extensions ['colcon_meta']
[0.236s] Level 1:colcon.colcon_core.package_identification:_identify(src) by extension 'colcon_meta'
[0.236s] Level 1:colcon.colcon_core.package_identification:_identify(src) by extensions ['ros']
[0.236s] Level 1:colcon.colcon_core.package_identification:_identify(src) by extension 'ros'
[0.236s] Level 1:colcon.colcon_core.package_identification:_identify(src) by extensions ['cmake', 'python']
[0.236s] Level 1:colcon.colcon_core.package_identification:_identify(src) by extension 'cmake'
[0.236s] Level 1:colcon.colcon_core.package_identification:_identify(src) by extension 'python'
[0.236s] Level 1:colcon.colcon_core.package_identification:_identify(src) by extensions ['python_setup_py']
[0.236s] Level 1:colcon.colcon_core.package_identification:_identify(src) by extension 'python_setup_py'
[0.237s] Level 1:colcon.colcon_core.package_identification:_identify(src/build) by extensions ['ignore', 'ignore_ament_install']
[0.237s] Level 1:colcon.colcon_core.package_identification:_identify(src/build) by extension 'ignore'
[0.237s] Level 1:colcon.colcon_core.package_identification:_identify(src/build) ignored
[0.237s] Level 1:colcon.colcon_core.package_identification:_identify(src/img_capture) by extensions ['ignore', 'ignore_ament_install']
[0.237s] Level 1:colcon.colcon_core.package_identification:_identify(src/img_capture) by extension 'ignore'
[0.237s] Level 1:colcon.colcon_core.package_identification:_identify(src/img_capture) by extension 'ignore_ament_install'
[0.237s] Level 1:colcon.colcon_core.package_identification:_identify(src/img_capture) by extensions ['colcon_pkg']
[0.237s] Level 1:colcon.colcon_core.package_identification:_identify(src/img_capture) by extension 'colcon_pkg'
[0.237s] Level 1:colcon.colcon_core.package_identification:_identify(src/img_capture) by extensions ['colcon_meta']
[0.237s] Level 1:colcon.colcon_core.package_identification:_identify(src/img_capture) by extension 'colcon_meta'
[0.237s] Level 1:colcon.colcon_core.package_identification:_identify(src/img_capture) by extensions ['ros']
[0.237s] Level 1:colcon.colcon_core.package_identification:_identify(src/img_capture) by extension 'ros'
[0.240s] DEBUG:colcon.colcon_core.package_identification:Package 'src/img_capture' with type 'ros.ament_cmake' and name 'img_capture'
[0.241s] Level 1:colcon.colcon_core.package_identification:_identify(src/install) by extensions ['ignore', 'ignore_ament_install']
[0.241s] Level 1:colcon.colcon_core.package_identification:_identify(src/install) by extension 'ignore'
[0.241s] Level 1:colcon.colcon_core.package_identification:_identify(src/install) ignored
[0.241s] Level 1:colcon.colcon_core.package_identification:_identify(src/log) by extensions ['ignore', 'ignore_ament_install']
[0.241s] Level 1:colcon.colcon_core.package_identification:_identify(src/log) by extension 'ignore'
[0.241s] Level 1:colcon.colcon_core.package_identification:_identify(src/log) ignored
[0.241s] Level 1:colcon.colcon_core.package_identification:_identify(src/low_alt) by extensions ['ignore', 'ignore_ament_install']
[0.241s] Level 1:colcon.colcon_core.package_identification:_identify(src/low_alt) by extension 'ignore'
[0.241s] Level 1:colcon.colcon_core.package_identification:_identify(src/low_alt) by extension 'ignore_ament_install'
[0.241s] Level 1:colcon.colcon_core.package_identification:_identify(src/low_alt) by extensions ['colcon_pkg']
[0.241s] Level 1:colcon.colcon_core.package_identification:_identify(src/low_alt) by extension 'colcon_pkg'
[0.241s] Level 1:colcon.colcon_core.package_identification:_identify(src/low_alt) by extensions ['colcon_meta']
[0.241s] Level 1:colcon.colcon_core.package_identification:_identify(src/low_alt) by extension 'colcon_meta'
[0.241s] Level 1:colcon.colcon_core.package_identification:_identify(src/low_alt) by extensions ['ros']
[0.241s] Level 1:colcon.colcon_core.package_identification:_identify(src/low_alt) by extension 'ros'
[0.242s] DEBUG:colcon.colcon_core.package_identification:Package 'src/low_alt' with type 'ros.ament_cmake' and name 'low_alt'
[0.242s] Level 1:colcon.colcon_core.package_identification:_identify(src/odometry_pkg) by extensions ['ignore', 'ignore_ament_install']
[0.242s] Level 1:colcon.colcon_core.package_identification:_identify(src/odometry_pkg) by extension 'ignore'
[0.242s] Level 1:colcon.colcon_core.package_identification:_identify(src/odometry_pkg) by extension 'ignore_ament_install'
[0.243s] Level 1:colcon.colcon_core.package_identification:_identify(src/odometry_pkg) by extensions ['colcon_pkg']
[0.243s] Level 1:colcon.colcon_core.package_identification:_identify(src/odometry_pkg) by extension 'colcon_pkg'
[0.243s] Level 1:colcon.colcon_core.package_identification:_identify(src/odometry_pkg) by extensions ['colcon_meta']
[0.243s] Level 1:colcon.colcon_core.package_identification:_identify(src/odometry_pkg) by extension 'colcon_meta'
[0.243s] Level 1:colcon.colcon_core.package_identification:_identify(src/odometry_pkg) by extensions ['ros']
[0.243s] Level 1:colcon.colcon_core.package_identification:_identify(src/odometry_pkg) by extension 'ros'
[0.243s] DEBUG:colcon.colcon_core.package_identification:Package 'src/odometry_pkg' with type 'ros.ament_python' and name 'odometry_pkg'
[0.243s] Level 1:colcon.colcon_core.package_identification:_identify(src/px4_msgs) by extensions ['ignore', 'ignore_ament_install']
[0.244s] Level 1:colcon.colcon_core.package_identification:_identify(src/px4_msgs) by extension 'ignore'
[0.244s] Level 1:colcon.colcon_core.package_identification:_identify(src/px4_msgs) by extension 'ignore_ament_install'
[0.244s] Level 1:colcon.colcon_core.package_identification:_identify(src/px4_msgs) by extensions ['colcon_pkg']
[0.244s] Level 1:colcon.colcon_core.package_identification:_identify(src/px4_msgs) by extension 'colcon_pkg'
[0.244s] Level 1:colcon.colcon_core.package_identification:_identify(src/px4_msgs) by extensions ['colcon_meta']
[0.244s] Level 1:colcon.colcon_core.package_identification:_identify(src/px4_msgs) by extension 'colcon_meta'
[0.244s] Level 1:colcon.colcon_core.package_identification:_identify(src/px4_msgs) by extensions ['ros']
[0.244s] Level 1:colcon.colcon_core.package_identification:_identify(src/px4_msgs) by extension 'ros'
[0.245s] DEBUG:colcon.colcon_core.package_identification:Package 'src/px4_msgs' with type 'ros.ament_cmake' and name 'px4_msgs'
[0.245s] Level 1:colcon.colcon_core.package_identification:_identify(src/px4_ros_com) by extensions ['ignore', 'ignore_ament_install']
[0.245s] Level 1:colcon.colcon_core.package_identification:_identify(src/px4_ros_com) by extension 'ignore'
[0.245s] Level 1:colcon.colcon_core.package_identification:_identify(src/px4_ros_com) by extension 'ignore_ament_install'
[0.245s] Level 1:colcon.colcon_core.package_identification:_identify(src/px4_ros_com) by extensions ['colcon_pkg']
[0.245s] Level 1:colcon.colcon_core.package_identification:_identify(src/px4_ros_com) by extension 'colcon_pkg'
[0.245s] Level 1:colcon.colcon_core.package_identification:_identify(src/px4_ros_com) by extensions ['colcon_meta']
[0.245s] Level 1:colcon.colcon_core.package_identification:_identify(src/px4_ros_com) by extension 'colcon_meta'
[0.245s] Level 1:colcon.colcon_core.package_identification:_identify(src/px4_ros_com) by extensions ['ros']
[0.245s] Level 1:colcon.colcon_core.package_identification:_identify(src/px4_ros_com) by extension 'ros'
[0.246s] DEBUG:colcon.colcon_core.package_identification:Package 'src/px4_ros_com' with type 'ros.ament_cmake' and name 'px4_ros_com'
[0.246s] Level 1:colcon.colcon_core.package_discovery:discover_packages(recursive) using defaults
[0.246s] Level 1:colcon.colcon_core.package_discovery:discover_packages(ignore) discover
[0.246s] Level 1:colcon.colcon_core.package_discovery:discover_packages(ignore) using defaults
[0.246s] Level 1:colcon.colcon_core.package_discovery:discover_packages(path) discover
[0.246s] Level 1:colcon.colcon_core.package_discovery:discover_packages(path) using defaults
[0.271s] Level 1:colcon.colcon_core.package_discovery:discover_packages(prefix_path) check parameters
[0.271s] Level 1:colcon.colcon_core.package_discovery:discover_packages(prefix_path) discover
[0.273s] DEBUG:colcon.colcon_installed_package_information.package_discovery:Found 4 installed packages in /home/username/ros2_ws/install
[0.274s] DEBUG:colcon.colcon_installed_package_information.package_discovery:Found 4 installed packages in /home/username/ros2_ws/src/install
[0.276s] DEBUG:colcon.colcon_installed_package_information.package_discovery:Found 192 installed packages in /opt/ros/jazzy
[0.276s] Level 1:colcon.colcon_core.package_discovery:discover_packages(prefix_path) using defaults
[0.315s] Level 5:colcon.colcon_core.verb:set package 'img_capture' build argument 'cmake_args' from command line to 'None'
[0.315s] Level 5:colcon.colcon_core.verb:set package 'img_capture' build argument 'cmake_target' from command line to 'None'
[0.315s] Level 5:colcon.colcon_core.verb:set package 'img_capture' build argument 'cmake_target_skip_unavailable' from command line to 'False'
[0.315s] Level 5:colcon.colcon_core.verb:set package 'img_capture' build argument 'cmake_clean_cache' from command line to 'False'
[0.315s] Level 5:colcon.colcon_core.verb:set package 'img_capture' build argument 'cmake_clean_first' from command line to 'False'
[0.315s] Level 5:colcon.colcon_core.verb:set package 'img_capture' build argument 'cmake_force_configure' from command line to 'False'
[0.315s] Level 5:colcon.colcon_core.verb:set package 'img_capture' build argument 'ament_cmake_args' from command line to 'None'
[0.315s] Level 5:colcon.colcon_core.verb:set package 'img_capture' build argument 'catkin_cmake_args' from command line to 'None'
[0.315s] Level 5:colcon.colcon_core.verb:set package 'img_capture' build argument 'catkin_skip_building_tests' from command line to 'False'
[0.315s] DEBUG:colcon.colcon_core.verb:Building package 'img_capture' with the following arguments: {'ament_cmake_args': None, 'build_base': '/home/username/ros2_ws/build/img_capture', 'catkin_cmake_args': None, 'catkin_skip_building_tests': False, 'cmake_args': None, 'cmake_clean_cache': False, 'cmake_clean_first': False, 'cmake_force_configure': False, 'cmake_target': None, 'cmake_target_skip_unavailable': False, 'install_base': '/home/username/ros2_ws/install/img_capture', 'merge_install': False, 'path': '/home/username/ros2_ws/src/img_capture', 'symlink_install': False, 'test_result_base': None}
[0.315s] Level 5:colcon.colcon_core.verb:set package 'low_alt' build argument 'cmake_args' from command line to 'None'
[0.315s] Level 5:colcon.colcon_core.verb:set package 'low_alt' build argument 'cmake_target' from command line to 'None'
[0.315s] Level 5:colcon.colcon_core.verb:set package 'low_alt' build argument 'cmake_target_skip_unavailable' from command line to 'False'
[0.315s] Level 5:colcon.colcon_core.verb:set package 'low_alt' build argument 'cmake_clean_cache' from command line to 'False'
[0.315s] Level 5:colcon.colcon_core.verb:set package 'low_alt' build argument 'cmake_clean_first' from command line to 'False'
[0.315s] Level 5:colcon.colcon_core.verb:set package 'low_alt' build argument 'cmake_force_configure' from command line to 'False'
[0.315s] Level 5:colcon.colcon_core.verb:set package 'low_alt' build argument 'ament_cmake_args' from command line to 'None'
[0.315s] Level 5:colcon.colcon_core.verb:set package 'low_alt' build argument 'catkin_cmake_args' from command line to 'None'
[0.315s] Level 5:colcon.colcon_core.verb:set package 'low_alt' build argument 'catkin_skip_building_tests' from command line to 'False'
[0.316s] DEBUG:colcon.colcon_core.verb:Building package 'low_alt' with the following arguments: {'ament_cmake_args': None, 'build_base': '/home/username/ros2_ws/build/low_alt', 'catkin_cmake_args': None, 'catkin_skip_building_tests': False, 'cmake_args': None, 'cmake_clean_cache': False, 'cmake_clean_first': False, 'cmake_force_configure': False, 'cmake_target': None, 'cmake_target_skip_unavailable': False, 'install_base': '/home/username/ros2_ws/install/low_alt', 'merge_install': False, 'path': '/home/username/ros2_ws/src/low_alt', 'symlink_install': False, 'test_result_base': None}
[0.316s] Level 5:colcon.colcon_core.verb:set package 'px4_msgs' build argument 'cmake_args' from command line to 'None'
[0.316s] Level 5:colcon.colcon_core.verb:set package 'px4_msgs' build argument 'cmake_target' from command line to 'None'
[0.316s] Level 5:colcon.colcon_core.verb:set package 'px4_msgs' build argument 'cmake_target_skip_unavailable' from command line to 'False'
[0.316s] Level 5:colcon.colcon_core.verb:set package 'px4_msgs' build argument 'cmake_clean_cache' from command line to 'False'
[0.316s] Level 5:colcon.colcon_core.verb:set package 'px4_msgs' build argument 'cmake_clean_first' from command line to 'False'
[0.316s] Level 5:colcon.colcon_core.verb:set package 'px4_msgs' build argument 'cmake_force_configure' from command line to 'False'
[0.316s] Level 5:colcon.colcon_core.verb:set package 'px4_msgs' build argument 'ament_cmake_args' from command line to 'None'
[0.316s] Level 5:colcon.colcon_core.verb:set package 'px4_msgs' build argument 'catkin_cmake_args' from command line to 'None'
[0.316s] Level 5:colcon.colcon_core.verb:set package 'px4_msgs' build argument 'catkin_skip_building_tests' from command line to 'False'
[0.316s] DEBUG:colcon.colcon_core.verb:Building package 'px4_msgs' with the following arguments: {'ament_cmake_args': None, 'build_base': '/home/username/ros2_ws/build/px4_msgs', 'catkin_cmake_args': None, 'catkin_skip_building_tests': False, 'cmake_args': None, 'cmake_clean_cache': False, 'cmake_clean_first': False, 'cmake_force_configure': False, 'cmake_target': None, 'cmake_target_skip_unavailable': False, 'install_base': '/home/username/ros2_ws/install/px4_msgs', 'merge_install': False, 'path': '/home/username/ros2_ws/src/px4_msgs', 'symlink_install': False, 'test_result_base': None}
[0.316s] Level 5:colcon.colcon_core.verb:set package 'px4_ros_com' build argument 'cmake_args' from command line to 'None'
[0.316s] Level 5:colcon.colcon_core.verb:set package 'px4_ros_com' build argument 'cmake_target' from command line to 'None'
[0.316s] Level 5:colcon.colcon_core.verb:set package 'px4_ros_com' build argument 'cmake_target_skip_unavailable' from command line to 'False'
[0.316s] Level 5:colcon.colcon_core.verb:set package 'px4_ros_com' build argument 'cmake_clean_cache' from command line to 'False'
[0.316s] Level 5:colcon.colcon_core.verb:set package 'px4_ros_com' build argument 'cmake_clean_first' from command line to 'False'
[0.316s] Level 5:colcon.colcon_core.verb:set package 'px4_ros_com' build argument 'cmake_force_configure' from command line to 'False'
[0.316s] Level 5:colcon.colcon_core.verb:set package 'px4_ros_com' build argument 'ament_cmake_args' from command line to 'None'
[0.316s] Level 5:colcon.colcon_core.verb:set package 'px4_ros_com' build argument 'catkin_cmake_args' from command line to 'None'
[0.316s] Level 5:colcon.colcon_core.verb:set package 'px4_ros_com' build argument 'catkin_skip_building_tests' from command line to 'False'
[0.317s] DEBUG:colcon.colcon_core.verb:Building package 'px4_ros_com' with the following arguments: {'ament_cmake_args': None, 'build_base': '/home/username/ros2_ws/build/px4_ros_com', 'catkin_cmake_args': None, 'catkin_skip_building_tests': False, 'cmake_args': None, 'cmake_clean_cache': False, 'cmake_clean_first': False, 'cmake_force_configure': False, 'cmake_target': None, 'cmake_target_skip_unavailable': False, 'install_base': '/home/username/ros2_ws/install/px4_ros_com', 'merge_install': False, 'path': '/home/username/ros2_ws/src/px4_ros_com', 'symlink_install': False, 'test_result_base': None}
[0.317s] Level 5:colcon.colcon_core.verb:set package 'odometry_pkg' build argument 'cmake_args' from command line to 'None'
[0.317s] Level 5:colcon.colcon_core.verb:set package 'odometry_pkg' build argument 'cmake_target' from command line to 'None'
[0.317s] Level 5:colcon.colcon_core.verb:set package 'odometry_pkg' build argument 'cmake_target_skip_unavailable' from command line to 'False'
[0.317s] Level 5:colcon.colcon_core.verb:set package 'odometry_pkg' build argument 'cmake_clean_cache' from command line to 'False'
[0.317s] Level 5:colcon.colcon_core.verb:set package 'odometry_pkg' build argument 'cmake_clean_first' from command line to 'False'
[0.317s] Level 5:colcon.colcon_core.verb:set package 'odometry_pkg' build argument 'cmake_force_configure' from command line to 'False'
[0.317s] Level 5:colcon.colcon_core.verb:set package 'odometry_pkg' build argument 'ament_cmake_args' from command line to 'None'
[0.317s] Level 5:colcon.colcon_core.verb:set package 'odometry_pkg' build argument 'catkin_cmake_args' from command line to 'None'
[0.317s] Level 5:colcon.colcon_core.verb:set package 'odometry_pkg' build argument 'catkin_skip_building_tests' from command line to 'False'
[0.317s] DEBUG:colcon.colcon_core.verb:Building package 'odometry_pkg' with the following arguments: {'ament_cmake_args': None, 'build_base': '/home/username/ros2_ws/build/odometry_pkg', 'catkin_cmake_args': None, 'catkin_skip_building_tests': False, 'cmake_args': None, 'cmake_clean_cache': False, 'cmake_clean_first': False, 'cmake_force_configure': False, 'cmake_target': None, 'cmake_target_skip_unavailable': False, 'install_base': '/home/username/ros2_ws/install/odometry_pkg', 'merge_install': False, 'path': '/home/username/ros2_ws/src/odometry_pkg', 'symlink_install': False, 'test_result_base': None}
[0.317s] INFO:colcon.colcon_core.executor:Executing jobs using 'parallel' executor
[0.318s] DEBUG:colcon.colcon_parallel_executor.executor.parallel:run_until_complete
[0.319s] INFO:colcon.colcon_ros.task.ament_cmake.build:Building ROS package in '/home/username/ros2_ws/src/px4_msgs' with build type 'ament_cmake'
[0.319s] INFO:colcon.colcon_cmake.task.cmake.build:Building CMake package in '/home/username/ros2_ws/src/px4_msgs'
[0.323s] INFO:colcon.colcon_core.plugin_system:Skipping extension 'colcon_core.shell.bat': Not used on non-Windows systems
[0.324s] INFO:colcon.colcon_core.shell:Skip shell extension 'powershell' for command environment: Not usable outside of PowerShell
[0.324s] DEBUG:colcon.colcon_core.shell:Skip shell extension 'dsv' for command environment
[0.328s] INFO:colcon.colcon_ros.task.ament_cmake.build:Building ROS package in '/home/username/ros2_ws/src/img_capture' with build type 'ament_cmake'
[0.329s] INFO:colcon.colcon_cmake.task.cmake.build:Building CMake package in '/home/username/ros2_ws/src/img_capture'
[0.329s] INFO:colcon.colcon_core.shell:Skip shell extension 'powershell' for command environment: Not usable outside of PowerShell
[0.329s] DEBUG:colcon.colcon_core.shell:Skip shell extension 'dsv' for command environment
[0.351s] INFO:colcon.colcon_ros.task.ament_cmake.build:Building ROS package in '/home/username/ros2_ws/src/low_alt' with build type 'ament_cmake'
[0.351s] INFO:colcon.colcon_cmake.task.cmake.build:Building CMake package in '/home/username/ros2_ws/src/low_alt'
[0.352s] INFO:colcon.colcon_core.shell:Skip shell extension 'powershell' for command environment: Not usable outside of PowerShell
[0.352s] DEBUG:colcon.colcon_core.shell:Skip shell extension 'dsv' for command environment
[0.424s] DEBUG:colcon.colcon_core.event_handler.log_command:Invoking command in '/home/username/ros2_ws/build/px4_msgs': CMAKE_PREFIX_PATH=${CMAKE_PREFIX_PATH}:/opt/ros/jazzy /usr/bin/cmake --build /home/username/ros2_ws/build/px4_msgs
[0.458s] DEBUG:colcon.colcon_core.event_handler.log_command:Invoking command in '/home/username/ros2_ws/build/img_capture': CMAKE_PREFIX_PATH=${CMAKE_PREFIX_PATH}:/opt/ros/jazzy /usr/bin/cmake --build /home/username/ros2_ws/build/img_capture
[0.493s] DEBUG:colcon.colcon_core.event_handler.log_command:Invoking command in '/home/username/ros2_ws/build/low_alt': CMAKE_PREFIX_PATH=${CMAKE_PREFIX_PATH}:/opt/ros/jazzy /usr/bin/cmake --build /home/username/ros2_ws/build/low_alt
[0.585s] DEBUG:colcon.colcon_core.event_handler.log_command:Invoked command in '/home/username/ros2_ws/build/img_capture' returned '0': CMAKE_PREFIX_PATH=${CMAKE_PREFIX_PATH}:/opt/ros/jazzy /usr/bin/cmake --build /home/username/ros2_ws/build/img_capture
[0.604s] DEBUG:colcon.colcon_core.event_handler.log_command:Invoking command in '/home/username/ros2_ws/build/img_capture': CMAKE_PREFIX_PATH=${CMAKE_PREFIX_PATH}:/opt/ros/jazzy /usr/bin/cmake --install /home/username/ros2_ws/build/img_capture
[0.625s] DEBUG:colcon.colcon_core.event_handler.log_command:Invoked command in '/home/username/ros2_ws/build/low_alt' returned '0': CMAKE_PREFIX_PATH=${CMAKE_PREFIX_PATH}:/opt/ros/jazzy /usr/bin/cmake --build /home/username/ros2_ws/build/low_alt
[0.627s] DEBUG:colcon.colcon_core.event_handler.log_command:Invoking command in '/home/username/ros2_ws/build/low_alt': CMAKE_PREFIX_PATH=${CMAKE_PREFIX_PATH}:/opt/ros/jazzy /usr/bin/cmake --install /home/username/ros2_ws/build/low_alt
[0.628s] Level 1:colcon.colcon_core.environment:create_environment_scripts_only(img_capture)
[0.629s] DEBUG:colcon.colcon_core.event_handler.log_command:Invoked command in '/home/username/ros2_ws/build/img_capture' returned '0': CMAKE_PREFIX_PATH=${CMAKE_PREFIX_PATH}:/opt/ros/jazzy /usr/bin/cmake --install /home/username/ros2_ws/build/img_capture
[0.632s] Level 1:colcon.colcon_core.environment:checking '/home/username/ros2_ws/install/img_capture' for CMake module files
[0.633s] Level 1:colcon.colcon_core.environment:checking '/home/username/ros2_ws/install/img_capture' for CMake config files
[0.633s] Level 1:colcon.colcon_core.shell:create_environment_hook('img_capture', 'cmake_prefix_path')
[0.634s] INFO:colcon.colcon_core.shell:Creating environment hook '/home/username/ros2_ws/install/img_capture/share/img_capture/hook/cmake_prefix_path.ps1'
[0.653s] INFO:colcon.colcon_core.shell:Creating environment descriptor '/home/username/ros2_ws/install/img_capture/share/img_capture/hook/cmake_prefix_path.dsv'
[0.660s] INFO:colcon.colcon_core.shell:Creating environment hook '/home/username/ros2_ws/install/img_capture/share/img_capture/hook/cmake_prefix_path.sh'
[0.669s] Level 1:colcon.colcon_core.environment:checking '/home/username/ros2_ws/install/img_capture/lib'
[0.670s] Level 1:colcon.colcon_core.environment:checking '/home/username/ros2_ws/install/img_capture/bin'
[0.670s] Level 1:colcon.colcon_core.environment:checking '/home/username/ros2_ws/install/img_capture/lib/pkgconfig/img_capture.pc'
[0.670s] Level 1:colcon.colcon_core.environment:checking '/home/username/ros2_ws/install/img_capture/lib/python3.12/site-packages'
[0.670s] Level 1:colcon.colcon_core.environment:checking '/home/username/ros2_ws/install/img_capture/bin'
[0.671s] INFO:colcon.colcon_core.shell:Creating package script '/home/username/ros2_ws/install/img_capture/share/img_capture/package.ps1'
[0.672s] INFO:colcon.colcon_core.shell:Creating package descriptor '/home/username/ros2_ws/install/img_capture/share/img_capture/package.dsv'
[0.672s] INFO:colcon.colcon_core.shell:Creating package script '/home/username/ros2_ws/install/img_capture/share/img_capture/package.sh'
[0.673s] INFO:colcon.colcon_core.shell:Creating package script '/home/username/ros2_ws/install/img_capture/share/img_capture/package.bash'
[0.674s] INFO:colcon.colcon_core.shell:Creating package script '/home/username/ros2_ws/install/img_capture/share/img_capture/package.zsh'
[0.674s] Level 1:colcon.colcon_core.environment:create_file_with_runtime_dependencies(/home/username/ros2_ws/install/img_capture/share/colcon-core/packages/img_capture)
[0.675s] Level 1:colcon.colcon_core.environment:create_environment_scripts_only(img_capture)
[0.675s] Level 1:colcon.colcon_core.environment:checking '/home/username/ros2_ws/install/img_capture' for CMake module files
[0.676s] Level 1:colcon.colcon_core.environment:checking '/home/username/ros2_ws/install/img_capture' for CMake config files
[0.676s] Level 1:colcon.colcon_core.shell:create_environment_hook('img_capture', 'cmake_prefix_path')
[0.677s] INFO:colcon.colcon_core.shell:Creating environment hook '/home/username/ros2_ws/install/img_capture/share/img_capture/hook/cmake_prefix_path.ps1'
[0.677s] INFO:colcon.colcon_core.shell:Creating environment descriptor '/home/username/ros2_ws/install/img_capture/share/img_capture/hook/cmake_prefix_path.dsv'
[0.698s] INFO:colcon.colcon_core.shell:Creating environment hook '/home/username/ros2_ws/install/img_capture/share/img_capture/hook/cmake_prefix_path.sh'
[0.706s] Level 1:colcon.colcon_core.environment:checking '/home/username/ros2_ws/install/img_capture/lib'
[0.706s] Level 1:colcon.colcon_core.environment:checking '/home/username/ros2_ws/install/img_capture/bin'
[0.706s] Level 1:colcon.colcon_core.environment:checking '/home/username/ros2_ws/install/img_capture/lib/pkgconfig/img_capture.pc'
[0.706s] Level 1:colcon.colcon_core.environment:checking '/home/username/ros2_ws/install/img_capture/lib/python3.12/site-packages'
[0.707s] Level 1:colcon.colcon_core.environment:checking '/home/username/ros2_ws/install/img_capture/bin'
[0.707s] INFO:colcon.colcon_core.shell:Creating package script '/home/username/ros2_ws/install/img_capture/share/img_capture/package.ps1'
[0.715s] INFO:colcon.colcon_core.shell:Creating package descriptor '/home/username/ros2_ws/install/img_capture/share/img_capture/package.dsv'
[0.726s] INFO:colcon.colcon_core.shell:Creating package script '/home/username/ros2_ws/install/img_capture/share/img_capture/package.sh'
[0.727s] INFO:colcon.colcon_core.shell:Creating package script '/home/username/ros2_ws/install/img_capture/share/img_capture/package.bash'
[0.727s] INFO:colcon.colcon_core.shell:Creating package script '/home/username/ros2_ws/install/img_capture/share/img_capture/package.zsh'
[0.728s] Level 1:colcon.colcon_core.environment:create_file_with_runtime_dependencies(/home/username/ros2_ws/install/img_capture/share/colcon-core/packages/img_capture)
[0.729s] Level 1:colcon.colcon_core.environment:create_environment_scripts_only(low_alt)
[0.730s] Level 1:colcon.colcon_core.environment:checking '/home/username/ros2_ws/install/low_alt' for CMake module files
[0.730s] DEBUG:colcon.colcon_core.event_handler.log_command:Invoked command in '/home/username/ros2_ws/build/low_alt' returned '0': CMAKE_PREFIX_PATH=${CMAKE_PREFIX_PATH}:/opt/ros/jazzy /usr/bin/cmake --install /home/username/ros2_ws/build/low_alt
[0.731s] Level 1:colcon.colcon_core.environment:checking '/home/username/ros2_ws/install/low_alt' for CMake config files
[0.731s] Level 1:colcon.colcon_core.shell:create_environment_hook('low_alt', 'cmake_prefix_path')
[0.731s] INFO:colcon.colcon_core.shell:Creating environment hook '/home/username/ros2_ws/install/low_alt/share/low_alt/hook/cmake_prefix_path.ps1'
[0.732s] INFO:colcon.colcon_core.shell:Creating environment descriptor '/home/username/ros2_ws/install/low_alt/share/low_alt/hook/cmake_prefix_path.dsv'
[0.733s] INFO:colcon.colcon_core.shell:Creating environment hook '/home/username/ros2_ws/install/low_alt/share/low_alt/hook/cmake_prefix_path.sh'
[0.733s] Level 1:colcon.colcon_core.environment:checking '/home/username/ros2_ws/install/low_alt/lib'
[0.734s] Level 1:colcon.colcon_core.environment:checking '/home/username/ros2_ws/install/low_alt/bin'
[0.734s] Level 1:colcon.colcon_core.environment:checking '/home/username/ros2_ws/install/low_alt/lib/pkgconfig/low_alt.pc'
[0.734s] Level 1:colcon.colcon_core.environment:checking '/home/username/ros2_ws/install/low_alt/lib/python3.12/site-packages'
[0.734s] Level 1:colcon.colcon_core.environment:checking '/home/username/ros2_ws/install/low_alt/bin'
[0.735s] INFO:colcon.colcon_core.shell:Creating package script '/home/username/ros2_ws/install/low_alt/share/low_alt/package.ps1'
[0.735s] INFO:colcon.colcon_core.shell:Creating package descriptor '/home/username/ros2_ws/install/low_alt/share/low_alt/package.dsv'
[0.736s] INFO:colcon.colcon_core.shell:Creating package script '/home/username/ros2_ws/install/low_alt/share/low_alt/package.sh'
[0.736s] INFO:colcon.colcon_core.shell:Creating package script '/home/username/ros2_ws/install/low_alt/share/low_alt/package.bash'
[0.737s] INFO:colcon.colcon_core.shell:Creating package script '/home/username/ros2_ws/install/low_alt/share/low_alt/package.zsh'
[0.737s] Level 1:colcon.colcon_core.environment:create_file_with_runtime_dependencies(/home/username/ros2_ws/install/low_alt/share/colcon-core/packages/low_alt)
[0.738s] Level 1:colcon.colcon_core.environment:create_environment_scripts_only(low_alt)
[0.738s] Level 1:colcon.colcon_core.environment:checking '/home/username/ros2_ws/install/low_alt' for CMake module files
[0.739s] Level 1:colcon.colcon_core.environment:checking '/home/username/ros2_ws/install/low_alt' for CMake config files
[0.739s] Level 1:colcon.colcon_core.shell:create_environment_hook('low_alt', 'cmake_prefix_path')
[0.739s] INFO:colcon.colcon_core.shell:Creating environment hook '/home/username/ros2_ws/install/low_alt/share/low_alt/hook/cmake_prefix_path.ps1'
[0.852s] INFO:colcon.colcon_core.shell:Creating environment descriptor '/home/username/ros2_ws/install/low_alt/share/low_alt/hook/cmake_prefix_path.dsv'
[0.865s] INFO:colcon.colcon_core.shell:Creating environment hook '/home/username/ros2_ws/install/low_alt/share/low_alt/hook/cmake_prefix_path.sh'
[0.895s] Level 1:colcon.colcon_core.environment:checking '/home/username/ros2_ws/install/low_alt/lib'
[0.896s] Level 1:colcon.colcon_core.environment:checking '/home/username/ros2_ws/install/low_alt/bin'
[0.896s] Level 1:colcon.colcon_core.environment:checking '/home/username/ros2_ws/install/low_alt/lib/pkgconfig/low_alt.pc'
[0.896s] Level 1:colcon.colcon_core.environment:checking '/home/username/ros2_ws/install/low_alt/lib/python3.12/site-packages'
[0.896s] Level 1:colcon.colcon_core.environment:checking '/home/username/ros2_ws/install/low_alt/bin'
[0.897s] INFO:colcon.colcon_core.shell:Creating package script '/home/username/ros2_ws/install/low_alt/share/low_alt/package.ps1'
[0.906s] INFO:colcon.colcon_core.shell:Creating package descriptor '/home/username/ros2_ws/install/low_alt/share/low_alt/package.dsv'
[0.937s] INFO:colcon.colcon_core.shell:Creating package script '/home/username/ros2_ws/install/low_alt/share/low_alt/package.sh'
[0.948s] INFO:colcon.colcon_core.shell:Creating package script '/home/username/ros2_ws/install/low_alt/share/low_alt/package.bash'
[0.959s] INFO:colcon.colcon_core.shell:Creating package script '/home/username/ros2_ws/install/low_alt/share/low_alt/package.zsh'
[0.993s] Level 1:colcon.colcon_core.environment:create_file_with_runtime_dependencies(/home/username/ros2_ws/install/low_alt/share/colcon-core/packages/low_alt)
[4.426s] DEBUG:colcon.colcon_core.event_handler.log_command:Invoked command in '/home/username/ros2_ws/build/px4_msgs' returned '0': CMAKE_PREFIX_PATH=${CMAKE_PREFIX_PATH}:/opt/ros/jazzy /usr/bin/cmake --build /home/username/ros2_ws/build/px4_msgs
[4.428s] DEBUG:colcon.colcon_core.event_handler.log_command:Invoking command in '/home/username/ros2_ws/build/px4_msgs': CMAKE_PREFIX_PATH=${CMAKE_PREFIX_PATH}:/opt/ros/jazzy /usr/bin/cmake --install /home/username/ros2_ws/build/px4_msgs
[5.290s] Level 1:colcon.colcon_core.environment:create_environment_scripts_only(px4_msgs)
[5.290s] Level 1:colcon.colcon_core.environment:checking '/home/username/ros2_ws/install/px4_msgs' for CMake module files
[5.291s] DEBUG:colcon.colcon_core.event_handler.log_command:Invoked command in '/home/username/ros2_ws/build/px4_msgs' returned '0': CMAKE_PREFIX_PATH=${CMAKE_PREFIX_PATH}:/opt/ros/jazzy /usr/bin/cmake --install /home/username/ros2_ws/build/px4_msgs
[5.292s] Level 1:colcon.colcon_core.environment:checking '/home/username/ros2_ws/install/px4_msgs' for CMake config files
[5.299s] Level 1:colcon.colcon_core.shell:create_environment_hook('px4_msgs', 'cmake_prefix_path')
[5.299s] INFO:colcon.colcon_core.shell:Creating environment hook '/home/username/ros2_ws/install/px4_msgs/share/px4_msgs/hook/cmake_prefix_path.ps1'
[5.324s] INFO:colcon.colcon_core.shell:Creating environment descriptor '/home/username/ros2_ws/install/px4_msgs/share/px4_msgs/hook/cmake_prefix_path.dsv'
[5.331s] INFO:colcon.colcon_core.shell:Creating environment hook '/home/username/ros2_ws/install/px4_msgs/share/px4_msgs/hook/cmake_prefix_path.sh'
[5.338s] Level 1:colcon.colcon_core.environment:checking '/home/username/ros2_ws/install/px4_msgs/lib'
[5.338s] Level 1:colcon.colcon_core.shell:create_environment_hook('px4_msgs', 'ld_library_path_lib')
[5.339s] INFO:colcon.colcon_core.shell:Creating environment hook '/home/username/ros2_ws/install/px4_msgs/share/px4_msgs/hook/ld_library_path_lib.ps1'
[5.365s] INFO:colcon.colcon_core.shell:Creating environment descriptor '/home/username/ros2_ws/install/px4_msgs/share/px4_msgs/hook/ld_library_path_lib.dsv'
[5.373s] INFO:colcon.colcon_core.shell:Creating environment hook '/home/username/ros2_ws/install/px4_msgs/share/px4_msgs/hook/ld_library_path_lib.sh'
[5.402s] Level 1:colcon.colcon_core.environment:checking '/home/username/ros2_ws/install/px4_msgs/bin'
[5.402s] Level 1:colcon.colcon_core.environment:checking '/home/username/ros2_ws/install/px4_msgs/lib/pkgconfig/px4_msgs.pc'
[5.403s] Level 1:colcon.colcon_core.environment:checking '/home/username/ros2_ws/install/px4_msgs/lib/python3.12/site-packages'
[5.403s] Level 1:colcon.colcon_core.shell:create_environment_hook('px4_msgs', 'pythonpath')
[5.404s] INFO:colcon.colcon_core.shell:Creating environment hook '/home/username/ros2_ws/install/px4_msgs/share/px4_msgs/hook/pythonpath.ps1'
[5.411s] INFO:colcon.colcon_core.shell:Creating environment descriptor '/home/username/ros2_ws/install/px4_msgs/share/px4_msgs/hook/pythonpath.dsv'
[5.420s] INFO:colcon.colcon_core.shell:Creating environment hook '/home/username/ros2_ws/install/px4_msgs/share/px4_msgs/hook/pythonpath.sh'
[5.430s] Level 1:colcon.colcon_core.environment:checking '/home/username/ros2_ws/install/px4_msgs/bin'
[5.431s] INFO:colcon.colcon_core.shell:Creating package script '/home/username/ros2_ws/install/px4_msgs/share/px4_msgs/package.ps1'
[5.440s] INFO:colcon.colcon_core.shell:Creating package descriptor '/home/username/ros2_ws/install/px4_msgs/share/px4_msgs/package.dsv'
[5.450s] INFO:colcon.colcon_core.shell:Creating package script '/home/username/ros2_ws/install/px4_msgs/share/px4_msgs/package.sh'
[5.459s] INFO:colcon.colcon_core.shell:Creating package script '/home/username/ros2_ws/install/px4_msgs/share/px4_msgs/package.bash'
[5.469s] INFO:colcon.colcon_core.shell:Creating package script '/home/username/ros2_ws/install/px4_msgs/share/px4_msgs/package.zsh'
[5.479s] Level 1:colcon.colcon_core.environment:create_file_with_runtime_dependencies(/home/username/ros2_ws/install/px4_msgs/share/colcon-core/packages/px4_msgs)
[5.510s] Level 1:colcon.colcon_core.environment:create_environment_scripts_only(px4_msgs)
[5.510s] Level 1:colcon.colcon_core.environment:checking '/home/username/ros2_ws/install/px4_msgs' for CMake module files
[5.511s] Level 1:colcon.colcon_core.environment:checking '/home/username/ros2_ws/install/px4_msgs' for CMake config files
[5.521s] Level 1:colcon.colcon_core.shell:create_environment_hook('px4_msgs', 'cmake_prefix_path')
[5.522s] INFO:colcon.colcon_core.shell:Creating environment hook '/home/username/ros2_ws/install/px4_msgs/share/px4_msgs/hook/cmake_prefix_path.ps1'
[5.522s] INFO:colcon.colcon_core.shell:Creating environment descriptor '/home/username/ros2_ws/install/px4_msgs/share/px4_msgs/hook/cmake_prefix_path.dsv'
[5.555s] INFO:colcon.colcon_core.shell:Creating environment hook '/home/username/ros2_ws/install/px4_msgs/share/px4_msgs/hook/cmake_prefix_path.sh'
[5.567s] Level 1:colcon.colcon_core.environment:checking '/home/username/ros2_ws/install/px4_msgs/lib'
[5.567s] Level 1:colcon.colcon_core.shell:create_environment_hook('px4_msgs', 'ld_library_path_lib')
[5.567s] INFO:colcon.colcon_core.shell:Creating environment hook '/home/username/ros2_ws/install/px4_msgs/share/px4_msgs/hook/ld_library_path_lib.ps1'
[5.574s] INFO:colcon.colcon_core.shell:Creating environment descriptor '/home/username/ros2_ws/install/px4_msgs/share/px4_msgs/hook/ld_library_path_lib.dsv'
[5.580s] INFO:colcon.colcon_core.shell:Creating environment hook '/home/username/ros2_ws/install/px4_msgs/share/px4_msgs/hook/ld_library_path_lib.sh'
[5.610s] Level 1:colcon.colcon_core.environment:checking '/home/username/ros2_ws/install/px4_msgs/bin'
[5.610s] Level 1:colcon.colcon_core.environment:checking '/home/username/ros2_ws/install/px4_msgs/lib/pkgconfig/px4_msgs.pc'
[5.611s] Level 1:colcon.colcon_core.environment:checking '/home/username/ros2_ws/install/px4_msgs/lib/python3.12/site-packages'
[5.611s] Level 1:colcon.colcon_core.shell:create_environment_hook('px4_msgs', 'pythonpath')
[5.611s] INFO:colcon.colcon_core.shell:Creating environment hook '/home/username/ros2_ws/install/px4_msgs/share/px4_msgs/hook/pythonpath.ps1'
[5.619s] INFO:colcon.colcon_core.shell:Creating environment descriptor '/home/username/ros2_ws/install/px4_msgs/share/px4_msgs/hook/pythonpath.dsv'
[5.629s] INFO:colcon.colcon_core.shell:Creating environment hook '/home/username/ros2_ws/install/px4_msgs/share/px4_msgs/hook/pythonpath.sh'
[5.640s] Level 1:colcon.colcon_core.environment:checking '/home/username/ros2_ws/install/px4_msgs/bin'
[5.640s] INFO:colcon.colcon_core.shell:Creating package script '/home/username/ros2_ws/install/px4_msgs/share/px4_msgs/package.ps1'
[5.649s] INFO:colcon.colcon_core.shell:Creating package descriptor '/home/username/ros2_ws/install/px4_msgs/share/px4_msgs/package.dsv'
[5.679s] INFO:colcon.colcon_core.shell:Creating package script '/home/username/ros2_ws/install/px4_msgs/share/px4_msgs/package.sh'
[5.688s] INFO:colcon.colcon_core.shell:Creating package script '/home/username/ros2_ws/install/px4_msgs/share/px4_msgs/package.bash'
[5.694s] INFO:colcon.colcon_core.shell:Creating package script '/home/username/ros2_ws/install/px4_msgs/share/px4_msgs/package.zsh'
[5.703s] Level 1:colcon.colcon_core.environment:create_file_with_runtime_dependencies(/home/username/ros2_ws/install/px4_msgs/share/colcon-core/packages/px4_msgs)
[5.728s] INFO:colcon.colcon_ros.task.ament_cmake.build:Building ROS package in '/home/username/ros2_ws/src/px4_ros_com' with build type 'ament_cmake'
[5.729s] INFO:colcon.colcon_cmake.task.cmake.build:Building CMake package in '/home/username/ros2_ws/src/px4_ros_com'
[5.729s] INFO:colcon.colcon_core.shell:Skip shell extension 'powershell' for command environment: Not usable outside of PowerShell
[5.729s] DEBUG:colcon.colcon_core.shell:Skip shell extension 'dsv' for command environment
[5.755s] DEBUG:colcon.colcon_core.event_handler.log_command:Invoking command in '/home/username/ros2_ws/build/px4_ros_com': CMAKE_PREFIX_PATH=/home/username/ros2_ws/install/px4_msgs:/home/username/ros2_ws/install/px4_ros_com:/home/username/ros2_ws/install/low_alt:/home/username/ros2_ws/install/img_capture:/home/username/ros2_ws/src/install/px4_ros_com:/home/username/ros2_ws/src/install/px4_msgs:/home/username/ros2_ws/src/install/low_alt:/home/username/ros2_ws/src/install/img_capture:/opt/ros/jazzy LD_LIBRARY_PATH=/home/username/ros2_ws/install/px4_msgs/lib:/home/username/ros2_ws/src/install/px4_ros_com/lib:/home/username/ros2_ws/src/install/px4_msgs/lib:/home/username/ros2_ws/install/px4_ros_com/lib:/opt/ros/jazzy/lib/aarch64-linux-gnu:/opt/ros/jazzy/lib:/usr/local/lib PYTHONPATH=/home/username/ros2_ws/install/px4_msgs/lib/python3.12/site-packages:/home/username/ros2_ws/src/install/px4_ros_com/lib/python3.12/site-packages:/home/username/ros2_ws/src/install/px4_msgs/lib/python3.12/site-packages:/home/username/ros2_ws/src/install/odometry_publisher/lib/python3.12/site-packages:/home/username/ros2_ws/build/odometry_publisher:/home/username/ros2_ws/build/detection:/home/username/ros2_ws/install/px4_ros_com/lib/python3.12/site-packages:/home/username/ros2_ws/install/odometry_publisher/lib/python3.12/site-packages:/home/username/ros2_ws/install/detection/lib/python3.12/site-packages:/opt/ros/jazzy/lib/python3.12/site-packages /usr/bin/cmake --build /home/username/ros2_ws/build/px4_ros_com
[6.379s] DEBUG:colcon.colcon_core.event_handler.log_command:Invoked command in '/home/username/ros2_ws/build/px4_ros_com' returned '0': CMAKE_PREFIX_PATH=/home/username/ros2_ws/install/px4_msgs:/home/username/ros2_ws/install/px4_ros_com:/home/username/ros2_ws/install/low_alt:/home/username/ros2_ws/install/img_capture:/home/username/ros2_ws/src/install/px4_ros_com:/home/username/ros2_ws/src/install/px4_msgs:/home/username/ros2_ws/src/install/low_alt:/home/username/ros2_ws/src/install/img_capture:/opt/ros/jazzy LD_LIBRARY_PATH=/home/username/ros2_ws/install/px4_msgs/lib:/home/username/ros2_ws/src/install/px4_ros_com/lib:/home/username/ros2_ws/src/install/px4_msgs/lib:/home/username/ros2_ws/install/px4_ros_com/lib:/opt/ros/jazzy/lib/aarch64-linux-gnu:/opt/ros/jazzy/lib:/usr/local/lib PYTHONPATH=/home/username/ros2_ws/install/px4_msgs/lib/python3.12/site-packages:/home/username/ros2_ws/src/install/px4_ros_com/lib/python3.12/site-packages:/home/username/ros2_ws/src/install/px4_msgs/lib/python3.12/site-packages:/home/username/ros2_ws/src/install/odometry_publisher/lib/python3.12/site-packages:/home/username/ros2_ws/build/odometry_publisher:/home/username/ros2_ws/build/detection:/home/username/ros2_ws/install/px4_ros_com/lib/python3.12/site-packages:/home/username/ros2_ws/install/odometry_publisher/lib/python3.12/site-packages:/home/username/ros2_ws/install/detection/lib/python3.12/site-packages:/opt/ros/jazzy/lib/python3.12/site-packages /usr/bin/cmake --build /home/username/ros2_ws/build/px4_ros_com
[6.381s] DEBUG:colcon.colcon_core.event_handler.log_command:Invoking command in '/home/username/ros2_ws/build/px4_ros_com': CMAKE_PREFIX_PATH=/home/username/ros2_ws/install/px4_msgs:/home/username/ros2_ws/install/px4_ros_com:/home/username/ros2_ws/install/low_alt:/home/username/ros2_ws/install/img_capture:/home/username/ros2_ws/src/install/px4_ros_com:/home/username/ros2_ws/src/install/px4_msgs:/home/username/ros2_ws/src/install/low_alt:/home/username/ros2_ws/src/install/img_capture:/opt/ros/jazzy LD_LIBRARY_PATH=/home/username/ros2_ws/install/px4_msgs/lib:/home/username/ros2_ws/src/install/px4_ros_com/lib:/home/username/ros2_ws/src/install/px4_msgs/lib:/home/username/ros2_ws/install/px4_ros_com/lib:/opt/ros/jazzy/lib/aarch64-linux-gnu:/opt/ros/jazzy/lib:/usr/local/lib PYTHONPATH=/home/username/ros2_ws/install/px4_msgs/lib/python3.12/site-packages:/home/username/ros2_ws/src/install/px4_ros_com/lib/python3.12/site-packages:/home/username/ros2_ws/src/install/px4_msgs/lib/python3.12/site-packages:/home/username/ros2_ws/src/install/odometry_publisher/lib/python3.12/site-packages:/home/username/ros2_ws/build/odometry_publisher:/home/username/ros2_ws/build/detection:/home/username/ros2_ws/install/px4_ros_com/lib/python3.12/site-packages:/home/username/ros2_ws/install/odometry_publisher/lib/python3.12/site-packages:/home/username/ros2_ws/install/detection/lib/python3.12/site-packages:/opt/ros/jazzy/lib/python3.12/site-packages /usr/bin/cmake --install /home/username/ros2_ws/build/px4_ros_com
[6.469s] Level 1:colcon.colcon_core.environment:create_environment_scripts_only(px4_ros_com)
[6.469s] Level 1:colcon.colcon_core.environment:checking '/home/username/ros2_ws/install/px4_ros_com' for CMake module files
[6.470s] DEBUG:colcon.colcon_core.event_handler.log_command:Invoked command in '/home/username/ros2_ws/build/px4_ros_com' returned '0': CMAKE_PREFIX_PATH=/home/username/ros2_ws/install/px4_msgs:/home/username/ros2_ws/install/px4_ros_com:/home/username/ros2_ws/install/low_alt:/home/username/ros2_ws/install/img_capture:/home/username/ros2_ws/src/install/px4_ros_com:/home/username/ros2_ws/src/install/px4_msgs:/home/username/ros2_ws/src/install/low_alt:/home/username/ros2_ws/src/install/img_capture:/opt/ros/jazzy LD_LIBRARY_PATH=/home/username/ros2_ws/install/px4_msgs/lib:/home/username/ros2_ws/src/install/px4_ros_com/lib:/home/username/ros2_ws/src/install/px4_msgs/lib:/home/username/ros2_ws/install/px4_ros_com/lib:/opt/ros/jazzy/lib/aarch64-linux-gnu:/opt/ros/jazzy/lib:/usr/local/lib PYTHONPATH=/home/username/ros2_ws/install/px4_msgs/lib/python3.12/site-packages:/home/username/ros2_ws/src/install/px4_ros_com/lib/python3.12/site-packages:/home/username/ros2_ws/src/install/px4_msgs/lib/python3.12/site-packages:/home/username/ros2_ws/src/install/odometry_publisher/lib/python3.12/site-packages:/home/username/ros2_ws/build/odometry_publisher:/home/username/ros2_ws/build/detection:/home/username/ros2_ws/install/px4_ros_com/lib/python3.12/site-packages:/home/username/ros2_ws/install/odometry_publisher/lib/python3.12/site-packages:/home/username/ros2_ws/install/detection/lib/python3.12/site-packages:/opt/ros/jazzy/lib/python3.12/site-packages /usr/bin/cmake --install /home/username/ros2_ws/build/px4_ros_com
[6.470s] Level 1:colcon.colcon_core.environment:checking '/home/username/ros2_ws/install/px4_ros_com' for CMake config files
[6.471s] Level 1:colcon.colcon_core.shell:create_environment_hook('px4_ros_com', 'cmake_prefix_path')
[6.471s] INFO:colcon.colcon_core.shell:Creating environment hook '/home/username/ros2_ws/install/px4_ros_com/share/px4_ros_com/hook/cmake_prefix_path.ps1'
[6.472s] INFO:colcon.colcon_core.shell:Creating environment descriptor '/home/username/ros2_ws/install/px4_ros_com/share/px4_ros_com/hook/cmake_prefix_path.dsv'
[6.473s] INFO:colcon.colcon_core.shell:Creating environment hook '/home/username/ros2_ws/install/px4_ros_com/share/px4_ros_com/hook/cmake_prefix_path.sh'
[6.474s] Level 1:colcon.colcon_core.environment:checking '/home/username/ros2_ws/install/px4_ros_com/lib'
[6.474s] Level 1:colcon.colcon_core.shell:create_environment_hook('px4_ros_com', 'ld_library_path_lib')
[6.474s] INFO:colcon.colcon_core.shell:Creating environment hook '/home/username/ros2_ws/install/px4_ros_com/share/px4_ros_com/hook/ld_library_path_lib.ps1'
[6.475s] INFO:colcon.colcon_core.shell:Creating environment descriptor '/home/username/ros2_ws/install/px4_ros_com/share/px4_ros_com/hook/ld_library_path_lib.dsv'
[6.477s] INFO:colcon.colcon_core.shell:Creating environment hook '/home/username/ros2_ws/install/px4_ros_com/share/px4_ros_com/hook/ld_library_path_lib.sh'
[6.479s] Level 1:colcon.colcon_core.environment:checking '/home/username/ros2_ws/install/px4_ros_com/bin'
[6.479s] Level 1:colcon.colcon_core.environment:checking '/home/username/ros2_ws/install/px4_ros_com/lib/pkgconfig/px4_ros_com.pc'
[6.479s] Level 1:colcon.colcon_core.environment:checking '/home/username/ros2_ws/install/px4_ros_com/lib/python3.12/site-packages'
[6.479s] Level 1:colcon.colcon_core.shell:create_environment_hook('px4_ros_com', 'pythonpath')
[6.479s] INFO:colcon.colcon_core.shell:Creating environment hook '/home/username/ros2_ws/install/px4_ros_com/share/px4_ros_com/hook/pythonpath.ps1'
[6.480s] INFO:colcon.colcon_core.shell:Creating environment descriptor '/home/username/ros2_ws/install/px4_ros_com/share/px4_ros_com/hook/pythonpath.dsv'
[6.482s] INFO:colcon.colcon_core.shell:Creating environment hook '/home/username/ros2_ws/install/px4_ros_com/share/px4_ros_com/hook/pythonpath.sh'
[6.484s] Level 1:colcon.colcon_core.environment:checking '/home/username/ros2_ws/install/px4_ros_com/bin'
[6.484s] INFO:colcon.colcon_core.shell:Creating package script '/home/username/ros2_ws/install/px4_ros_com/share/px4_ros_com/package.ps1'
[6.485s] INFO:colcon.colcon_core.shell:Creating package descriptor '/home/username/ros2_ws/install/px4_ros_com/share/px4_ros_com/package.dsv'
[6.486s] INFO:colcon.colcon_core.shell:Creating package script '/home/username/ros2_ws/install/px4_ros_com/share/px4_ros_com/package.sh'
[6.488s] INFO:colcon.colcon_core.shell:Creating package script '/home/username/ros2_ws/install/px4_ros_com/share/px4_ros_com/package.bash'
[6.489s] INFO:colcon.colcon_core.shell:Creating package script '/home/username/ros2_ws/install/px4_ros_com/share/px4_ros_com/package.zsh'
[6.490s] Level 1:colcon.colcon_core.environment:create_file_with_runtime_dependencies(/home/username/ros2_ws/install/px4_ros_com/share/colcon-core/packages/px4_ros_com)
[6.492s] Level 1:colcon.colcon_core.environment:create_environment_scripts_only(px4_ros_com)
[6.493s] Level 1:colcon.colcon_core.environment:checking '/home/username/ros2_ws/install/px4_ros_com' for CMake module files
[6.493s] Level 1:colcon.colcon_core.environment:checking '/home/username/ros2_ws/install/px4_ros_com' for CMake config files
[6.494s] Level 1:colcon.colcon_core.shell:create_environment_hook('px4_ros_com', 'cmake_prefix_path')
[6.494s] INFO:colcon.colcon_core.shell:Creating environment hook '/home/username/ros2_ws/install/px4_ros_com/share/px4_ros_com/hook/cmake_prefix_path.ps1'
[6.495s] INFO:colcon.colcon_core.shell:Creating environment descriptor '/home/username/ros2_ws/install/px4_ros_com/share/px4_ros_com/hook/cmake_prefix_path.dsv'
[6.496s] INFO:colcon.colcon_core.shell:Creating environment hook '/home/username/ros2_ws/install/px4_ros_com/share/px4_ros_com/hook/cmake_prefix_path.sh'
[6.497s] Level 1:colcon.colcon_core.environment:checking '/home/username/ros2_ws/install/px4_ros_com/lib'
[6.498s] Level 1:colcon.colcon_core.shell:create_environment_hook('px4_ros_com', 'ld_library_path_lib')
[6.498s] INFO:colcon.colcon_core.shell:Creating environment hook '/home/username/ros2_ws/install/px4_ros_com/share/px4_ros_com/hook/ld_library_path_lib.ps1'
[6.498s] INFO:colcon.colcon_core.shell:Creating environment descriptor '/home/username/ros2_ws/install/px4_ros_com/share/px4_ros_com/hook/ld_library_path_lib.dsv'
[6.499s] INFO:colcon.colcon_core.shell:Creating environment hook '/home/username/ros2_ws/install/px4_ros_com/share/px4_ros_com/hook/ld_library_path_lib.sh'
[6.500s] Level 1:colcon.colcon_core.environment:checking '/home/username/ros2_ws/install/px4_ros_com/bin'
[6.500s] Level 1:colcon.colcon_core.environment:checking '/home/username/ros2_ws/install/px4_ros_com/lib/pkgconfig/px4_ros_com.pc'
[6.501s] Level 1:colcon.colcon_core.environment:checking '/home/username/ros2_ws/install/px4_ros_com/lib/python3.12/site-packages'
[6.501s] Level 1:colcon.colcon_core.shell:create_environment_hook('px4_ros_com', 'pythonpath')
[6.501s] INFO:colcon.colcon_core.shell:Creating environment hook '/home/username/ros2_ws/install/px4_ros_com/share/px4_ros_com/hook/pythonpath.ps1'
[6.502s] INFO:colcon.colcon_core.shell:Creating environment descriptor '/home/username/ros2_ws/install/px4_ros_com/share/px4_ros_com/hook/pythonpath.dsv'
[6.503s] INFO:colcon.colcon_core.shell:Creating environment hook '/home/username/ros2_ws/install/px4_ros_com/share/px4_ros_com/hook/pythonpath.sh'
[6.504s] Level 1:colcon.colcon_core.environment:checking '/home/username/ros2_ws/install/px4_ros_com/bin'
[6.504s] INFO:colcon.colcon_core.shell:Creating package script '/home/username/ros2_ws/install/px4_ros_com/share/px4_ros_com/package.ps1'
[6.505s] INFO:colcon.colcon_core.shell:Creating package descriptor '/home/username/ros2_ws/install/px4_ros_com/share/px4_ros_com/package.dsv'
[6.506s] INFO:colcon.colcon_core.shell:Creating package script '/home/username/ros2_ws/install/px4_ros_com/share/px4_ros_com/package.sh'
[6.507s] INFO:colcon.colcon_core.shell:Creating package script '/home/username/ros2_ws/install/px4_ros_com/share/px4_ros_com/package.bash'
[6.508s] INFO:colcon.colcon_core.shell:Creating package script '/home/username/ros2_ws/install/px4_ros_com/share/px4_ros_com/package.zsh'
[6.509s] Level 1:colcon.colcon_core.environment:create_file_with_runtime_dependencies(/home/username/ros2_ws/install/px4_ros_com/share/colcon-core/packages/px4_ros_com)
[6.510s] INFO:colcon.colcon_ros.task.ament_python.build:Building ROS package in '/home/username/ros2_ws/src/odometry_pkg' with build type 'ament_python'
[6.510s] Level 1:colcon.colcon_core.shell:create_environment_hook('odometry_pkg', 'ament_prefix_path')
[6.510s] INFO:colcon.colcon_core.shell:Creating environment hook '/home/username/ros2_ws/install/odometry_pkg/share/odometry_pkg/hook/ament_prefix_path.ps1'
[6.512s] INFO:colcon.colcon_core.shell:Creating environment descriptor '/home/username/ros2_ws/install/odometry_pkg/share/odometry_pkg/hook/ament_prefix_path.dsv'
[6.512s] INFO:colcon.colcon_core.shell:Creating environment hook '/home/username/ros2_ws/install/odometry_pkg/share/odometry_pkg/hook/ament_prefix_path.sh'
[6.513s] INFO:colcon.colcon_core.shell:Skip shell extension 'powershell' for command environment: Not usable outside of PowerShell
[6.513s] DEBUG:colcon.colcon_core.shell:Skip shell extension 'dsv' for command environment
[6.830s] INFO:colcon.colcon_core.task.python.build:Building Python package in '/home/username/ros2_ws/src/odometry_pkg'
[6.830s] INFO:colcon.colcon_core.shell:Skip shell extension 'powershell' for command environment: Not usable outside of PowerShell
[6.830s] DEBUG:colcon.colcon_core.shell:Skip shell extension 'dsv' for command environment
[7.613s] DEBUG:colcon.colcon_core.event_handler.log_command:Invoking command in '/home/username/ros2_ws/src/odometry_pkg': LD_LIBRARY_PATH=/home/username/ros2_ws/install/px4_ros_com/lib:/home/username/ros2_ws/install/px4_msgs/lib:/home/username/ros2_ws/src/install/px4_ros_com/lib:/home/username/ros2_ws/src/install/px4_msgs/lib:/opt/ros/jazzy/lib/aarch64-linux-gnu:/opt/ros/jazzy/lib:/usr/local/lib PYTHONPATH=/home/username/ros2_ws/build/odometry_pkg/prefix_override:/usr/lib/python3/dist-packages/colcon_core/task/python/colcon_distutils_commands:/home/username/ros2_ws/install/odometry_pkg/lib/python3.12/site-packages:/home/username/ros2_ws/install/px4_ros_com/lib/python3.12/site-packages:/home/username/ros2_ws/install/px4_msgs/lib/python3.12/site-packages:/home/username/ros2_ws/src/install/px4_ros_com/lib/python3.12/site-packages:/home/username/ros2_ws/src/install/px4_msgs/lib/python3.12/site-packages:/home/username/ros2_ws/src/install/odometry_publisher/lib/python3.12/site-packages:/home/username/ros2_ws/build/odometry_publisher:/home/username/ros2_ws/build/detection:/home/username/ros2_ws/install/odometry_publisher/lib/python3.12/site-packages:/home/username/ros2_ws/install/detection/lib/python3.12/site-packages:/opt/ros/jazzy/lib/python3.12/site-packages /usr/bin/python3 -W ignore:setup.py install is deprecated -W ignore:easy_install command is deprecated setup.py egg_info --egg-base ../../build/odometry_pkg build --build-base /home/username/ros2_ws/build/odometry_pkg/build install --record /home/username/ros2_ws/build/odometry_pkg/install.log --single-version-externally-managed install_data
[8.386s] Level 1:colcon.colcon_core.environment:checking '/home/username/ros2_ws/install/odometry_pkg' for CMake module files
[8.387s] DEBUG:colcon.colcon_core.event_handler.log_command:Invoked command in '/home/username/ros2_ws/src/odometry_pkg' returned '0': LD_LIBRARY_PATH=/home/username/ros2_ws/install/px4_ros_com/lib:/home/username/ros2_ws/install/px4_msgs/lib:/home/username/ros2_ws/src/install/px4_ros_com/lib:/home/username/ros2_ws/src/install/px4_msgs/lib:/opt/ros/jazzy/lib/aarch64-linux-gnu:/opt/ros/jazzy/lib:/usr/local/lib PYTHONPATH=/home/username/ros2_ws/build/odometry_pkg/prefix_override:/usr/lib/python3/dist-packages/colcon_core/task/python/colcon_distutils_commands:/home/username/ros2_ws/install/odometry_pkg/lib/python3.12/site-packages:/home/username/ros2_ws/install/px4_ros_com/lib/python3.12/site-packages:/home/username/ros2_ws/install/px4_msgs/lib/python3.12/site-packages:/home/username/ros2_ws/src/install/px4_ros_com/lib/python3.12/site-packages:/home/username/ros2_ws/src/install/px4_msgs/lib/python3.12/site-packages:/home/username/ros2_ws/src/install/odometry_publisher/lib/python3.12/site-packages:/home/username/ros2_ws/build/odometry_publisher:/home/username/ros2_ws/build/detection:/home/username/ros2_ws/install/odometry_publisher/lib/python3.12/site-packages:/home/username/ros2_ws/install/detection/lib/python3.12/site-packages:/opt/ros/jazzy/lib/python3.12/site-packages /usr/bin/python3 -W ignore:setup.py install is deprecated -W ignore:easy_install command is deprecated setup.py egg_info --egg-base ../../build/odometry_pkg build --build-base /home/username/ros2_ws/build/odometry_pkg/build install --record /home/username/ros2_ws/build/odometry_pkg/install.log --single-version-externally-managed install_data
[8.387s] Level 1:colcon.colcon_core.environment:checking '/home/username/ros2_ws/install/odometry_pkg' for CMake config files
[8.388s] Level 1:colcon.colcon_core.environment:checking '/home/username/ros2_ws/install/odometry_pkg/lib'
[8.388s] Level 1:colcon.colcon_core.environment:checking '/home/username/ros2_ws/install/odometry_pkg/bin'
[8.388s] Level 1:colcon.colcon_core.environment:checking '/home/username/ros2_ws/install/odometry_pkg/lib/pkgconfig/odometry_pkg.pc'
[8.388s] Level 1:colcon.colcon_core.environment:checking '/home/username/ros2_ws/install/odometry_pkg/lib/python3.12/site-packages'
[8.388s] Level 1:colcon.colcon_core.shell:create_environment_hook('odometry_pkg', 'pythonpath')
[8.389s] INFO:colcon.colcon_core.shell:Creating environment hook '/home/username/ros2_ws/install/odometry_pkg/share/odometry_pkg/hook/pythonpath.ps1'
[8.389s] INFO:colcon.colcon_core.shell:Creating environment descriptor '/home/username/ros2_ws/install/odometry_pkg/share/odometry_pkg/hook/pythonpath.dsv'
[8.389s] INFO:colcon.colcon_core.shell:Creating environment hook '/home/username/ros2_ws/install/odometry_pkg/share/odometry_pkg/hook/pythonpath.sh'
[8.390s] Level 1:colcon.colcon_core.environment:checking '/home/username/ros2_ws/install/odometry_pkg/bin'
[8.390s] Level 1:colcon.colcon_core.environment:create_environment_scripts_only(odometry_pkg)
[8.390s] INFO:colcon.colcon_core.shell:Creating package script '/home/username/ros2_ws/install/odometry_pkg/share/odometry_pkg/package.ps1'
[8.391s] INFO:colcon.colcon_core.shell:Creating package descriptor '/home/username/ros2_ws/install/odometry_pkg/share/odometry_pkg/package.dsv'
[8.391s] INFO:colcon.colcon_core.shell:Creating package script '/home/username/ros2_ws/install/odometry_pkg/share/odometry_pkg/package.sh'
[8.392s] INFO:colcon.colcon_core.shell:Creating package script '/home/username/ros2_ws/install/odometry_pkg/share/odometry_pkg/package.bash'
[8.392s] INFO:colcon.colcon_core.shell:Creating package script '/home/username/ros2_ws/install/odometry_pkg/share/odometry_pkg/package.zsh'
[8.392s] Level 1:colcon.colcon_core.environment:create_file_with_runtime_dependencies(/home/username/ros2_ws/install/odometry_pkg/share/colcon-core/packages/odometry_pkg)
[8.393s] DEBUG:colcon.colcon_parallel_executor.executor.parallel:closing loop
[8.393s] DEBUG:colcon.colcon_parallel_executor.executor.parallel:loop closed
[8.393s] DEBUG:colcon.colcon_parallel_executor.executor.parallel:run_until_complete finished with '0'
[8.394s] DEBUG:colcon.colcon_core.event_reactor:joining thread
[8.402s] INFO:colcon.colcon_core.plugin_system:Skipping extension 'colcon_notification.desktop_notification.notify_send': Could not find 'notify-send'
[8.402s] INFO:colcon.colcon_core.plugin_system:Skipping extension 'colcon_notification.desktop_notification.terminal_notifier': Not used on non-Darwin systems
[8.402s] INFO:colcon.colcon_core.plugin_system:Skipping extension 'colcon_notification.desktop_notification.win32': Not used on non-Windows systems
[8.402s] INFO:colcon.colcon_notification.desktop_notification:Sending desktop notification using 'notify2'
[8.403s] DEBUG:colcon.colcon_notification.desktop_notification.notify2:Failed to initialize notify2: org.freedesktop.DBus.Error.ServiceUnknown: The name org.freedesktop.Notifications was not provided by any .service files
[8.403s] DEBUG:colcon.colcon_core.event_reactor:joined thread
[8.403s] INFO:colcon.colcon_core.shell:Creating prefix script '/home/username/ros2_ws/install/local_setup.ps1'
[8.405s] INFO:colcon.colcon_core.shell:Creating prefix util module '/home/username/ros2_ws/install/_local_setup_util_ps1.py'
[8.408s] INFO:colcon.colcon_core.shell:Creating prefix chain script '/home/username/ros2_ws/install/setup.ps1'
[8.410s] INFO:colcon.colcon_core.shell:Creating prefix script '/home/username/ros2_ws/install/local_setup.sh'
[8.412s] INFO:colcon.colcon_core.shell:Creating prefix util module '/home/username/ros2_ws/install/_local_setup_util_sh.py'
[8.417s] INFO:colcon.colcon_core.shell:Creating prefix chain script '/home/username/ros2_ws/install/setup.sh'
[8.421s] INFO:colcon.colcon_core.shell:Creating prefix script '/home/username/ros2_ws/install/local_setup.bash'
[8.423s] INFO:colcon.colcon_core.shell:Creating prefix chain script '/home/username/ros2_ws/install/setup.bash'
[8.425s] INFO:colcon.colcon_core.shell:Creating prefix script '/home/username/ros2_ws/install/local_setup.zsh'
[8.426s] INFO:colcon.colcon_core.shell:Creating prefix chain script '/home/username/ros2_ws/install/setup.zsh'
