[0.019s] Invoking command in '/home/username/ros2_ws/build/low_alt': CMAKE_PREFIX_PATH=/opt/ros/jazzy /usr/bin/cmake /home/username/ros2_ws/src/low_alt -DCMAKE_INSTALL_PREFIX=/home/username/ros2_ws/install/low_alt
[0.159s] -- The C compiler identification is GNU 13.3.0
[0.304s] -- The CXX compiler identification is GNU 13.3.0
[0.334s] -- Detecting C compiler ABI info
[0.541s] -- Detecting C compiler ABI info - done
[0.557s] -- Check for working C compiler: /usr/bin/cc - skipped
[0.557s] -- Detecting C compile features
[0.558s] -- Detecting C compile features - done
[0.573s] -- Detecting CXX compiler ABI info
[0.799s] -- Detecting CXX compiler ABI info - done
[0.816s] -- Check for working CXX compiler: /usr/bin/c++ - skipped
[0.816s] -- Detecting CXX compile features
[0.817s] -- Detecting CXX compile features - done
[0.821s] -- Found ament_cmake: 2.5.3 (/opt/ros/jazzy/share/ament_cmake/cmake)
[1.131s] -- Found Python3: /usr/bin/python3 (found version "3.12.3") found components: Interpreter 
[1.330s] -- Found rclcpp: 28.1.6 (/opt/ros/jazzy/share/rclcpp/cmake)
[1.370s] -- Found rosidl_generator_c: 4.6.5 (/opt/ros/jazzy/share/rosidl_generator_c/cmake)
[1.387s] -- Found rosidl_generator_cpp: 4.6.5 (/opt/ros/jazzy/share/rosidl_generator_cpp/cmake)
[1.407s] -- Using all available rosidl_typesupport_c: rosidl_typesupport_fastrtps_c;rosidl_typesupport_introspection_c
[1.431s] -- Using all available rosidl_typesupport_cpp: rosidl_typesupport_fastrtps_cpp;rosidl_typesupport_introspection_cpp
[1.532s] -- Found rmw_implementation_cmake: 7.3.1 (/opt/ros/jazzy/share/rmw_implementation_cmake/cmake)
[1.537s] -- Found rmw_fastrtps_cpp: 8.4.1 (/opt/ros/jazzy/share/rmw_fastrtps_cpp/cmake)
[1.688s] -- Found OpenSSL: /usr/lib/aarch64-linux-gnu/libcrypto.so (found version "3.0.13")  
[1.714s] -- Found FastRTPS: /opt/ros/jazzy/include (Required is at least version "2.13") 
[1.754s] -- Using RMW implementation 'rmw_fastrtps_cpp' as default
[1.852s] -- Found sensor_msgs: 5.3.5 (/opt/ros/jazzy/share/sensor_msgs/cmake)
[2.134s] -- Configuring done (2.1s)
[2.157s] -- Generating done (0.0s)
[2.164s] -- Build files have been written to: /home/username/ros2_ws/build/low_alt
[2.188s] Invoked command in '/home/username/ros2_ws/build/low_alt' returned '0': CMAKE_PREFIX_PATH=/opt/ros/jazzy /usr/bin/cmake /home/username/ros2_ws/src/low_alt -DCMAKE_INSTALL_PREFIX=/home/username/ros2_ws/install/low_alt
[2.189s] Invoking command in '/home/username/ros2_ws/build/low_alt': CMAKE_PREFIX_PATH=/opt/ros/jazzy /usr/bin/cmake --build /home/username/ros2_ws/build/low_alt
[2.290s] [ 50%] [32mBuilding CXX object CMakeFiles/seekcamera_publisher.dir/src/seekcamera_publisher.cpp.o[0m
[11.493s] [100%] [32m[1mLinking CXX executable seekcamera_publisher[0m
[12.176s] [100%] Built target seekcamera_publisher
[12.205s] Invoked command in '/home/username/ros2_ws/build/low_alt' returned '0': CMAKE_PREFIX_PATH=/opt/ros/jazzy /usr/bin/cmake --build /home/username/ros2_ws/build/low_alt
[12.231s] Invoking command in '/home/username/ros2_ws/build/low_alt': CMAKE_PREFIX_PATH=/opt/ros/jazzy /usr/bin/cmake --install /home/username/ros2_ws/build/low_alt
[12.254s] -- Install configuration: ""
[12.254s] -- Installing: /home/username/ros2_ws/install/low_alt/lib/low_alt/seekcamera_publisher
[12.259s] -- Set non-toolchain portion of runtime path of "/home/username/ros2_ws/install/low_alt/lib/low_alt/seekcamera_publisher" to ""
[12.259s] -- Installing: /home/username/ros2_ws/install/low_alt/lib/low_alt/thermal_subscriber.py
[12.259s] -- Installing: /home/username/ros2_ws/install/low_alt/share/ament_index/resource_index/package_run_dependencies/low_alt
[12.260s] -- Installing: /home/username/ros2_ws/install/low_alt/share/ament_index/resource_index/parent_prefix_path/low_alt
[12.261s] -- Installing: /home/username/ros2_ws/install/low_alt/share/low_alt/environment/ament_prefix_path.sh
[12.261s] -- Installing: /home/username/ros2_ws/install/low_alt/share/low_alt/environment/ament_prefix_path.dsv
[12.262s] -- Installing: /home/username/ros2_ws/install/low_alt/share/low_alt/environment/path.sh
[12.262s] -- Installing: /home/username/ros2_ws/install/low_alt/share/low_alt/environment/path.dsv
[12.262s] -- Installing: /home/username/ros2_ws/install/low_alt/share/low_alt/local_setup.bash
[12.263s] -- Installing: /home/username/ros2_ws/install/low_alt/share/low_alt/local_setup.sh
[12.263s] -- Installing: /home/username/ros2_ws/install/low_alt/share/low_alt/local_setup.zsh
[12.264s] -- Installing: /home/username/ros2_ws/install/low_alt/share/low_alt/local_setup.dsv
[12.264s] -- Installing: /home/username/ros2_ws/install/low_alt/share/low_alt/package.dsv
[12.265s] -- Installing: /home/username/ros2_ws/install/low_alt/share/ament_index/resource_index/packages/low_alt
[12.265s] -- Installing: /home/username/ros2_ws/install/low_alt/share/low_alt/cmake/low_altConfig.cmake
[12.265s] -- Installing: /home/username/ros2_ws/install/low_alt/share/low_alt/cmake/low_altConfig-version.cmake
[12.266s] -- Installing: /home/username/ros2_ws/install/low_alt/share/low_alt/package.xml
[12.273s] Invoked command in '/home/username/ros2_ws/build/low_alt' returned '0': CMAKE_PREFIX_PATH=/opt/ros/jazzy /usr/bin/cmake --install /home/username/ros2_ws/build/low_alt
