[0.014s] Invoking command in '/home/username/ros2_ws/build/sdk_wrap': CMAKE_PREFIX_PATH=/opt/ros/jazzy /usr/bin/cmake /home/username/ros2_ws/src/sdk_wrap -DCMAKE_INSTALL_PREFIX=/home/username/ros2_ws/install/sdk_wrap
[0.594s] -- The C compiler identification is GNU 13.3.0
[0.969s] -- The CXX compiler identification is GNU 13.3.0
[1.005s] -- Detecting C compiler ABI info
[1.173s] -- Detecting C compiler ABI info - done
[1.188s] -- Check for working C compiler: /usr/bin/cc - skipped
[1.189s] -- Detecting C compile features
[1.191s] -- Detecting C compile features - done
[1.206s] -- Detecting CXX compiler ABI info
[1.377s] -- Detecting CXX compiler ABI info - done
[1.393s] -- Check for working CXX compiler: /usr/bin/c++ - skipped
[1.394s] -- Detecting CXX compile features
[1.394s] -- Detecting CXX compile features - done
[1.398s] -- Found ament_cmake: 2.5.3 (/opt/ros/jazzy/share/ament_cmake/cmake)
[1.614s] -- Found Python3: /usr/bin/python3 (found version "3.12.3") found components: Interpreter 
[1.794s] -- Found rclcpp: 28.1.6 (/opt/ros/jazzy/share/rclcpp/cmake)
[1.865s] -- Found rosidl_generator_c: 4.6.5 (/opt/ros/jazzy/share/rosidl_generator_c/cmake)
[1.890s] -- Found rosidl_generator_cpp: 4.6.5 (/opt/ros/jazzy/share/rosidl_generator_cpp/cmake)
[1.924s] -- Using all available rosidl_typesupport_c: rosidl_typesupport_fastrtps_c;rosidl_typesupport_introspection_c
[1.959s] -- Using all available rosidl_typesupport_cpp: rosidl_typesupport_fastrtps_cpp;rosidl_typesupport_introspection_cpp
[2.102s] -- Found rmw_implementation_cmake: 7.3.1 (/opt/ros/jazzy/share/rmw_implementation_cmake/cmake)
[2.108s] -- Found rmw_fastrtps_cpp: 8.4.1 (/opt/ros/jazzy/share/rmw_fastrtps_cpp/cmake)
[2.259s] -- Found OpenSSL: /usr/lib/aarch64-linux-gnu/libcrypto.so (found version "3.0.13")  
[2.285s] -- Found FastRTPS: /opt/ros/jazzy/include (Required is at least version "2.13") 
[2.320s] -- Using RMW implementation 'rmw_fastrtps_cpp' as default
[2.522s] -- Performing Test HAS_FLTO
[3.098s] -- Performing Test HAS_FLTO - Success
[3.099s] -- Found pybind11: /usr/include (found version "2.11.1")
[3.105s] [31mCMake Error at CMakeLists.txt:20 (find_package):
[3.105s]   By not providing "Findseekcamera.cmake" in CMAKE_MODULE_PATH this project
[3.105s]   has asked CMake to find a package configuration file provided by
[3.105s]   "seekcamera", but CMake did not find one.
[3.105s] 
[3.105s]   Could not find a package configuration file provided by "seekcamera" with
[3.105s]   any of the following names:
[3.105s] 
[3.105s]     seekcameraConfig.cmake
[3.106s]     seekcamera-config.cmake
[3.106s] 
[3.106s]   Add the installation prefix of "seekcamera" to CMAKE_PREFIX_PATH or set
[3.106s]   "seekcamera_DIR" to a directory containing one of the above files.  If
[3.106s]   "seekcamera" provides a separate development package or SDK, be sure it has
[3.106s]   been installed.
[3.106s] 
[3.106s] [0m
[3.106s] -- Configuring incomplete, errors occurred!
[3.121s] Invoked command in '/home/username/ros2_ws/build/sdk_wrap' returned '1': CMAKE_PREFIX_PATH=/opt/ros/jazzy /usr/bin/cmake /home/username/ros2_ws/src/sdk_wrap -DCMAKE_INSTALL_PREFIX=/home/username/ros2_ws/install/sdk_wrap
