[0.018s] Invoking command in '/home/username/ros2_ws/build/px4_ros_com': CMAKE_PREFIX_PATH=/home/username/ros2_ws/install/px4_msgs:/home/username/ros2_ws/install/px4_ros_com:/home/username/ros2_ws/install/low_alt:/home/username/ros2_ws/install/img_capture:/home/username/ros2_ws/src/install/px4_ros_com:/home/username/ros2_ws/src/install/px4_msgs:/home/username/ros2_ws/src/install/low_alt:/home/username/ros2_ws/src/install/img_capture:/home/username/ros2_ws/install/odometry_pkg:/opt/ros/jazzy LD_LIBRARY_PATH=/home/username/ros2_ws/install/px4_msgs/lib:/home/username/ros2_ws/src/install/px4_ros_com/lib:/home/username/ros2_ws/src/install/px4_msgs/lib:/home/username/ros2_ws/install/px4_ros_com/lib:/opt/ros/jazzy/lib/aarch64-linux-gnu:/opt/ros/jazzy/lib:/usr/local/lib PYTHONPATH=/home/username/ros2_ws/install/px4_msgs/lib/python3.12/site-packages:/home/username/ros2_ws/install/odometry_pkg/lib/python3.12/site-packages:/home/username/ros2_ws/src/install/px4_ros_com/lib/python3.12/site-packages:/home/username/ros2_ws/src/install/px4_msgs/lib/python3.12/site-packages:/home/username/ros2_ws/src/install/odometry_publisher/lib/python3.12/site-packages:/home/username/ros2_ws/build/odometry_publisher:/home/username/ros2_ws/build/detection:/home/username/ros2_ws/install/px4_ros_com/lib/python3.12/site-packages:/home/username/ros2_ws/install/odometry_publisher/lib/python3.12/site-packages:/home/username/ros2_ws/install/detection/lib/python3.12/site-packages:/opt/ros/jazzy/lib/python3.12/site-packages /usr/bin/cmake --build /home/username/ros2_ws/build/px4_ros_com
[0.123s] [ 50%] Built target frame_transforms
[0.125s] [ 50%] Built target sensor_combined_listener
[0.125s] [ 50%] Built target vehicle_gps_position_listener
[0.129s] [ 66%] Built target debug_vect_advertiser
[0.172s] [100%] Built target offboard_control_srv
[0.172s] [100%] Built target offboard_control
[0.180s] [100%] Built target ament_cmake_python_copy_px4_ros_com
[0.459s] running egg_info
[0.481s] writing px4_ros_com.egg-info/PKG-INFO
[0.481s] writing dependency_links to px4_ros_com.egg-info/dependency_links.txt
[0.482s] writing top-level names to px4_ros_com.egg-info/top_level.txt
[0.546s] reading manifest file 'px4_ros_com.egg-info/SOURCES.txt'
[0.547s] writing manifest file 'px4_ros_com.egg-info/SOURCES.txt'
[0.616s] [100%] Built target ament_cmake_python_build_px4_ros_com_egg
[0.637s] Invoked command in '/home/username/ros2_ws/build/px4_ros_com' returned '0': CMAKE_PREFIX_PATH=/home/username/ros2_ws/install/px4_msgs:/home/username/ros2_ws/install/px4_ros_com:/home/username/ros2_ws/install/low_alt:/home/username/ros2_ws/install/img_capture:/home/username/ros2_ws/src/install/px4_ros_com:/home/username/ros2_ws/src/install/px4_msgs:/home/username/ros2_ws/src/install/low_alt:/home/username/ros2_ws/src/install/img_capture:/home/username/ros2_ws/install/odometry_pkg:/opt/ros/jazzy LD_LIBRARY_PATH=/home/username/ros2_ws/install/px4_msgs/lib:/home/username/ros2_ws/src/install/px4_ros_com/lib:/home/username/ros2_ws/src/install/px4_msgs/lib:/home/username/ros2_ws/install/px4_ros_com/lib:/opt/ros/jazzy/lib/aarch64-linux-gnu:/opt/ros/jazzy/lib:/usr/local/lib PYTHONPATH=/home/username/ros2_ws/install/px4_msgs/lib/python3.12/site-packages:/home/username/ros2_ws/install/odometry_pkg/lib/python3.12/site-packages:/home/username/ros2_ws/src/install/px4_ros_com/lib/python3.12/site-packages:/home/username/ros2_ws/src/install/px4_msgs/lib/python3.12/site-packages:/home/username/ros2_ws/src/install/odometry_publisher/lib/python3.12/site-packages:/home/username/ros2_ws/build/odometry_publisher:/home/username/ros2_ws/build/detection:/home/username/ros2_ws/install/px4_ros_com/lib/python3.12/site-packages:/home/username/ros2_ws/install/odometry_publisher/lib/python3.12/site-packages:/home/username/ros2_ws/install/detection/lib/python3.12/site-packages:/opt/ros/jazzy/lib/python3.12/site-packages /usr/bin/cmake --build /home/username/ros2_ws/build/px4_ros_com
[0.639s] Invoking command in '/home/username/ros2_ws/build/px4_ros_com': CMAKE_PREFIX_PATH=/home/username/ros2_ws/install/px4_msgs:/home/username/ros2_ws/install/px4_ros_com:/home/username/ros2_ws/install/low_alt:/home/username/ros2_ws/install/img_capture:/home/username/ros2_ws/src/install/px4_ros_com:/home/username/ros2_ws/src/install/px4_msgs:/home/username/ros2_ws/src/install/low_alt:/home/username/ros2_ws/src/install/img_capture:/home/username/ros2_ws/install/odometry_pkg:/opt/ros/jazzy LD_LIBRARY_PATH=/home/username/ros2_ws/install/px4_msgs/lib:/home/username/ros2_ws/src/install/px4_ros_com/lib:/home/username/ros2_ws/src/install/px4_msgs/lib:/home/username/ros2_ws/install/px4_ros_com/lib:/opt/ros/jazzy/lib/aarch64-linux-gnu:/opt/ros/jazzy/lib:/usr/local/lib PYTHONPATH=/home/username/ros2_ws/install/px4_msgs/lib/python3.12/site-packages:/home/username/ros2_ws/install/odometry_pkg/lib/python3.12/site-packages:/home/username/ros2_ws/src/install/px4_ros_com/lib/python3.12/site-packages:/home/username/ros2_ws/src/install/px4_msgs/lib/python3.12/site-packages:/home/username/ros2_ws/src/install/odometry_publisher/lib/python3.12/site-packages:/home/username/ros2_ws/build/odometry_publisher:/home/username/ros2_ws/build/detection:/home/username/ros2_ws/install/px4_ros_com/lib/python3.12/site-packages:/home/username/ros2_ws/install/odometry_publisher/lib/python3.12/site-packages:/home/username/ros2_ws/install/detection/lib/python3.12/site-packages:/opt/ros/jazzy/lib/python3.12/site-packages /usr/bin/cmake --install /home/username/ros2_ws/build/px4_ros_com
[0.655s] -- Install configuration: ""
[0.655s] -- Up-to-date: /home/username/ros2_ws/install/px4_ros_com/lib/px4_ros_com/sensor_combined_listener
[0.656s] -- Up-to-date: /home/username/ros2_ws/install/px4_ros_com/lib/px4_ros_com/vehicle_gps_position_listener
[0.656s] -- Up-to-date: /home/username/ros2_ws/install/px4_ros_com/lib/px4_ros_com/debug_vect_advertiser
[0.657s] -- Up-to-date: /home/username/ros2_ws/install/px4_ros_com/lib/px4_ros_com/offboard_control
[0.657s] -- Up-to-date: /home/username/ros2_ws/install/px4_ros_com/lib/px4_ros_com/offboard_control_srv
[0.657s] -- Up-to-date: /home/username/ros2_ws/install/px4_ros_com/share/px4_ros_com/environment/library_path.sh
[0.657s] -- Up-to-date: /home/username/ros2_ws/install/px4_ros_com/share/px4_ros_com/environment/library_path.dsv
[0.657s] -- Up-to-date: /home/username/ros2_ws/install/px4_ros_com/include/px4_ros_com
[0.658s] -- Up-to-date: /home/username/ros2_ws/install/px4_ros_com/include/px4_ros_com/frame_transforms.h
[0.658s] -- Up-to-date: /home/username/ros2_ws/install/px4_ros_com/lib/libframe_transforms.so
[0.658s] -- Up-to-date: /home/username/ros2_ws/install/px4_ros_com/share/px4_ros_com//launch
[0.658s] -- Up-to-date: /home/username/ros2_ws/install/px4_ros_com/share/px4_ros_com//launch/sensor_combined_listener.launch.py
[0.658s] -- Up-to-date: /home/username/ros2_ws/install/px4_ros_com/share/px4_ros_com//launch/offboard_control_launch.yaml
[0.658s] -- Up-to-date: /home/username/ros2_ws/install/px4_ros_com/share/px4_ros_com//test
[0.658s] -- Up-to-date: /home/username/ros2_ws/install/px4_ros_com/share/px4_ros_com//test/pipeline_io_test.py
[0.658s] -- Up-to-date: /home/username/ros2_ws/install/px4_ros_com/share/px4_ros_com//test/test_output.py
[0.658s] -- Up-to-date: /home/username/ros2_ws/install/px4_ros_com/share/px4_ros_com//test/test_input.py
[0.659s] -- Up-to-date: /home/username/ros2_ws/install/px4_ros_com/share/px4_ros_com//test/__init__.py
[0.659s] -- Up-to-date: /home/username/ros2_ws/install/px4_ros_com/share/px4_ros_com/environment/pythonpath.sh
[0.659s] -- Up-to-date: /home/username/ros2_ws/install/px4_ros_com/share/px4_ros_com/environment/pythonpath.dsv
[0.659s] -- Up-to-date: /home/username/ros2_ws/install/px4_ros_com/lib/python3.12/site-packages/px4_ros_com-0.1.0-py3.12.egg-info
[0.659s] -- Installing: /home/username/ros2_ws/install/px4_ros_com/lib/python3.12/site-packages/px4_ros_com-0.1.0-py3.12.egg-info/dependency_links.txt
[0.659s] -- Installing: /home/username/ros2_ws/install/px4_ros_com/lib/python3.12/site-packages/px4_ros_com-0.1.0-py3.12.egg-info/PKG-INFO
[0.659s] -- Installing: /home/username/ros2_ws/install/px4_ros_com/lib/python3.12/site-packages/px4_ros_com-0.1.0-py3.12.egg-info/top_level.txt
[0.659s] -- Installing: /home/username/ros2_ws/install/px4_ros_com/lib/python3.12/site-packages/px4_ros_com-0.1.0-py3.12.egg-info/SOURCES.txt
[0.659s] -- Up-to-date: /home/username/ros2_ws/install/px4_ros_com/lib/python3.12/site-packages/px4_ros_com
[0.659s] -- Up-to-date: /home/username/ros2_ws/install/px4_ros_com/lib/python3.12/site-packages/px4_ros_com/__init__.py
[0.659s] -- Up-to-date: /home/username/ros2_ws/install/px4_ros_com/lib/python3.12/site-packages/px4_ros_com/module_to_import.py
[0.712s] Listing '/home/username/ros2_ws/install/px4_ros_com/lib/python3.12/site-packages/px4_ros_com'...
[0.724s] -- Up-to-date: /home/username/ros2_ws/install/px4_ros_com/lib/px4_ros_com/offboard_control.py
[0.724s] -- Up-to-date: /home/username/ros2_ws/install/px4_ros_com/share/ament_index/resource_index/package_run_dependencies/px4_ros_com
[0.724s] -- Up-to-date: /home/username/ros2_ws/install/px4_ros_com/share/ament_index/resource_index/parent_prefix_path/px4_ros_com
[0.725s] -- Up-to-date: /home/username/ros2_ws/install/px4_ros_com/share/px4_ros_com/environment/ament_prefix_path.sh
[0.725s] -- Up-to-date: /home/username/ros2_ws/install/px4_ros_com/share/px4_ros_com/environment/ament_prefix_path.dsv
[0.725s] -- Up-to-date: /home/username/ros2_ws/install/px4_ros_com/share/px4_ros_com/environment/path.sh
[0.725s] -- Up-to-date: /home/username/ros2_ws/install/px4_ros_com/share/px4_ros_com/environment/path.dsv
[0.725s] -- Up-to-date: /home/username/ros2_ws/install/px4_ros_com/share/px4_ros_com/local_setup.bash
[0.725s] -- Up-to-date: /home/username/ros2_ws/install/px4_ros_com/share/px4_ros_com/local_setup.sh
[0.725s] -- Up-to-date: /home/username/ros2_ws/install/px4_ros_com/share/px4_ros_com/local_setup.zsh
[0.725s] -- Up-to-date: /home/username/ros2_ws/install/px4_ros_com/share/px4_ros_com/local_setup.dsv
[0.725s] -- Installing: /home/username/ros2_ws/install/px4_ros_com/share/px4_ros_com/package.dsv
[0.725s] -- Up-to-date: /home/username/ros2_ws/install/px4_ros_com/share/ament_index/resource_index/packages/px4_ros_com
[0.725s] -- Up-to-date: /home/username/ros2_ws/install/px4_ros_com/share/px4_ros_com/cmake/export_frame_transformsExport.cmake
[0.726s] -- Up-to-date: /home/username/ros2_ws/install/px4_ros_com/share/px4_ros_com/cmake/export_frame_transformsExport-noconfig.cmake
[0.726s] -- Up-to-date: /home/username/ros2_ws/install/px4_ros_com/share/px4_ros_com/cmake/ament_cmake_export_dependencies-extras.cmake
[0.726s] -- Up-to-date: /home/username/ros2_ws/install/px4_ros_com/share/px4_ros_com/cmake/ament_cmake_export_targets-extras.cmake
[0.726s] -- Up-to-date: /home/username/ros2_ws/install/px4_ros_com/share/px4_ros_com/cmake/ament_cmake_export_include_directories-extras.cmake
[0.726s] -- Up-to-date: /home/username/ros2_ws/install/px4_ros_com/share/px4_ros_com/cmake/ament_cmake_export_libraries-extras.cmake
[0.726s] -- Up-to-date: /home/username/ros2_ws/install/px4_ros_com/share/px4_ros_com/cmake/px4_ros_comConfig.cmake
[0.726s] -- Up-to-date: /home/username/ros2_ws/install/px4_ros_com/share/px4_ros_com/cmake/px4_ros_comConfig-version.cmake
[0.726s] -- Up-to-date: /home/username/ros2_ws/install/px4_ros_com/share/px4_ros_com/package.xml
[0.729s] Invoked command in '/home/username/ros2_ws/build/px4_ros_com' returned '0': CMAKE_PREFIX_PATH=/home/username/ros2_ws/install/px4_msgs:/home/username/ros2_ws/install/px4_ros_com:/home/username/ros2_ws/install/low_alt:/home/username/ros2_ws/install/img_capture:/home/username/ros2_ws/src/install/px4_ros_com:/home/username/ros2_ws/src/install/px4_msgs:/home/username/ros2_ws/src/install/low_alt:/home/username/ros2_ws/src/install/img_capture:/home/username/ros2_ws/install/odometry_pkg:/opt/ros/jazzy LD_LIBRARY_PATH=/home/username/ros2_ws/install/px4_msgs/lib:/home/username/ros2_ws/src/install/px4_ros_com/lib:/home/username/ros2_ws/src/install/px4_msgs/lib:/home/username/ros2_ws/install/px4_ros_com/lib:/opt/ros/jazzy/lib/aarch64-linux-gnu:/opt/ros/jazzy/lib:/usr/local/lib PYTHONPATH=/home/username/ros2_ws/install/px4_msgs/lib/python3.12/site-packages:/home/username/ros2_ws/install/odometry_pkg/lib/python3.12/site-packages:/home/username/ros2_ws/src/install/px4_ros_com/lib/python3.12/site-packages:/home/username/ros2_ws/src/install/px4_msgs/lib/python3.12/site-packages:/home/username/ros2_ws/src/install/odometry_publisher/lib/python3.12/site-packages:/home/username/ros2_ws/build/odometry_publisher:/home/username/ros2_ws/build/detection:/home/username/ros2_ws/install/px4_ros_com/lib/python3.12/site-packages:/home/username/ros2_ws/install/odometry_publisher/lib/python3.12/site-packages:/home/username/ros2_ws/install/detection/lib/python3.12/site-packages:/opt/ros/jazzy/lib/python3.12/site-packages /usr/bin/cmake --install /home/username/ros2_ws/build/px4_ros_com
