[0.021s] Invoking command in '/home/username/ros2_ws/build/px4_msgs': CMAKE_PREFIX_PATH=${CMAKE_PREFIX_PATH}:/opt/ros/jazzy /usr/bin/cmake --build /home/username/ros2_ws/build/px4_msgs -- -j4 -l4
[1.214s] [  0%] Built target px4_msgs__rosidl_generator_type_description
[1.358s] [  0%] Built target px4_msgs__cpp
[1.640s] [ 29%] Built target px4_msgs__rosidl_generator_c
[2.052s] [ 32%] Built target ament_cmake_python_copy_px4_msgs
[2.052s] [ 39%] Built target px4_msgs__rosidl_typesupport_cpp
[2.096s] [ 49%] Built target px4_msgs__rosidl_typesupport_fastrtps_c
[2.109s] [ 59%] Built target px4_msgs__rosidl_typesupport_fastrtps_cpp
[2.278s] [ 69%] Built target px4_msgs__rosidl_typesupport_c
[2.280s] [ 79%] Built target px4_msgs__rosidl_typesupport_introspection_c
[2.397s] [ 89%] Built target px4_msgs__rosidl_typesupport_introspection_cpp
[2.434s] [ 89%] Built target px4_msgs
[2.466s] running egg_info
[2.489s] [ 89%] Built target px4_msgs__py
[2.491s] writing px4_msgs.egg-info/PKG-INFO
[2.491s] writing dependency_links to px4_msgs.egg-info/dependency_links.txt
[2.495s] writing top-level names to px4_msgs.egg-info/top_level.txt
[2.568s] reading manifest file 'px4_msgs.egg-info/SOURCES.txt'
[2.576s] writing manifest file 'px4_msgs.egg-info/SOURCES.txt'
[2.654s] [ 89%] Built target ament_cmake_python_build_px4_msgs_egg
[2.735s] [ 99%] Built target px4_msgs__rosidl_generator_py
[2.798s] [100%] Built target px4_msgs_s__rosidl_typesupport_c
[2.798s] [100%] Built target px4_msgs_s__rosidl_typesupport_fastrtps_c
[2.798s] [100%] Built target px4_msgs_s__rosidl_typesupport_introspection_c
