[0.017s] Invoking command in '/home/username/ros2_ws/build/img_capture': CMAKE_PREFIX_PATH=/opt/ros/jazzy /usr/bin/cmake /home/username/ros2_ws/src/img_capture -DCMAKE_INSTALL_PREFIX=/home/username/ros2_ws/install/img_capture
[0.156s] -- The C compiler identification is GNU 13.3.0
[0.302s] -- The CXX compiler identification is GNU 13.3.0
[0.332s] -- Detecting C compiler ABI info
[0.532s] -- Detecting C compiler ABI info - done
[0.547s] -- Check for working C compiler: /usr/bin/cc - skipped
[0.547s] -- Detecting C compile features
[0.548s] -- Detecting C compile features - done
[0.562s] -- Detecting CXX compiler ABI info
[0.785s] -- Detecting CXX compiler ABI info - done
[0.799s] -- Check for working CXX compiler: /usr/bin/c++ - skipped
[0.800s] -- Detecting CXX compile features
[0.801s] -- Detecting CXX compile features - done
[0.803s] -- Found ament_cmake: 2.5.3 (/opt/ros/jazzy/share/ament_cmake/cmake)
[1.106s] -- Found Python3: /usr/bin/python3 (found version "3.12.3") found components: Interpreter 
[1.309s] -- Found rclcpp: 28.1.6 (/opt/ros/jazzy/share/rclcpp/cmake)
[1.349s] -- Found rosidl_generator_c: 4.6.5 (/opt/ros/jazzy/share/rosidl_generator_c/cmake)
[1.365s] -- Found rosidl_generator_cpp: 4.6.5 (/opt/ros/jazzy/share/rosidl_generator_cpp/cmake)
[1.385s] -- Using all available rosidl_typesupport_c: rosidl_typesupport_fastrtps_c;rosidl_typesupport_introspection_c
[1.407s] -- Using all available rosidl_typesupport_cpp: rosidl_typesupport_fastrtps_cpp;rosidl_typesupport_introspection_cpp
[1.503s] -- Found rmw_implementation_cmake: 7.3.1 (/opt/ros/jazzy/share/rmw_implementation_cmake/cmake)
[1.507s] -- Found rmw_fastrtps_cpp: 8.4.1 (/opt/ros/jazzy/share/rmw_fastrtps_cpp/cmake)
[1.653s] -- Found OpenSSL: /usr/lib/aarch64-linux-gnu/libcrypto.so (found version "3.0.13")  
[1.683s] -- Found FastRTPS: /opt/ros/jazzy/include (Required is at least version "2.13") 
[1.725s] -- Using RMW implementation 'rmw_fastrtps_cpp' as default
[1.824s] -- Found sensor_msgs: 5.3.5 (/opt/ros/jazzy/share/sensor_msgs/cmake)
[2.098s] -- Configuring done (2.1s)
[2.122s] -- Generating done (0.0s)
[2.130s] -- Build files have been written to: /home/username/ros2_ws/build/img_capture
[2.151s] Invoked command in '/home/username/ros2_ws/build/img_capture' returned '0': CMAKE_PREFIX_PATH=/opt/ros/jazzy /usr/bin/cmake /home/username/ros2_ws/src/img_capture -DCMAKE_INSTALL_PREFIX=/home/username/ros2_ws/install/img_capture
[2.154s] Invoking command in '/home/username/ros2_ws/build/img_capture': CMAKE_PREFIX_PATH=/opt/ros/jazzy /usr/bin/cmake --build /home/username/ros2_ws/build/img_capture
[2.260s] [ 50%] [32mBuilding CXX object CMakeFiles/seekcamera_publisher.dir/src/seekcamera_publisher.cpp.o[0m
[11.654s] [100%] [32m[1mLinking CXX executable seekcamera_publisher[0m
[12.322s] [100%] Built target seekcamera_publisher
[12.344s] Invoked command in '/home/username/ros2_ws/build/img_capture' returned '0': CMAKE_PREFIX_PATH=/opt/ros/jazzy /usr/bin/cmake --build /home/username/ros2_ws/build/img_capture
[12.347s] Invoking command in '/home/username/ros2_ws/build/img_capture': CMAKE_PREFIX_PATH=/opt/ros/jazzy /usr/bin/cmake --install /home/username/ros2_ws/build/img_capture
[12.361s] -- Install configuration: ""
[12.361s] -- Installing: /home/username/ros2_ws/install/img_capture/lib/img_capture/seekcamera_publisher
[12.365s] -- Set non-toolchain portion of runtime path of "/home/username/ros2_ws/install/img_capture/lib/img_capture/seekcamera_publisher" to ""
[12.365s] -- Installing: /home/username/ros2_ws/install/img_capture/lib/img_capture/thermal_subscriber.py
[12.366s] -- Installing: /home/username/ros2_ws/install/img_capture/share/ament_index/resource_index/package_run_dependencies/img_capture
[12.366s] -- Installing: /home/username/ros2_ws/install/img_capture/share/ament_index/resource_index/parent_prefix_path/img_capture
[12.366s] -- Installing: /home/username/ros2_ws/install/img_capture/share/img_capture/environment/ament_prefix_path.sh
[12.367s] -- Installing: /home/username/ros2_ws/install/img_capture/share/img_capture/environment/ament_prefix_path.dsv
[12.367s] -- Installing: /home/username/ros2_ws/install/img_capture/share/img_capture/environment/path.sh
[12.367s] -- Installing: /home/username/ros2_ws/install/img_capture/share/img_capture/environment/path.dsv
[12.367s] -- Installing: /home/username/ros2_ws/install/img_capture/share/img_capture/local_setup.bash
[12.367s] -- Installing: /home/username/ros2_ws/install/img_capture/share/img_capture/local_setup.sh
[12.368s] -- Installing: /home/username/ros2_ws/install/img_capture/share/img_capture/local_setup.zsh
[12.368s] -- Installing: /home/username/ros2_ws/install/img_capture/share/img_capture/local_setup.dsv
[12.368s] -- Installing: /home/username/ros2_ws/install/img_capture/share/img_capture/package.dsv
[12.369s] -- Installing: /home/username/ros2_ws/install/img_capture/share/ament_index/resource_index/packages/img_capture
[12.369s] -- Installing: /home/username/ros2_ws/install/img_capture/share/img_capture/cmake/img_captureConfig.cmake
[12.369s] -- Installing: /home/username/ros2_ws/install/img_capture/share/img_capture/cmake/img_captureConfig-version.cmake
[12.369s] -- Installing: /home/username/ros2_ws/install/img_capture/share/img_capture/package.xml
[12.369s] -- Installing: /home/username/ros2_ws/install/img_capture/share/img_capture//launch
[12.370s] -- Installing: /home/username/ros2_ws/install/img_capture/share/img_capture//launch/img_capture.launch.py
[12.374s] Invoked command in '/home/username/ros2_ws/build/img_capture' returned '0': CMAKE_PREFIX_PATH=/opt/ros/jazzy /usr/bin/cmake --install /home/username/ros2_ws/build/img_capture
