[0.154s] DEBUG:colcon:Command line arguments: ['/usr/bin/colcon', 'build', '--symlink-install', '--packages-select', 'img_capture']
[0.154s] DEBUG:colcon:Parsed command line arguments: Namespace(log_base=None, log_level=None, verb_name='build', build_base='build', install_base='install', merge_install=False, symlink_install=True, test_result_base=None, continue_on_error=False, executor='parallel', parallel_workers=4, event_handlers=None, ignore_user_meta=False, metas=['./colcon.meta'], base_paths=['.'], packages_ignore=None, packages_ignore_regex=None, paths=None, packages_up_to=None, packages_up_to_regex=None, packages_above=None, packages_above_and_dependencies=None, packages_above_depth=None, packages_select_by_dep=None, packages_skip_by_dep=None, packages_skip_up_to=None, packages_select_build_failed=False, packages_skip_build_finished=False, packages_select_test_failures=False, packages_skip_test_passed=False, packages_select=['img_capture'], packages_skip=None, packages_select_regex=None, packages_skip_regex=None, packages_start=None, packages_end=None, allow_overriding=[], cmake_args=None, cmake_target=None, cmake_target_skip_unavailable=False, cmake_clean_cache=False, cmake_clean_first=False, cmake_force_configure=False, ament_cmake_args=None, catkin_cmake_args=None, catkin_skip_building_tests=False, mixin_files=None, mixin=None, verb_parser=<colcon_mixin.mixin.mixin_argument.MixinArgumentDecorator object at 0xffff8d0a4aa0>, verb_extension=<colcon_core.verb.build.BuildVerb object at 0xffff8d259250>, main=<bound method BuildVerb.main of <colcon_core.verb.build.BuildVerb object at 0xffff8d259250>>, mixin_verb=('build',))
[0.218s] Level 1:colcon.colcon_core.package_discovery:discover_packages(colcon_meta) check parameters
[0.219s] Level 1:colcon.colcon_core.package_discovery:discover_packages(recursive) check parameters
[0.219s] Level 1:colcon.colcon_core.package_discovery:discover_packages(ignore) check parameters
[0.219s] Level 1:colcon.colcon_core.package_discovery:discover_packages(path) check parameters
[0.219s] Level 1:colcon.colcon_core.package_discovery:discover_packages(colcon_meta) discover
[0.219s] Level 1:colcon.colcon_core.package_discovery:discover_packages(recursive) discover
[0.219s] INFO:colcon.colcon_core.package_discovery:Crawling recursively for packages in '/home/username/ros2_ws'
[0.219s] Level 1:colcon.colcon_core.package_identification:_identify(.) by extensions ['ignore', 'ignore_ament_install']
[0.219s] Level 1:colcon.colcon_core.package_identification:_identify(.) by extension 'ignore'
[0.219s] Level 1:colcon.colcon_core.package_identification:_identify(.) by extension 'ignore_ament_install'
[0.219s] Level 1:colcon.colcon_core.package_identification:_identify(.) by extensions ['colcon_pkg']
[0.220s] Level 1:colcon.colcon_core.package_identification:_identify(.) by extension 'colcon_pkg'
[0.220s] Level 1:colcon.colcon_core.package_identification:_identify(.) by extensions ['colcon_meta']
[0.220s] Level 1:colcon.colcon_core.package_identification:_identify(.) by extension 'colcon_meta'
[0.220s] Level 1:colcon.colcon_core.package_identification:_identify(.) by extensions ['ros']
[0.220s] Level 1:colcon.colcon_core.package_identification:_identify(.) by extension 'ros'
[0.265s] Level 1:colcon.colcon_core.package_identification:_identify(.) by extensions ['cmake', 'python']
[0.265s] Level 1:colcon.colcon_core.package_identification:_identify(.) by extension 'cmake'
[0.266s] Level 1:colcon.colcon_core.package_identification:_identify(.) by extension 'python'
[0.266s] Level 1:colcon.colcon_core.package_identification:_identify(.) by extensions ['python_setup_py']
[0.266s] Level 1:colcon.colcon_core.package_identification:_identify(.) by extension 'python_setup_py'
[0.266s] Level 1:colcon.colcon_core.package_identification:_identify(build) by extensions ['ignore', 'ignore_ament_install']
[0.266s] Level 1:colcon.colcon_core.package_identification:_identify(build) by extension 'ignore'
[0.266s] Level 1:colcon.colcon_core.package_identification:_identify(build) ignored
[0.266s] Level 1:colcon.colcon_core.package_identification:_identify(flight_logs) by extensions ['ignore', 'ignore_ament_install']
[0.267s] Level 1:colcon.colcon_core.package_identification:_identify(flight_logs) by extension 'ignore'
[0.267s] Level 1:colcon.colcon_core.package_identification:_identify(flight_logs) by extension 'ignore_ament_install'
[0.267s] Level 1:colcon.colcon_core.package_identification:_identify(flight_logs) by extensions ['colcon_pkg']
[0.267s] Level 1:colcon.colcon_core.package_identification:_identify(flight_logs) by extension 'colcon_pkg'
[0.267s] Level 1:colcon.colcon_core.package_identification:_identify(flight_logs) by extensions ['colcon_meta']
[0.267s] Level 1:colcon.colcon_core.package_identification:_identify(flight_logs) by extension 'colcon_meta'
[0.267s] Level 1:colcon.colcon_core.package_identification:_identify(flight_logs) by extensions ['ros']
[0.267s] Level 1:colcon.colcon_core.package_identification:_identify(flight_logs) by extension 'ros'
[0.267s] Level 1:colcon.colcon_core.package_identification:_identify(flight_logs) by extensions ['cmake', 'python']
[0.267s] Level 1:colcon.colcon_core.package_identification:_identify(flight_logs) by extension 'cmake'
[0.267s] Level 1:colcon.colcon_core.package_identification:_identify(flight_logs) by extension 'python'
[0.267s] Level 1:colcon.colcon_core.package_identification:_identify(flight_logs) by extensions ['python_setup_py']
[0.267s] Level 1:colcon.colcon_core.package_identification:_identify(flight_logs) by extension 'python_setup_py'
[0.267s] Level 1:colcon.colcon_core.package_identification:_identify(install) by extensions ['ignore', 'ignore_ament_install']
[0.268s] Level 1:colcon.colcon_core.package_identification:_identify(install) by extension 'ignore'
[0.268s] Level 1:colcon.colcon_core.package_identification:_identify(install) ignored
[0.268s] Level 1:colcon.colcon_core.package_identification:_identify(log) by extensions ['ignore', 'ignore_ament_install']
[0.268s] Level 1:colcon.colcon_core.package_identification:_identify(log) by extension 'ignore'
[0.268s] Level 1:colcon.colcon_core.package_identification:_identify(log) ignored
[0.268s] Level 1:colcon.colcon_core.package_identification:_identify(sim_data) by extensions ['ignore', 'ignore_ament_install']
[0.268s] Level 1:colcon.colcon_core.package_identification:_identify(sim_data) by extension 'ignore'
[0.268s] Level 1:colcon.colcon_core.package_identification:_identify(sim_data) by extension 'ignore_ament_install'
[0.268s] Level 1:colcon.colcon_core.package_identification:_identify(sim_data) by extensions ['colcon_pkg']
[0.268s] Level 1:colcon.colcon_core.package_identification:_identify(sim_data) by extension 'colcon_pkg'
[0.268s] Level 1:colcon.colcon_core.package_identification:_identify(sim_data) by extensions ['colcon_meta']
[0.268s] Level 1:colcon.colcon_core.package_identification:_identify(sim_data) by extension 'colcon_meta'
[0.269s] Level 1:colcon.colcon_core.package_identification:_identify(sim_data) by extensions ['ros']
[0.269s] Level 1:colcon.colcon_core.package_identification:_identify(sim_data) by extension 'ros'
[0.269s] Level 1:colcon.colcon_core.package_identification:_identify(sim_data) by extensions ['cmake', 'python']
[0.269s] Level 1:colcon.colcon_core.package_identification:_identify(sim_data) by extension 'cmake'
[0.269s] Level 1:colcon.colcon_core.package_identification:_identify(sim_data) by extension 'python'
[0.269s] Level 1:colcon.colcon_core.package_identification:_identify(sim_data) by extensions ['python_setup_py']
[0.269s] Level 1:colcon.colcon_core.package_identification:_identify(sim_data) by extension 'python_setup_py'
[0.269s] Level 1:colcon.colcon_core.package_identification:_identify(src) by extensions ['ignore', 'ignore_ament_install']
[0.269s] Level 1:colcon.colcon_core.package_identification:_identify(src) by extension 'ignore'
[0.269s] Level 1:colcon.colcon_core.package_identification:_identify(src) by extension 'ignore_ament_install'
[0.269s] Level 1:colcon.colcon_core.package_identification:_identify(src) by extensions ['colcon_pkg']
[0.269s] Level 1:colcon.colcon_core.package_identification:_identify(src) by extension 'colcon_pkg'
[0.269s] Level 1:colcon.colcon_core.package_identification:_identify(src) by extensions ['colcon_meta']
[0.269s] Level 1:colcon.colcon_core.package_identification:_identify(src) by extension 'colcon_meta'
[0.269s] Level 1:colcon.colcon_core.package_identification:_identify(src) by extensions ['ros']
[0.269s] Level 1:colcon.colcon_core.package_identification:_identify(src) by extension 'ros'
[0.270s] Level 1:colcon.colcon_core.package_identification:_identify(src) by extensions ['cmake', 'python']
[0.270s] Level 1:colcon.colcon_core.package_identification:_identify(src) by extension 'cmake'
[0.270s] Level 1:colcon.colcon_core.package_identification:_identify(src) by extension 'python'
[0.270s] Level 1:colcon.colcon_core.package_identification:_identify(src) by extensions ['python_setup_py']
[0.270s] Level 1:colcon.colcon_core.package_identification:_identify(src) by extension 'python_setup_py'
[0.270s] Level 1:colcon.colcon_core.package_identification:_identify(src/build) by extensions ['ignore', 'ignore_ament_install']
[0.270s] Level 1:colcon.colcon_core.package_identification:_identify(src/build) by extension 'ignore'
[0.270s] Level 1:colcon.colcon_core.package_identification:_identify(src/build) ignored
[0.270s] Level 1:colcon.colcon_core.package_identification:_identify(src/custom_msgs) by extensions ['ignore', 'ignore_ament_install']
[0.270s] Level 1:colcon.colcon_core.package_identification:_identify(src/custom_msgs) by extension 'ignore'
[0.270s] Level 1:colcon.colcon_core.package_identification:_identify(src/custom_msgs) by extension 'ignore_ament_install'
[0.270s] Level 1:colcon.colcon_core.package_identification:_identify(src/custom_msgs) by extensions ['colcon_pkg']
[0.270s] Level 1:colcon.colcon_core.package_identification:_identify(src/custom_msgs) by extension 'colcon_pkg'
[0.270s] Level 1:colcon.colcon_core.package_identification:_identify(src/custom_msgs) by extensions ['colcon_meta']
[0.270s] Level 1:colcon.colcon_core.package_identification:_identify(src/custom_msgs) by extension 'colcon_meta'
[0.270s] Level 1:colcon.colcon_core.package_identification:_identify(src/custom_msgs) by extensions ['ros']
[0.271s] Level 1:colcon.colcon_core.package_identification:_identify(src/custom_msgs) by extension 'ros'
[0.274s] DEBUG:colcon.colcon_core.package_identification:Package 'src/custom_msgs' with type 'ros.ament_cmake' and name 'custom_msgs'
[0.274s] Level 1:colcon.colcon_core.package_identification:_identify(src/img_capture) by extensions ['ignore', 'ignore_ament_install']
[0.274s] Level 1:colcon.colcon_core.package_identification:_identify(src/img_capture) by extension 'ignore'
[0.275s] Level 1:colcon.colcon_core.package_identification:_identify(src/img_capture) by extension 'ignore_ament_install'
[0.275s] Level 1:colcon.colcon_core.package_identification:_identify(src/img_capture) by extensions ['colcon_pkg']
[0.275s] Level 1:colcon.colcon_core.package_identification:_identify(src/img_capture) by extension 'colcon_pkg'
[0.275s] Level 1:colcon.colcon_core.package_identification:_identify(src/img_capture) by extensions ['colcon_meta']
[0.275s] Level 1:colcon.colcon_core.package_identification:_identify(src/img_capture) by extension 'colcon_meta'
[0.275s] Level 1:colcon.colcon_core.package_identification:_identify(src/img_capture) by extensions ['ros']
[0.275s] Level 1:colcon.colcon_core.package_identification:_identify(src/img_capture) by extension 'ros'
[0.276s] DEBUG:colcon.colcon_core.package_identification:Package 'src/img_capture' with type 'ros.ament_cmake' and name 'img_capture'
[0.276s] Level 1:colcon.colcon_core.package_identification:_identify(src/install) by extensions ['ignore', 'ignore_ament_install']
[0.276s] Level 1:colcon.colcon_core.package_identification:_identify(src/install) by extension 'ignore'
[0.276s] Level 1:colcon.colcon_core.package_identification:_identify(src/install) ignored
[0.276s] Level 1:colcon.colcon_core.package_identification:_identify(src/log) by extensions ['ignore', 'ignore_ament_install']
[0.277s] Level 1:colcon.colcon_core.package_identification:_identify(src/log) by extension 'ignore'
[0.277s] Level 1:colcon.colcon_core.package_identification:_identify(src/log) ignored
[0.277s] Level 1:colcon.colcon_core.package_identification:_identify(src/px4_msgs) by extensions ['ignore', 'ignore_ament_install']
[0.277s] Level 1:colcon.colcon_core.package_identification:_identify(src/px4_msgs) by extension 'ignore'
[0.277s] Level 1:colcon.colcon_core.package_identification:_identify(src/px4_msgs) by extension 'ignore_ament_install'
[0.277s] Level 1:colcon.colcon_core.package_identification:_identify(src/px4_msgs) by extensions ['colcon_pkg']
[0.277s] Level 1:colcon.colcon_core.package_identification:_identify(src/px4_msgs) by extension 'colcon_pkg'
[0.277s] Level 1:colcon.colcon_core.package_identification:_identify(src/px4_msgs) by extensions ['colcon_meta']
[0.277s] Level 1:colcon.colcon_core.package_identification:_identify(src/px4_msgs) by extension 'colcon_meta'
[0.278s] Level 1:colcon.colcon_core.package_identification:_identify(src/px4_msgs) by extensions ['ros']
[0.278s] Level 1:colcon.colcon_core.package_identification:_identify(src/px4_msgs) by extension 'ros'
[0.279s] DEBUG:colcon.colcon_core.package_identification:Package 'src/px4_msgs' with type 'ros.ament_cmake' and name 'px4_msgs'
[0.279s] Level 1:colcon.colcon_core.package_identification:_identify(src/px4_ros_com) by extensions ['ignore', 'ignore_ament_install']
[0.280s] Level 1:colcon.colcon_core.package_identification:_identify(src/px4_ros_com) by extension 'ignore'
[0.280s] Level 1:colcon.colcon_core.package_identification:_identify(src/px4_ros_com) by extension 'ignore_ament_install'
[0.281s] Level 1:colcon.colcon_core.package_identification:_identify(src/px4_ros_com) by extensions ['colcon_pkg']
[0.281s] Level 1:colcon.colcon_core.package_identification:_identify(src/px4_ros_com) by extension 'colcon_pkg'
[0.281s] Level 1:colcon.colcon_core.package_identification:_identify(src/px4_ros_com) by extensions ['colcon_meta']
[0.281s] Level 1:colcon.colcon_core.package_identification:_identify(src/px4_ros_com) by extension 'colcon_meta'
[0.281s] Level 1:colcon.colcon_core.package_identification:_identify(src/px4_ros_com) by extensions ['ros']
[0.281s] Level 1:colcon.colcon_core.package_identification:_identify(src/px4_ros_com) by extension 'ros'
[0.283s] DEBUG:colcon.colcon_core.package_identification:Package 'src/px4_ros_com' with type 'ros.ament_cmake' and name 'px4_ros_com'
[0.284s] Level 1:colcon.colcon_core.package_discovery:discover_packages(recursive) using defaults
[0.284s] Level 1:colcon.colcon_core.package_discovery:discover_packages(ignore) discover
[0.284s] Level 1:colcon.colcon_core.package_discovery:discover_packages(ignore) using defaults
[0.284s] Level 1:colcon.colcon_core.package_discovery:discover_packages(path) discover
[0.284s] Level 1:colcon.colcon_core.package_discovery:discover_packages(path) using defaults
[0.310s] INFO:colcon.colcon_core.package_selection:Skipping not selected package 'custom_msgs' in 'src/custom_msgs'
[0.310s] INFO:colcon.colcon_core.package_selection:Skipping not selected package 'px4_msgs' in 'src/px4_msgs'
[0.310s] INFO:colcon.colcon_core.package_selection:Skipping not selected package 'px4_ros_com' in 'src/px4_ros_com'
[0.310s] Level 1:colcon.colcon_core.package_discovery:discover_packages(prefix_path) check parameters
[0.310s] Level 1:colcon.colcon_core.package_discovery:discover_packages(prefix_path) discover
[0.314s] DEBUG:colcon.colcon_installed_package_information.package_discovery:Found 5 installed packages in /home/username/ros2_ws/install
[0.315s] DEBUG:colcon.colcon_installed_package_information.package_discovery:Found 5 installed packages in /home/username/ros2_ws/src/install
[0.316s] DEBUG:colcon.colcon_installed_package_information.package_discovery:Found 192 installed packages in /opt/ros/jazzy
[0.317s] Level 1:colcon.colcon_core.package_discovery:discover_packages(prefix_path) using defaults
[0.364s] Level 5:colcon.colcon_core.verb:set package 'img_capture' build argument 'cmake_args' from command line to 'None'
[0.365s] Level 5:colcon.colcon_core.verb:set package 'img_capture' build argument 'cmake_target' from command line to 'None'
[0.365s] Level 5:colcon.colcon_core.verb:set package 'img_capture' build argument 'cmake_target_skip_unavailable' from command line to 'False'
[0.365s] Level 5:colcon.colcon_core.verb:set package 'img_capture' build argument 'cmake_clean_cache' from command line to 'False'
[0.365s] Level 5:colcon.colcon_core.verb:set package 'img_capture' build argument 'cmake_clean_first' from command line to 'False'
[0.365s] Level 5:colcon.colcon_core.verb:set package 'img_capture' build argument 'cmake_force_configure' from command line to 'False'
[0.365s] Level 5:colcon.colcon_core.verb:set package 'img_capture' build argument 'ament_cmake_args' from command line to 'None'
[0.365s] Level 5:colcon.colcon_core.verb:set package 'img_capture' build argument 'catkin_cmake_args' from command line to 'None'
[0.365s] Level 5:colcon.colcon_core.verb:set package 'img_capture' build argument 'catkin_skip_building_tests' from command line to 'False'
[0.365s] DEBUG:colcon.colcon_core.verb:Building package 'img_capture' with the following arguments: {'ament_cmake_args': None, 'build_base': '/home/username/ros2_ws/build/img_capture', 'catkin_cmake_args': None, 'catkin_skip_building_tests': False, 'cmake_args': None, 'cmake_clean_cache': False, 'cmake_clean_first': False, 'cmake_force_configure': False, 'cmake_target': None, 'cmake_target_skip_unavailable': False, 'install_base': '/home/username/ros2_ws/install/img_capture', 'merge_install': False, 'path': '/home/username/ros2_ws/src/img_capture', 'symlink_install': True, 'test_result_base': None}
[0.365s] INFO:colcon.colcon_core.executor:Executing jobs using 'parallel' executor
[0.366s] DEBUG:colcon.colcon_parallel_executor.executor.parallel:run_until_complete
[0.367s] INFO:colcon.colcon_ros.task.ament_cmake.build:Building ROS package in '/home/username/ros2_ws/src/img_capture' with build type 'ament_cmake'
[0.367s] INFO:colcon.colcon_cmake.task.cmake.build:Building CMake package in '/home/username/ros2_ws/src/img_capture'
[0.370s] INFO:colcon.colcon_core.plugin_system:Skipping extension 'colcon_core.shell.bat': Not used on non-Windows systems
[0.370s] INFO:colcon.colcon_core.shell:Skip shell extension 'powershell' for command environment: Not usable outside of PowerShell
[0.370s] DEBUG:colcon.colcon_core.shell:Skip shell extension 'dsv' for command environment
[0.389s] DEBUG:colcon.colcon_core.event_handler.log_command:Invoking command in '/home/username/ros2_ws/build/img_capture': CMAKE_PREFIX_PATH=/home/username/ros2_ws/install/px4_msgs:/home/username/ros2_ws/install/px4_ros_com:/home/username/ros2_ws/install/img_capture:/home/username/ros2_ws/install/low_alt:/home/username/ros2_ws/src/install/px4_ros_com:/home/username/ros2_ws/src/install/img_capture:/home/username/ros2_ws/src/install/px4_msgs:/home/username/ros2_ws/src/install/low_alt:/home/username/ros2_ws/src/install/custom_msgs:/home/username/ros2_ws/install/odometry_pkg:/opt/ros/jazzy LD_LIBRARY_PATH=/home/username/ros2_ws/install/px4_msgs/lib:/home/username/ros2_ws/install/px4_ros_com/lib:/home/username/ros2_ws/src/install/px4_ros_com/lib:/home/username/ros2_ws/src/install/px4_msgs/lib:/home/username/ros2_ws/src/install/custom_msgs/lib:/opt/ros/jazzy/lib/aarch64-linux-gnu:/opt/ros/jazzy/lib:/usr/local/lib PYTHONPATH=/home/username/ros2_ws/install/px4_msgs/lib/python3.12/site-packages:/home/username/ros2_ws/install/odometry_pkg/lib/python3.12/site-packages:/home/username/ros2_ws/install/px4_ros_com/lib/python3.12/site-packages:/home/username/ros2_ws/src/install/px4_ros_com/lib/python3.12/site-packages:/home/username/ros2_ws/src/install/px4_msgs/lib/python3.12/site-packages:/home/username/ros2_ws/src/install/custom_msgs/lib/python3.12/site-packages:/opt/ros/jazzy/lib/python3.12/site-packages /usr/bin/cmake --build /home/username/ros2_ws/build/img_capture -- -j4 -l4
[1.748s] DEBUG:colcon.colcon_core.event_handler.log_command:Invoked command in '/home/username/ros2_ws/build/img_capture' returned '0': CMAKE_PREFIX_PATH=/home/username/ros2_ws/install/px4_msgs:/home/username/ros2_ws/install/px4_ros_com:/home/username/ros2_ws/install/img_capture:/home/username/ros2_ws/install/low_alt:/home/username/ros2_ws/src/install/px4_ros_com:/home/username/ros2_ws/src/install/img_capture:/home/username/ros2_ws/src/install/px4_msgs:/home/username/ros2_ws/src/install/low_alt:/home/username/ros2_ws/src/install/custom_msgs:/home/username/ros2_ws/install/odometry_pkg:/opt/ros/jazzy LD_LIBRARY_PATH=/home/username/ros2_ws/install/px4_msgs/lib:/home/username/ros2_ws/install/px4_ros_com/lib:/home/username/ros2_ws/src/install/px4_ros_com/lib:/home/username/ros2_ws/src/install/px4_msgs/lib:/home/username/ros2_ws/src/install/custom_msgs/lib:/opt/ros/jazzy/lib/aarch64-linux-gnu:/opt/ros/jazzy/lib:/usr/local/lib PYTHONPATH=/home/username/ros2_ws/install/px4_msgs/lib/python3.12/site-packages:/home/username/ros2_ws/install/odometry_pkg/lib/python3.12/site-packages:/home/username/ros2_ws/install/px4_ros_com/lib/python3.12/site-packages:/home/username/ros2_ws/src/install/px4_ros_com/lib/python3.12/site-packages:/home/username/ros2_ws/src/install/px4_msgs/lib/python3.12/site-packages:/home/username/ros2_ws/src/install/custom_msgs/lib/python3.12/site-packages:/opt/ros/jazzy/lib/python3.12/site-packages /usr/bin/cmake --build /home/username/ros2_ws/build/img_capture -- -j4 -l4
[1.769s] DEBUG:colcon.colcon_core.event_handler.log_command:Invoking command in '/home/username/ros2_ws/build/img_capture': CMAKE_PREFIX_PATH=/home/username/ros2_ws/install/px4_msgs:/home/username/ros2_ws/install/px4_ros_com:/home/username/ros2_ws/install/img_capture:/home/username/ros2_ws/install/low_alt:/home/username/ros2_ws/src/install/px4_ros_com:/home/username/ros2_ws/src/install/img_capture:/home/username/ros2_ws/src/install/px4_msgs:/home/username/ros2_ws/src/install/low_alt:/home/username/ros2_ws/src/install/custom_msgs:/home/username/ros2_ws/install/odometry_pkg:/opt/ros/jazzy LD_LIBRARY_PATH=/home/username/ros2_ws/install/px4_msgs/lib:/home/username/ros2_ws/install/px4_ros_com/lib:/home/username/ros2_ws/src/install/px4_ros_com/lib:/home/username/ros2_ws/src/install/px4_msgs/lib:/home/username/ros2_ws/src/install/custom_msgs/lib:/opt/ros/jazzy/lib/aarch64-linux-gnu:/opt/ros/jazzy/lib:/usr/local/lib PYTHONPATH=/home/username/ros2_ws/install/px4_msgs/lib/python3.12/site-packages:/home/username/ros2_ws/install/odometry_pkg/lib/python3.12/site-packages:/home/username/ros2_ws/install/px4_ros_com/lib/python3.12/site-packages:/home/username/ros2_ws/src/install/px4_ros_com/lib/python3.12/site-packages:/home/username/ros2_ws/src/install/px4_msgs/lib/python3.12/site-packages:/home/username/ros2_ws/src/install/custom_msgs/lib/python3.12/site-packages:/opt/ros/jazzy/lib/python3.12/site-packages /usr/bin/cmake --install /home/username/ros2_ws/build/img_capture
[1.836s] Level 1:colcon.colcon_core.environment:create_environment_scripts_only(img_capture)
[1.837s] DEBUG:colcon.colcon_core.event_handler.log_command:Invoked command in '/home/username/ros2_ws/build/img_capture' returned '0': CMAKE_PREFIX_PATH=/home/username/ros2_ws/install/px4_msgs:/home/username/ros2_ws/install/px4_ros_com:/home/username/ros2_ws/install/img_capture:/home/username/ros2_ws/install/low_alt:/home/username/ros2_ws/src/install/px4_ros_com:/home/username/ros2_ws/src/install/img_capture:/home/username/ros2_ws/src/install/px4_msgs:/home/username/ros2_ws/src/install/low_alt:/home/username/ros2_ws/src/install/custom_msgs:/home/username/ros2_ws/install/odometry_pkg:/opt/ros/jazzy LD_LIBRARY_PATH=/home/username/ros2_ws/install/px4_msgs/lib:/home/username/ros2_ws/install/px4_ros_com/lib:/home/username/ros2_ws/src/install/px4_ros_com/lib:/home/username/ros2_ws/src/install/px4_msgs/lib:/home/username/ros2_ws/src/install/custom_msgs/lib:/opt/ros/jazzy/lib/aarch64-linux-gnu:/opt/ros/jazzy/lib:/usr/local/lib PYTHONPATH=/home/username/ros2_ws/install/px4_msgs/lib/python3.12/site-packages:/home/username/ros2_ws/install/odometry_pkg/lib/python3.12/site-packages:/home/username/ros2_ws/install/px4_ros_com/lib/python3.12/site-packages:/home/username/ros2_ws/src/install/px4_ros_com/lib/python3.12/site-packages:/home/username/ros2_ws/src/install/px4_msgs/lib/python3.12/site-packages:/home/username/ros2_ws/src/install/custom_msgs/lib/python3.12/site-packages:/opt/ros/jazzy/lib/python3.12/site-packages /usr/bin/cmake --install /home/username/ros2_ws/build/img_capture
[1.841s] Level 1:colcon.colcon_core.environment:checking '/home/username/ros2_ws/install/img_capture' for CMake module files
[1.842s] Level 1:colcon.colcon_core.environment:checking '/home/username/ros2_ws/install/img_capture' for CMake config files
[1.843s] Level 1:colcon.colcon_core.shell:create_environment_hook('img_capture', 'cmake_prefix_path')
[1.843s] INFO:colcon.colcon_core.shell:Creating environment hook '/home/username/ros2_ws/install/img_capture/share/img_capture/hook/cmake_prefix_path.ps1'
[1.845s] INFO:colcon.colcon_core.shell:Creating environment descriptor '/home/username/ros2_ws/install/img_capture/share/img_capture/hook/cmake_prefix_path.dsv'
[1.846s] INFO:colcon.colcon_core.shell:Creating environment hook '/home/username/ros2_ws/install/img_capture/share/img_capture/hook/cmake_prefix_path.sh'
[1.848s] Level 1:colcon.colcon_core.environment:checking '/home/username/ros2_ws/install/img_capture/lib'
[1.848s] Level 1:colcon.colcon_core.environment:checking '/home/username/ros2_ws/install/img_capture/bin'
[1.849s] Level 1:colcon.colcon_core.environment:checking '/home/username/ros2_ws/install/img_capture/lib/pkgconfig/img_capture.pc'
[1.849s] Level 1:colcon.colcon_core.environment:checking '/home/username/ros2_ws/install/img_capture/lib/python3.12/site-packages'
[1.850s] Level 1:colcon.colcon_core.environment:checking '/home/username/ros2_ws/install/img_capture/bin'
[1.850s] INFO:colcon.colcon_core.shell:Creating package script '/home/username/ros2_ws/install/img_capture/share/img_capture/package.ps1'
[1.851s] INFO:colcon.colcon_core.shell:Creating package descriptor '/home/username/ros2_ws/install/img_capture/share/img_capture/package.dsv'
[1.852s] INFO:colcon.colcon_core.shell:Creating package script '/home/username/ros2_ws/install/img_capture/share/img_capture/package.sh'
[1.854s] INFO:colcon.colcon_core.shell:Creating package script '/home/username/ros2_ws/install/img_capture/share/img_capture/package.bash'
[1.856s] INFO:colcon.colcon_core.shell:Creating package script '/home/username/ros2_ws/install/img_capture/share/img_capture/package.zsh'
[1.859s] Level 1:colcon.colcon_core.environment:create_file_with_runtime_dependencies(/home/username/ros2_ws/install/img_capture/share/colcon-core/packages/img_capture)
[1.861s] Level 1:colcon.colcon_core.environment:create_environment_scripts_only(img_capture)
[1.861s] Level 1:colcon.colcon_core.environment:checking '/home/username/ros2_ws/install/img_capture' for CMake module files
[1.863s] Level 1:colcon.colcon_core.environment:checking '/home/username/ros2_ws/install/img_capture' for CMake config files
[1.864s] Level 1:colcon.colcon_core.shell:create_environment_hook('img_capture', 'cmake_prefix_path')
[1.864s] INFO:colcon.colcon_core.shell:Creating environment hook '/home/username/ros2_ws/install/img_capture/share/img_capture/hook/cmake_prefix_path.ps1'
[1.865s] INFO:colcon.colcon_core.shell:Creating environment descriptor '/home/username/ros2_ws/install/img_capture/share/img_capture/hook/cmake_prefix_path.dsv'
[1.866s] INFO:colcon.colcon_core.shell:Creating environment hook '/home/username/ros2_ws/install/img_capture/share/img_capture/hook/cmake_prefix_path.sh'
[1.868s] Level 1:colcon.colcon_core.environment:checking '/home/username/ros2_ws/install/img_capture/lib'
[1.868s] Level 1:colcon.colcon_core.environment:checking '/home/username/ros2_ws/install/img_capture/bin'
[1.868s] Level 1:colcon.colcon_core.environment:checking '/home/username/ros2_ws/install/img_capture/lib/pkgconfig/img_capture.pc'
[1.869s] Level 1:colcon.colcon_core.environment:checking '/home/username/ros2_ws/install/img_capture/lib/python3.12/site-packages'
[1.869s] Level 1:colcon.colcon_core.environment:checking '/home/username/ros2_ws/install/img_capture/bin'
[1.869s] INFO:colcon.colcon_core.shell:Creating package script '/home/username/ros2_ws/install/img_capture/share/img_capture/package.ps1'
[1.871s] INFO:colcon.colcon_core.shell:Creating package descriptor '/home/username/ros2_ws/install/img_capture/share/img_capture/package.dsv'
[1.872s] INFO:colcon.colcon_core.shell:Creating package script '/home/username/ros2_ws/install/img_capture/share/img_capture/package.sh'
[1.874s] INFO:colcon.colcon_core.shell:Creating package script '/home/username/ros2_ws/install/img_capture/share/img_capture/package.bash'
[1.875s] INFO:colcon.colcon_core.shell:Creating package script '/home/username/ros2_ws/install/img_capture/share/img_capture/package.zsh'
[1.878s] Level 1:colcon.colcon_core.environment:create_file_with_runtime_dependencies(/home/username/ros2_ws/install/img_capture/share/colcon-core/packages/img_capture)
[1.880s] DEBUG:colcon.colcon_parallel_executor.executor.parallel:closing loop
[1.880s] DEBUG:colcon.colcon_parallel_executor.executor.parallel:loop closed
[1.881s] DEBUG:colcon.colcon_parallel_executor.executor.parallel:run_until_complete finished with '0'
[1.881s] DEBUG:colcon.colcon_core.event_reactor:joining thread
[1.890s] INFO:colcon.colcon_core.plugin_system:Skipping extension 'colcon_notification.desktop_notification.notify_send': Could not find 'notify-send'
[1.890s] INFO:colcon.colcon_core.plugin_system:Skipping extension 'colcon_notification.desktop_notification.terminal_notifier': Not used on non-Darwin systems
[1.890s] INFO:colcon.colcon_core.plugin_system:Skipping extension 'colcon_notification.desktop_notification.win32': Not used on non-Windows systems
[1.891s] INFO:colcon.colcon_notification.desktop_notification:Sending desktop notification using 'notify2'
[1.892s] DEBUG:colcon.colcon_notification.desktop_notification.notify2:Failed to initialize notify2: org.freedesktop.DBus.Error.ServiceUnknown: The name org.freedesktop.Notifications was not provided by any .service files
[1.892s] DEBUG:colcon.colcon_core.event_reactor:joined thread
[1.893s] INFO:colcon.colcon_core.shell:Creating prefix script '/home/username/ros2_ws/install/local_setup.ps1'
[1.894s] INFO:colcon.colcon_core.shell:Creating prefix util module '/home/username/ros2_ws/install/_local_setup_util_ps1.py'
[1.896s] INFO:colcon.colcon_core.shell:Creating prefix chain script '/home/username/ros2_ws/install/setup.ps1'
[1.898s] INFO:colcon.colcon_core.shell:Creating prefix script '/home/username/ros2_ws/install/local_setup.sh'
[1.900s] INFO:colcon.colcon_core.shell:Creating prefix util module '/home/username/ros2_ws/install/_local_setup_util_sh.py'
[1.902s] INFO:colcon.colcon_core.shell:Creating prefix chain script '/home/username/ros2_ws/install/setup.sh'
[1.904s] INFO:colcon.colcon_core.shell:Creating prefix script '/home/username/ros2_ws/install/local_setup.bash'
[1.905s] INFO:colcon.colcon_core.shell:Creating prefix chain script '/home/username/ros2_ws/install/setup.bash'
[1.907s] INFO:colcon.colcon_core.shell:Creating prefix script '/home/username/ros2_ws/install/local_setup.zsh'
[1.909s] INFO:colcon.colcon_core.shell:Creating prefix chain script '/home/username/ros2_ws/install/setup.zsh'
