[0.030s] Invoking command in '/home/username/ros2_ws/build/img_capture': CMAKE_PREFIX_PATH=${CMAKE_PREFIX_PATH}:/opt/ros/jazzy /usr/bin/cmake /home/username/ros2_ws/src/img_capture -DCMAKE_INSTALL_PREFIX=/home/username/ros2_ws/install/img_capture
[0.744s] -- The C compiler identification is GNU 13.3.0
[1.219s] -- The CXX compiler identification is GNU 13.3.0
[1.254s] -- Detecting C compiler ABI info
[1.477s] -- Detecting C compiler ABI info - done
[1.494s] -- Check for working C compiler: /usr/bin/cc - skipped
[1.495s] -- Detecting C compile features
[1.497s] -- Detecting C compile features - done
[1.514s] -- Detecting CXX compiler ABI info
[1.756s] -- Detecting CXX compiler ABI info - done
[1.773s] -- Check for working CXX compiler: /usr/bin/c++ - skipped
[1.775s] -- Detecting CXX compile features
[1.776s] -- Detecting CXX compile features - done
[1.782s] -- Found ament_cmake: 2.5.3 (/opt/ros/jazzy/share/ament_cmake/cmake)
[2.101s] -- Found Python3: /usr/bin/python3 (found version "3.12.3") found components: Interpreter 
[2.307s] -- Found ament_lint_auto: 0.17.1 (/opt/ros/jazzy/share/ament_lint_auto/cmake)
[2.640s] -- Added test 'lint_cmake' to check CMake code style
[2.644s] -- Added test 'xmllint' to check XML markup files
[2.647s] -- Configuring done (2.5s)
[2.652s] -- Generating done (0.0s)
[2.655s] -- Build files have been written to: /home/username/ros2_ws/build/img_capture
