[0.016s] Invoking command in '/home/username/ros2_ws/build/img_capture': CMAKE_PREFIX_PATH=${CMAKE_PREFIX_PATH}:/opt/ros/jazzy /usr/bin/cmake --build /home/username/ros2_ws/build/img_capture -- -j4 -l4
[0.111s] [100%] Built target seekcamera_publisher
[0.130s] Invoked command in '/home/username/ros2_ws/build/img_capture' returned '0': CMAKE_PREFIX_PATH=${CMAKE_PREFIX_PATH}:/opt/ros/jazzy /usr/bin/cmake --build /home/username/ros2_ws/build/img_capture -- -j4 -l4
[0.148s] Invoking command in '/home/username/ros2_ws/build/img_capture': CMAKE_PREFIX_PATH=${CMAKE_PREFIX_PATH}:/opt/ros/jazzy /usr/bin/cmake --install /home/username/ros2_ws/build/img_capture
[0.160s] -- Install configuration: ""
[0.161s] -- Execute custom install script
[0.161s] -- Up-to-date symlink: /home/username/ros2_ws/install/img_capture/lib/img_capture/seekcamera_publisher
[0.162s] -- Up-to-date symlink: /home/username/ros2_ws/install/img_capture/lib/img_capture/thermal_subscriber.py
[0.162s] -- Up-to-date symlink: /home/username/ros2_ws/install/img_capture/share/ament_index/resource_index/package_run_dependencies/img_capture
[0.163s] -- Up-to-date symlink: /home/username/ros2_ws/install/img_capture/share/ament_index/resource_index/parent_prefix_path/img_capture
[0.163s] -- Up-to-date symlink: /home/username/ros2_ws/install/img_capture/share/img_capture/environment/ament_prefix_path.sh
[0.163s] -- Up-to-date symlink: /home/username/ros2_ws/install/img_capture/share/img_capture/environment/ament_prefix_path.dsv
[0.163s] -- Up-to-date symlink: /home/username/ros2_ws/install/img_capture/share/img_capture/environment/path.sh
[0.163s] -- Up-to-date symlink: /home/username/ros2_ws/install/img_capture/share/img_capture/environment/path.dsv
[0.164s] -- Up-to-date symlink: /home/username/ros2_ws/install/img_capture/share/img_capture/local_setup.bash
[0.164s] -- Up-to-date symlink: /home/username/ros2_ws/install/img_capture/share/img_capture/local_setup.sh
[0.164s] -- Up-to-date symlink: /home/username/ros2_ws/install/img_capture/share/img_capture/local_setup.zsh
[0.164s] -- Up-to-date symlink: /home/username/ros2_ws/install/img_capture/share/img_capture/local_setup.dsv
[0.164s] -- Symlinking: /home/username/ros2_ws/install/img_capture/share/img_capture/package.dsv
[0.180s] -- Up-to-date symlink: /home/username/ros2_ws/install/img_capture/share/ament_index/resource_index/packages/img_capture
[0.180s] -- Up-to-date symlink: /home/username/ros2_ws/install/img_capture/share/img_capture/cmake/img_captureConfig.cmake
[0.180s] -- Up-to-date symlink: /home/username/ros2_ws/install/img_capture/share/img_capture/cmake/img_captureConfig-version.cmake
[0.181s] -- Up-to-date symlink: /home/username/ros2_ws/install/img_capture/share/img_capture/package.xml
[0.184s] Invoked command in '/home/username/ros2_ws/build/img_capture' returned '0': CMAKE_PREFIX_PATH=${CMAKE_PREFIX_PATH}:/opt/ros/jazzy /usr/bin/cmake --install /home/username/ros2_ws/build/img_capture
