[0.018s] Invoking command in '/home/username/ros2_ws/build/px4_ros_com': AMENT_PREFIX_PATH=/home/username/ros2_ws/install/px4_msgs:${AMENT_PREFIX_PATH} CMAKE_PREFIX_PATH=/home/username/ros2_ws/install/px4_msgs:/opt/ros/jazzy LD_LIBRARY_PATH=/home/username/ros2_ws/install/px4_msgs/lib:/home/username/ros2_ws/src/install/px4_ros_com/lib:/home/username/ros2_ws/src/install/px4_msgs/lib:/home/username/ros2_ws/install/px4_ros_com/lib:/opt/ros/jazzy/lib/aarch64-linux-gnu:/opt/ros/jazzy/lib:/usr/local/lib PYTHONPATH=/home/username/ros2_ws/install/px4_msgs/lib/python3.12/site-packages:/home/username/ros2_ws/src/install/px4_ros_com/lib/python3.12/site-packages:/home/username/ros2_ws/src/install/px4_msgs/lib/python3.12/site-packages:/home/username/ros2_ws/src/install/odometry_publisher/lib/python3.12/site-packages:/home/username/ros2_ws/build/odometry_publisher:/home/username/ros2_ws/build/detection:/home/username/ros2_ws/install/px4_ros_com/lib/python3.12/site-packages:/home/username/ros2_ws/install/odometry_publisher/lib/python3.12/site-packages:/home/username/ros2_ws/install/detection/lib/python3.12/site-packages:/opt/ros/jazzy/lib/python3.12/site-packages /usr/bin/cmake /home/username/ros2_ws/src/px4_ros_com -DCMAKE_INSTALL_PREFIX=/home/username/ros2_ws/install/px4_ros_com
[0.154s] -- The C compiler identification is GNU 13.3.0
[0.294s] -- The CXX compiler identification is GNU 13.3.0
[0.329s] -- Detecting C compiler ABI info
[0.541s] -- Detecting C compiler ABI info - done
[0.564s] -- Check for working C compiler: /usr/bin/cc - skipped
[0.564s] -- Detecting C compile features
[0.565s] -- Detecting C compile features - done
[0.584s] -- Detecting CXX compiler ABI info
[0.813s] -- Detecting CXX compiler ABI info - done
[0.836s] -- Check for working CXX compiler: /usr/bin/c++ - skipped
[0.836s] -- Detecting CXX compile features
[0.838s] -- Detecting CXX compile features - done
[0.841s] -- Found ament_cmake: 2.5.3 (/opt/ros/jazzy/share/ament_cmake/cmake)
[1.144s] -- Found Python3: /usr/bin/python3 (found version "3.12.3") found components: Interpreter 
[1.358s] -- Found builtin_interfaces: 2.0.2 (/opt/ros/jazzy/share/builtin_interfaces/cmake)
[1.414s] -- Found rosidl_generator_c: 4.6.5 (/opt/ros/jazzy/share/rosidl_generator_c/cmake)
[1.440s] -- Found rosidl_generator_cpp: 4.6.5 (/opt/ros/jazzy/share/rosidl_generator_cpp/cmake)
[1.471s] -- Using all available rosidl_typesupport_c: rosidl_typesupport_fastrtps_c;rosidl_typesupport_introspection_c
[1.506s] -- Using all available rosidl_typesupport_cpp: rosidl_typesupport_fastrtps_cpp;rosidl_typesupport_introspection_cpp
[1.538s] -- Found eigen3_cmake_module: 0.3.0 (/opt/ros/jazzy/share/eigen3_cmake_module/cmake)
[1.545s] -- Found Eigen3: TRUE (found version "3.4.0") 
[1.547s] -- Found geometry_msgs: 5.3.5 (/opt/ros/jazzy/share/geometry_msgs/cmake)
[1.612s] -- Found px4_msgs: 2.0.1 (/home/username/ros2_ws/install/px4_msgs/share/px4_msgs/cmake)
[1.681s] -- Found rclcpp: 28.1.6 (/opt/ros/jazzy/share/rclcpp/cmake)
[1.772s] -- Found rmw_implementation_cmake: 7.3.1 (/opt/ros/jazzy/share/rmw_implementation_cmake/cmake)
[1.776s] -- Found rmw_fastrtps_cpp: 8.4.1 (/opt/ros/jazzy/share/rmw_fastrtps_cpp/cmake)
[1.940s] -- Found OpenSSL: /usr/lib/aarch64-linux-gnu/libcrypto.so (found version "3.0.13")  
[1.971s] -- Found FastRTPS: /opt/ros/jazzy/include (Required is at least version "2.13") 
[2.021s] -- Using RMW implementation 'rmw_fastrtps_cpp' as default
[2.157s] -- Found sensor_msgs: 5.3.5 (/opt/ros/jazzy/share/sensor_msgs/cmake)
[2.206s] -- Found rclpy: 7.1.3 (/opt/ros/jazzy/share/rclpy/cmake)
[2.223s] -- Found ament_lint_auto: 0.17.1 (/opt/ros/jazzy/share/ament_lint_auto/cmake)
[2.517s] -- Added test 'copyright' to check source files copyright and LICENSE
[2.527s] -- Added test 'cppcheck' to perform static code analysis on C / C++ code
[2.529s] -- Configured cppcheck include dirs: /home/username/ros2_ws/src/px4_ros_com/include;$<BUILD_INTERFACE:/home/username/ros2_ws/src/px4_ros_com/include/px4_ros_com>
[2.529s] -- Configured cppcheck exclude dirs and/or files: 
[2.538s] -- Added test 'cpplint' to check C / C++ code against the Google style
[2.538s] -- Configured cpplint exclude dirs and/or files: 
[2.540s] -- Added test 'flake8' to check Python code syntax and style conventions
[2.540s] -- Configured 'flake8' exclude dirs and/or files: 
[2.543s] -- Added test 'lint_cmake' to check CMake code style
[2.545s] -- Added test 'pep257' to check Python code against some of the docstring style conventions in PEP 257
[2.554s] -- Added test 'uncrustify' to check C / C++ code style
[2.555s] -- Configured uncrustify additional arguments: 
[2.556s] -- Added test 'xmllint' to check XML markup files
[2.561s] -- Configuring done (2.5s)
[2.625s] -- Generating done (0.0s)
[2.648s] -- Build files have been written to: /home/username/ros2_ws/build/px4_ros_com
[2.675s] Invoked command in '/home/username/ros2_ws/build/px4_ros_com' returned '0': AMENT_PREFIX_PATH=/home/username/ros2_ws/install/px4_msgs:${AMENT_PREFIX_PATH} CMAKE_PREFIX_PATH=/home/username/ros2_ws/install/px4_msgs:/opt/ros/jazzy LD_LIBRARY_PATH=/home/username/ros2_ws/install/px4_msgs/lib:/home/username/ros2_ws/src/install/px4_ros_com/lib:/home/username/ros2_ws/src/install/px4_msgs/lib:/home/username/ros2_ws/install/px4_ros_com/lib:/opt/ros/jazzy/lib/aarch64-linux-gnu:/opt/ros/jazzy/lib:/usr/local/lib PYTHONPATH=/home/username/ros2_ws/install/px4_msgs/lib/python3.12/site-packages:/home/username/ros2_ws/src/install/px4_ros_com/lib/python3.12/site-packages:/home/username/ros2_ws/src/install/px4_msgs/lib/python3.12/site-packages:/home/username/ros2_ws/src/install/odometry_publisher/lib/python3.12/site-packages:/home/username/ros2_ws/build/odometry_publisher:/home/username/ros2_ws/build/detection:/home/username/ros2_ws/install/px4_ros_com/lib/python3.12/site-packages:/home/username/ros2_ws/install/odometry_publisher/lib/python3.12/site-packages:/home/username/ros2_ws/install/detection/lib/python3.12/site-packages:/opt/ros/jazzy/lib/python3.12/site-packages /usr/bin/cmake /home/username/ros2_ws/src/px4_ros_com -DCMAKE_INSTALL_PREFIX=/home/username/ros2_ws/install/px4_ros_com
[2.678s] Invoking command in '/home/username/ros2_ws/build/px4_ros_com': AMENT_PREFIX_PATH=/home/username/ros2_ws/install/px4_msgs:${AMENT_PREFIX_PATH} CMAKE_PREFIX_PATH=/home/username/ros2_ws/install/px4_msgs:/opt/ros/jazzy LD_LIBRARY_PATH=/home/username/ros2_ws/install/px4_msgs/lib:/home/username/ros2_ws/src/install/px4_ros_com/lib:/home/username/ros2_ws/src/install/px4_msgs/lib:/home/username/ros2_ws/install/px4_ros_com/lib:/opt/ros/jazzy/lib/aarch64-linux-gnu:/opt/ros/jazzy/lib:/usr/local/lib PYTHONPATH=/home/username/ros2_ws/install/px4_msgs/lib/python3.12/site-packages:/home/username/ros2_ws/src/install/px4_ros_com/lib/python3.12/site-packages:/home/username/ros2_ws/src/install/px4_msgs/lib/python3.12/site-packages:/home/username/ros2_ws/src/install/odometry_publisher/lib/python3.12/site-packages:/home/username/ros2_ws/build/odometry_publisher:/home/username/ros2_ws/build/detection:/home/username/ros2_ws/install/px4_ros_com/lib/python3.12/site-packages:/home/username/ros2_ws/install/odometry_publisher/lib/python3.12/site-packages:/home/username/ros2_ws/install/detection/lib/python3.12/site-packages:/opt/ros/jazzy/lib/python3.12/site-packages /usr/bin/cmake --build /home/username/ros2_ws/build/px4_ros_com
[2.805s] [ 33%] [32mBuilding CXX object CMakeFiles/debug_vect_advertiser.dir/src/examples/advertisers/debug_vect_advertiser.cpp.o[0m
[2.805s] [ 33%] [32mBuilding CXX object CMakeFiles/sensor_combined_listener.dir/src/examples/listeners/sensor_combined_listener.cpp.o[0m
[2.807s] [ 33%] [32mBuilding CXX object CMakeFiles/vehicle_gps_position_listener.dir/src/examples/listeners/vehicle_gps_position_listener.cpp.o[0m
[2.808s] [ 33%] [32mBuilding CXX object CMakeFiles/frame_transforms.dir/src/lib/frame_transforms.cpp.o[0m
[15.884s] [ 41%] [32m[1mLinking CXX executable debug_vect_advertiser[0m
[16.634s] [ 41%] Built target debug_vect_advertiser
[16.703s] [ 50%] [32mBuilding CXX object CMakeFiles/offboard_control.dir/src/examples/offboard/offboard_control.cpp.o[0m
[23.289s] [ 58%] [32m[1mLinking CXX shared library libframe_transforms.so[0m
[23.909s] [ 66%] [32m[1mLinking CXX executable vehicle_gps_position_listener[0m
[24.132s] [ 66%] Built target frame_transforms
[24.235s] [ 75%] [32mBuilding CXX object CMakeFiles/offboard_control_srv.dir/src/examples/offboard/offboard_control_srv.cpp.o[0m
[24.373s] [ 83%] [32m[1mLinking CXX executable sensor_combined_listener[0m
[25.312s] [ 83%] Built target vehicle_gps_position_listener
[25.411s] [ 83%] Built target ament_cmake_python_copy_px4_ros_com
[25.641s] [ 83%] Built target sensor_combined_listener
[25.977s] running egg_info
[25.979s] creating px4_ros_com.egg-info
[26.019s] writing px4_ros_com.egg-info/PKG-INFO
[26.020s] writing dependency_links to px4_ros_com.egg-info/dependency_links.txt
[26.020s] writing top-level names to px4_ros_com.egg-info/top_level.txt
[26.021s] writing manifest file 'px4_ros_com.egg-info/SOURCES.txt'
[26.136s] reading manifest file 'px4_ros_com.egg-info/SOURCES.txt'
[26.137s] writing manifest file 'px4_ros_com.egg-info/SOURCES.txt'
[26.249s] [ 83%] Built target ament_cmake_python_build_px4_ros_com_egg
[33.876s] [ 91%] [32m[1mLinking CXX executable offboard_control[0m
[34.600s] [ 91%] Built target offboard_control
[38.508s] [100%] [32m[1mLinking CXX executable offboard_control_srv[0m
[39.161s] [100%] Built target offboard_control_srv
[39.189s] Invoked command in '/home/username/ros2_ws/build/px4_ros_com' returned '0': AMENT_PREFIX_PATH=/home/username/ros2_ws/install/px4_msgs:${AMENT_PREFIX_PATH} CMAKE_PREFIX_PATH=/home/username/ros2_ws/install/px4_msgs:/opt/ros/jazzy LD_LIBRARY_PATH=/home/username/ros2_ws/install/px4_msgs/lib:/home/username/ros2_ws/src/install/px4_ros_com/lib:/home/username/ros2_ws/src/install/px4_msgs/lib:/home/username/ros2_ws/install/px4_ros_com/lib:/opt/ros/jazzy/lib/aarch64-linux-gnu:/opt/ros/jazzy/lib:/usr/local/lib PYTHONPATH=/home/username/ros2_ws/install/px4_msgs/lib/python3.12/site-packages:/home/username/ros2_ws/src/install/px4_ros_com/lib/python3.12/site-packages:/home/username/ros2_ws/src/install/px4_msgs/lib/python3.12/site-packages:/home/username/ros2_ws/src/install/odometry_publisher/lib/python3.12/site-packages:/home/username/ros2_ws/build/odometry_publisher:/home/username/ros2_ws/build/detection:/home/username/ros2_ws/install/px4_ros_com/lib/python3.12/site-packages:/home/username/ros2_ws/install/odometry_publisher/lib/python3.12/site-packages:/home/username/ros2_ws/install/detection/lib/python3.12/site-packages:/opt/ros/jazzy/lib/python3.12/site-packages /usr/bin/cmake --build /home/username/ros2_ws/build/px4_ros_com
[39.192s] Invoking command in '/home/username/ros2_ws/build/px4_ros_com': AMENT_PREFIX_PATH=/home/username/ros2_ws/install/px4_msgs:${AMENT_PREFIX_PATH} CMAKE_PREFIX_PATH=/home/username/ros2_ws/install/px4_msgs:/opt/ros/jazzy LD_LIBRARY_PATH=/home/username/ros2_ws/install/px4_msgs/lib:/home/username/ros2_ws/src/install/px4_ros_com/lib:/home/username/ros2_ws/src/install/px4_msgs/lib:/home/username/ros2_ws/install/px4_ros_com/lib:/opt/ros/jazzy/lib/aarch64-linux-gnu:/opt/ros/jazzy/lib:/usr/local/lib PYTHONPATH=/home/username/ros2_ws/install/px4_msgs/lib/python3.12/site-packages:/home/username/ros2_ws/src/install/px4_ros_com/lib/python3.12/site-packages:/home/username/ros2_ws/src/install/px4_msgs/lib/python3.12/site-packages:/home/username/ros2_ws/src/install/odometry_publisher/lib/python3.12/site-packages:/home/username/ros2_ws/build/odometry_publisher:/home/username/ros2_ws/build/detection:/home/username/ros2_ws/install/px4_ros_com/lib/python3.12/site-packages:/home/username/ros2_ws/install/odometry_publisher/lib/python3.12/site-packages:/home/username/ros2_ws/install/detection/lib/python3.12/site-packages:/opt/ros/jazzy/lib/python3.12/site-packages /usr/bin/cmake --install /home/username/ros2_ws/build/px4_ros_com
[39.211s] -- Install configuration: ""
[39.211s] -- Installing: /home/username/ros2_ws/install/px4_ros_com/lib/px4_ros_com/sensor_combined_listener
[39.223s] -- Set non-toolchain portion of runtime path of "/home/username/ros2_ws/install/px4_ros_com/lib/px4_ros_com/sensor_combined_listener" to ""
[39.223s] -- Installing: /home/username/ros2_ws/install/px4_ros_com/lib/px4_ros_com/vehicle_gps_position_listener
[39.235s] -- Set non-toolchain portion of runtime path of "/home/username/ros2_ws/install/px4_ros_com/lib/px4_ros_com/vehicle_gps_position_listener" to ""
[39.235s] -- Installing: /home/username/ros2_ws/install/px4_ros_com/lib/px4_ros_com/debug_vect_advertiser
[39.239s] -- Set non-toolchain portion of runtime path of "/home/username/ros2_ws/install/px4_ros_com/lib/px4_ros_com/debug_vect_advertiser" to ""
[39.239s] -- Installing: /home/username/ros2_ws/install/px4_ros_com/lib/px4_ros_com/offboard_control
[39.246s] -- Set non-toolchain portion of runtime path of "/home/username/ros2_ws/install/px4_ros_com/lib/px4_ros_com/offboard_control" to ""
[39.246s] -- Installing: /home/username/ros2_ws/install/px4_ros_com/lib/px4_ros_com/offboard_control_srv
[39.253s] -- Set non-toolchain portion of runtime path of "/home/username/ros2_ws/install/px4_ros_com/lib/px4_ros_com/offboard_control_srv" to ""
[39.254s] -- Installing: /home/username/ros2_ws/install/px4_ros_com/share/px4_ros_com/environment/library_path.sh
[39.254s] -- Installing: /home/username/ros2_ws/install/px4_ros_com/share/px4_ros_com/environment/library_path.dsv
[39.254s] -- Installing: /home/username/ros2_ws/install/px4_ros_com/include/px4_ros_com
[39.254s] -- Installing: /home/username/ros2_ws/install/px4_ros_com/include/px4_ros_com/frame_transforms.h
[39.255s] -- Installing: /home/username/ros2_ws/install/px4_ros_com/lib/libframe_transforms.so
[39.265s] -- Set non-toolchain portion of runtime path of "/home/username/ros2_ws/install/px4_ros_com/lib/libframe_transforms.so" to ""
[39.265s] -- Installing: /home/username/ros2_ws/install/px4_ros_com/share/px4_ros_com//launch
[39.265s] -- Installing: /home/username/ros2_ws/install/px4_ros_com/share/px4_ros_com//launch/sensor_combined_listener.launch.py
[39.265s] -- Installing: /home/username/ros2_ws/install/px4_ros_com/share/px4_ros_com//launch/offboard_control_launch.yaml
[39.265s] -- Installing: /home/username/ros2_ws/install/px4_ros_com/share/px4_ros_com//test
[39.266s] -- Installing: /home/username/ros2_ws/install/px4_ros_com/share/px4_ros_com//test/pipeline_io_test.py
[39.266s] -- Installing: /home/username/ros2_ws/install/px4_ros_com/share/px4_ros_com//test/test_output.py
[39.266s] -- Installing: /home/username/ros2_ws/install/px4_ros_com/share/px4_ros_com//test/test_input.py
[39.266s] -- Installing: /home/username/ros2_ws/install/px4_ros_com/share/px4_ros_com//test/__init__.py
[39.266s] -- Installing: /home/username/ros2_ws/install/px4_ros_com/share/px4_ros_com/environment/pythonpath.sh
[39.267s] -- Installing: /home/username/ros2_ws/install/px4_ros_com/share/px4_ros_com/environment/pythonpath.dsv
[39.267s] -- Installing: /home/username/ros2_ws/install/px4_ros_com/lib/python3.12/site-packages/px4_ros_com-0.1.0-py3.12.egg-info
[39.267s] -- Installing: /home/username/ros2_ws/install/px4_ros_com/lib/python3.12/site-packages/px4_ros_com-0.1.0-py3.12.egg-info/dependency_links.txt
[39.267s] -- Installing: /home/username/ros2_ws/install/px4_ros_com/lib/python3.12/site-packages/px4_ros_com-0.1.0-py3.12.egg-info/PKG-INFO
[39.268s] -- Installing: /home/username/ros2_ws/install/px4_ros_com/lib/python3.12/site-packages/px4_ros_com-0.1.0-py3.12.egg-info/top_level.txt
[39.268s] -- Installing: /home/username/ros2_ws/install/px4_ros_com/lib/python3.12/site-packages/px4_ros_com-0.1.0-py3.12.egg-info/SOURCES.txt
[39.268s] -- Installing: /home/username/ros2_ws/install/px4_ros_com/lib/python3.12/site-packages/px4_ros_com
[39.268s] -- Installing: /home/username/ros2_ws/install/px4_ros_com/lib/python3.12/site-packages/px4_ros_com/__init__.py
[39.268s] -- Installing: /home/username/ros2_ws/install/px4_ros_com/lib/python3.12/site-packages/px4_ros_com/module_to_import.py
[39.348s] Listing '/home/username/ros2_ws/install/px4_ros_com/lib/python3.12/site-packages/px4_ros_com'...
[39.348s] Compiling '/home/username/ros2_ws/install/px4_ros_com/lib/python3.12/site-packages/px4_ros_com/__init__.py'...
[39.348s] Compiling '/home/username/ros2_ws/install/px4_ros_com/lib/python3.12/site-packages/px4_ros_com/module_to_import.py'...
[39.364s] -- Installing: /home/username/ros2_ws/install/px4_ros_com/lib/px4_ros_com/offboard_control.py
[39.365s] -- Installing: /home/username/ros2_ws/install/px4_ros_com/share/ament_index/resource_index/package_run_dependencies/px4_ros_com
[39.365s] -- Installing: /home/username/ros2_ws/install/px4_ros_com/share/ament_index/resource_index/parent_prefix_path/px4_ros_com
[39.366s] -- Installing: /home/username/ros2_ws/install/px4_ros_com/share/px4_ros_com/environment/ament_prefix_path.sh
[39.366s] -- Installing: /home/username/ros2_ws/install/px4_ros_com/share/px4_ros_com/environment/ament_prefix_path.dsv
[39.366s] -- Installing: /home/username/ros2_ws/install/px4_ros_com/share/px4_ros_com/environment/path.sh
[39.366s] -- Installing: /home/username/ros2_ws/install/px4_ros_com/share/px4_ros_com/environment/path.dsv
[39.367s] -- Installing: /home/username/ros2_ws/install/px4_ros_com/share/px4_ros_com/local_setup.bash
[39.367s] -- Installing: /home/username/ros2_ws/install/px4_ros_com/share/px4_ros_com/local_setup.sh
[39.367s] -- Installing: /home/username/ros2_ws/install/px4_ros_com/share/px4_ros_com/local_setup.zsh
[39.367s] -- Installing: /home/username/ros2_ws/install/px4_ros_com/share/px4_ros_com/local_setup.dsv
[39.368s] -- Installing: /home/username/ros2_ws/install/px4_ros_com/share/px4_ros_com/package.dsv
[39.368s] -- Installing: /home/username/ros2_ws/install/px4_ros_com/share/ament_index/resource_index/packages/px4_ros_com
[39.368s] -- Installing: /home/username/ros2_ws/install/px4_ros_com/share/px4_ros_com/cmake/export_frame_transformsExport.cmake
[39.369s] -- Installing: /home/username/ros2_ws/install/px4_ros_com/share/px4_ros_com/cmake/export_frame_transformsExport-noconfig.cmake
[39.369s] -- Installing: /home/username/ros2_ws/install/px4_ros_com/share/px4_ros_com/cmake/ament_cmake_export_dependencies-extras.cmake
[39.369s] -- Installing: /home/username/ros2_ws/install/px4_ros_com/share/px4_ros_com/cmake/ament_cmake_export_targets-extras.cmake
[39.369s] -- Installing: /home/username/ros2_ws/install/px4_ros_com/share/px4_ros_com/cmake/ament_cmake_export_include_directories-extras.cmake
[39.370s] -- Installing: /home/username/ros2_ws/install/px4_ros_com/share/px4_ros_com/cmake/ament_cmake_export_libraries-extras.cmake
[39.370s] -- Installing: /home/username/ros2_ws/install/px4_ros_com/share/px4_ros_com/cmake/px4_ros_comConfig.cmake
[39.370s] -- Installing: /home/username/ros2_ws/install/px4_ros_com/share/px4_ros_com/cmake/px4_ros_comConfig-version.cmake
[39.370s] -- Installing: /home/username/ros2_ws/install/px4_ros_com/share/px4_ros_com/package.xml
[39.375s] Invoked command in '/home/username/ros2_ws/build/px4_ros_com' returned '0': AMENT_PREFIX_PATH=/home/username/ros2_ws/install/px4_msgs:${AMENT_PREFIX_PATH} CMAKE_PREFIX_PATH=/home/username/ros2_ws/install/px4_msgs:/opt/ros/jazzy LD_LIBRARY_PATH=/home/username/ros2_ws/install/px4_msgs/lib:/home/username/ros2_ws/src/install/px4_ros_com/lib:/home/username/ros2_ws/src/install/px4_msgs/lib:/home/username/ros2_ws/install/px4_ros_com/lib:/opt/ros/jazzy/lib/aarch64-linux-gnu:/opt/ros/jazzy/lib:/usr/local/lib PYTHONPATH=/home/username/ros2_ws/install/px4_msgs/lib/python3.12/site-packages:/home/username/ros2_ws/src/install/px4_ros_com/lib/python3.12/site-packages:/home/username/ros2_ws/src/install/px4_msgs/lib/python3.12/site-packages:/home/username/ros2_ws/src/install/odometry_publisher/lib/python3.12/site-packages:/home/username/ros2_ws/build/odometry_publisher:/home/username/ros2_ws/build/detection:/home/username/ros2_ws/install/px4_ros_com/lib/python3.12/site-packages:/home/username/ros2_ws/install/odometry_publisher/lib/python3.12/site-packages:/home/username/ros2_ws/install/detection/lib/python3.12/site-packages:/opt/ros/jazzy/lib/python3.12/site-packages /usr/bin/cmake --install /home/username/ros2_ws/build/px4_ros_com
