[ 50%] [32mBuilding CXX object CMakeFiles/seekcamera_publisher.dir/src/seekcamera_publisher.cpp.o[0m
[100%] [32m[1mLinking CXX executable seekcamera_publisher[0m
[100%] Built target seekcamera_publisher
-- Install configuration: ""
-- Execute custom install script
-- Symlinking: /home/username/ros2_ws/install/img_capture/lib/img_capture/seekcamera_publisher
-- Symlinking: /home/username/ros2_ws/install/img_capture/lib/img_capture/thermal_subscriber.py
-- Symlinking: /home/username/ros2_ws/install/img_capture/share/ament_index/resource_index/package_run_dependencies/img_capture
-- Symlinking: /home/username/ros2_ws/install/img_capture/share/ament_index/resource_index/parent_prefix_path/img_capture
-- Symlinking: /home/username/ros2_ws/install/img_capture/share/img_capture/environment/ament_prefix_path.sh
-- Symlinking: /home/username/ros2_ws/install/img_capture/share/img_capture/environment/ament_prefix_path.dsv
-- Symlinking: /home/username/ros2_ws/install/img_capture/share/img_capture/environment/path.sh
-- Symlinking: /home/username/ros2_ws/install/img_capture/share/img_capture/environment/path.dsv
-- Symlinking: /home/username/ros2_ws/install/img_capture/share/img_capture/local_setup.bash
-- Symlinking: /home/username/ros2_ws/install/img_capture/share/img_capture/local_setup.sh
-- Symlinking: /home/username/ros2_ws/install/img_capture/share/img_capture/local_setup.zsh
-- Symlinking: /home/username/ros2_ws/install/img_capture/share/img_capture/local_setup.dsv
-- Symlinking: /home/username/ros2_ws/install/img_capture/share/img_capture/package.dsv
-- Symlinking: /home/username/ros2_ws/install/img_capture/share/ament_index/resource_index/packages/img_capture
-- Symlinking: /home/username/ros2_ws/install/img_capture/share/img_capture/cmake/img_captureConfig.cmake
-- Symlinking: /home/username/ros2_ws/install/img_capture/share/img_capture/cmake/img_captureConfig-version.cmake
-- Symlinking: /home/username/ros2_ws/install/img_capture/share/img_capture/package.xml
