[0.025s] Invoking command in '/home/username/ros2_ws/build/sdk_wrap': CMAKE_PREFIX_PATH=${CMAKE_PREFIX_PATH}:/opt/ros/jazzy /usr/bin/cmake /home/username/ros2_ws/src/sdk_wrap -DCMAKE_INSTALL_PREFIX=/home/username/ros2_ws/install/sdk_wrap
[0.046s] -- Found ament_cmake: 2.5.3 (/opt/ros/jazzy/share/ament_cmake/cmake)
[0.385s] -- Found rclcpp: 28.1.6 (/opt/ros/jazzy/share/rclcpp/cmake)
[0.417s] -- Found rosidl_generator_c: 4.6.5 (/opt/ros/jazzy/share/rosidl_generator_c/cmake)
[0.431s] -- Found rosidl_generator_cpp: 4.6.5 (/opt/ros/jazzy/share/rosidl_generator_cpp/cmake)
[0.447s] -- Using all available rosidl_typesupport_c: rosidl_typesupport_fastrtps_c;rosidl_typesupport_introspection_c
[0.467s] -- Using all available rosidl_typesupport_cpp: rosidl_typesupport_fastrtps_cpp;rosidl_typesupport_introspection_cpp
[0.551s] -- Found rmw_implementation_cmake: 7.3.1 (/opt/ros/jazzy/share/rmw_implementation_cmake/cmake)
[0.553s] -- Found rmw_fastrtps_cpp: 8.4.1 (/opt/ros/jazzy/share/rmw_fastrtps_cpp/cmake)
[0.642s] -- Using RMW implementation 'rmw_fastrtps_cpp' as default
[0.729s] -- Found pybind11: /usr/include (found version "2.11.1")
[0.734s] [31mCMake Error at CMakeLists.txt:20 (find_package):
[0.734s]   By not providing "Findseekcamera.cmake" in CMAKE_MODULE_PATH this project
[0.734s]   has asked CMake to find a package configuration file provided by
[0.734s]   "seekcamera", but CMake did not find one.
[0.734s] 
[0.734s]   Could not find a package configuration file provided by "seekcamera" with
[0.734s]   any of the following names:
[0.734s] 
[0.735s]     seekcameraConfig.cmake
[0.735s]     seekcamera-config.cmake
[0.735s] 
[0.735s]   Add the installation prefix of "seekcamera" to CMAKE_PREFIX_PATH or set
[0.735s]   "seekcamera_DIR" to a directory containing one of the above files.  If
[0.735s]   "seekcamera" provides a separate development package or SDK, be sure it has
[0.735s]   been installed.
[0.735s] 
[0.735s] [0m
[0.735s] -- Configuring incomplete, errors occurred!
[0.748s] Invoked command in '/home/username/ros2_ws/build/sdk_wrap' returned '1': CMAKE_PREFIX_PATH=${CMAKE_PREFIX_PATH}:/opt/ros/jazzy /usr/bin/cmake /home/username/ros2_ws/src/sdk_wrap -DCMAKE_INSTALL_PREFIX=/home/username/ros2_ws/install/sdk_wrap
