[0.129s] Invoking command in '/home/username/ros2_ws/build/img_capture': CMAKE_PREFIX_PATH=${CMAKE_PREFIX_PATH}:/opt/ros/jazzy /usr/bin/cmake --build /home/username/ros2_ws/build/img_capture
[0.235s] [100%] Built target seekcamera_publisher
[0.256s] Invoked command in '/home/username/ros2_ws/build/img_capture' returned '0': CMAKE_PREFIX_PATH=${CMAKE_PREFIX_PATH}:/opt/ros/jazzy /usr/bin/cmake --build /home/username/ros2_ws/build/img_capture
[0.275s] Invoking command in '/home/username/ros2_ws/build/img_capture': CMAKE_PREFIX_PATH=${CMAKE_PREFIX_PATH}:/opt/ros/jazzy /usr/bin/cmake --install /home/username/ros2_ws/build/img_capture
[0.290s] -- Install configuration: ""
[0.291s] -- Up-to-date: /home/username/ros2_ws/install/img_capture/lib/img_capture/seekcamera_publisher
[0.291s] -- Up-to-date: /home/username/ros2_ws/install/img_capture/lib/img_capture/thermal_subscriber.py
[0.291s] -- Up-to-date: /home/username/ros2_ws/install/img_capture/share/ament_index/resource_index/package_run_dependencies/img_capture
[0.292s] -- Up-to-date: /home/username/ros2_ws/install/img_capture/share/ament_index/resource_index/parent_prefix_path/img_capture
[0.292s] -- Up-to-date: /home/username/ros2_ws/install/img_capture/share/img_capture/environment/ament_prefix_path.sh
[0.293s] -- Up-to-date: /home/username/ros2_ws/install/img_capture/share/img_capture/environment/ament_prefix_path.dsv
[0.293s] -- Up-to-date: /home/username/ros2_ws/install/img_capture/share/img_capture/environment/path.sh
[0.293s] -- Up-to-date: /home/username/ros2_ws/install/img_capture/share/img_capture/environment/path.dsv
[0.293s] -- Up-to-date: /home/username/ros2_ws/install/img_capture/share/img_capture/local_setup.bash
[0.294s] -- Up-to-date: /home/username/ros2_ws/install/img_capture/share/img_capture/local_setup.sh
[0.294s] -- Up-to-date: /home/username/ros2_ws/install/img_capture/share/img_capture/local_setup.zsh
[0.294s] -- Up-to-date: /home/username/ros2_ws/install/img_capture/share/img_capture/local_setup.dsv
[0.294s] -- Installing: /home/username/ros2_ws/install/img_capture/share/img_capture/package.dsv
[0.294s] -- Up-to-date: /home/username/ros2_ws/install/img_capture/share/ament_index/resource_index/packages/img_capture
[0.294s] -- Up-to-date: /home/username/ros2_ws/install/img_capture/share/img_capture/cmake/img_captureConfig.cmake
[0.294s] -- Up-to-date: /home/username/ros2_ws/install/img_capture/share/img_capture/cmake/img_captureConfig-version.cmake
[0.294s] -- Up-to-date: /home/username/ros2_ws/install/img_capture/share/img_capture/package.xml
[0.295s] -- Up-to-date: /home/username/ros2_ws/install/img_capture/share/img_capture//launch
[0.295s] -- Up-to-date: /home/username/ros2_ws/install/img_capture/share/img_capture//launch/img_capture.launch.py
[0.299s] Invoked command in '/home/username/ros2_ws/build/img_capture' returned '0': CMAKE_PREFIX_PATH=${CMAKE_PREFIX_PATH}:/opt/ros/jazzy /usr/bin/cmake --install /home/username/ros2_ws/build/img_capture
