[1.532s] Invoking command in '/home/username/ros2_ws/src/detection': PYTHONPATH=/home/username/ros2_ws/build/detection/prefix_override:/usr/lib/python3/dist-packages/colcon_core/task/python/colcon_distutils_commands:/home/username/ros2_ws/install/detection/lib/python3.12/site-packages:${PYTHONPATH} /usr/bin/python3 -W ignore:setup.py install is deprecated -W ignore:easy_install command is deprecated setup.py egg_info --egg-base ../../build/detection build --build-base /home/username/ros2_ws/build/detection/build install --record /home/username/ros2_ws/build/detection/install.log --single-version-externally-managed install_data
[1.846s] running egg_info
[1.847s] creating ../../build/detection/detection.egg-info
[1.867s] writing ../../build/detection/detection.egg-info/PKG-INFO
[1.867s] writing dependency_links to ../../build/detection/detection.egg-info/dependency_links.txt
[1.867s] writing entry points to ../../build/detection/detection.egg-info/entry_points.txt
[1.867s] writing requirements to ../../build/detection/detection.egg-info/requires.txt
[1.868s] writing top-level names to ../../build/detection/detection.egg-info/top_level.txt
[1.868s] writing manifest file '../../build/detection/detection.egg-info/SOURCES.txt'
[1.909s] reading manifest file '../../build/detection/detection.egg-info/SOURCES.txt'
[1.909s] adding license file 'LICENSE'
[1.910s] writing manifest file '../../build/detection/detection.egg-info/SOURCES.txt'
[1.910s] running build
[1.910s] running build_py
[1.910s] creating /home/username/ros2_ws/build/detection/build
[1.911s] creating /home/username/ros2_ws/build/detection/build/lib
[1.911s] creating /home/username/ros2_ws/build/detection/build/lib/detection
[1.911s] copying detection/kmeans.py -> /home/username/ros2_ws/build/detection/build/lib/detection
[1.911s] copying detection/__init__.py -> /home/username/ros2_ws/build/detection/build/lib/detection
[1.911s] running install
[1.920s] running install_lib
[1.941s] creating /home/username/ros2_ws/install/detection/lib/python3.12/site-packages/detection
[1.941s] copying /home/username/ros2_ws/build/detection/build/lib/detection/kmeans.py -> /home/username/ros2_ws/install/detection/lib/python3.12/site-packages/detection
[1.941s] copying /home/username/ros2_ws/build/detection/build/lib/detection/__init__.py -> /home/username/ros2_ws/install/detection/lib/python3.12/site-packages/detection
[1.942s] byte-compiling /home/username/ros2_ws/install/detection/lib/python3.12/site-packages/detection/kmeans.py to kmeans.cpython-312.pyc
[1.943s] byte-compiling /home/username/ros2_ws/install/detection/lib/python3.12/site-packages/detection/__init__.py to __init__.cpython-312.pyc
[1.943s] running install_data
[1.944s] creating /home/username/ros2_ws/install/detection/share/ament_index
[1.944s] creating /home/username/ros2_ws/install/detection/share/ament_index/resource_index
[1.944s] creating /home/username/ros2_ws/install/detection/share/ament_index/resource_index/packages
[1.944s] copying resource/detection -> /home/username/ros2_ws/install/detection/share/ament_index/resource_index/packages
[1.944s] copying package.xml -> /home/username/ros2_ws/install/detection/share/detection
[1.944s] running install_egg_info
[1.967s] Copying ../../build/detection/detection.egg-info to /home/username/ros2_ws/install/detection/lib/python3.12/site-packages/detection-0.0.0-py3.12.egg-info
[1.968s] running install_scripts
[2.116s] Installing kmeans script to /home/username/ros2_ws/install/detection/lib/detection
[2.116s] writing list of installed files to '/home/username/ros2_ws/build/detection/install.log'
[2.191s] Invoked command in '/home/username/ros2_ws/src/detection' returned '0': PYTHONPATH=/home/username/ros2_ws/build/detection/prefix_override:/usr/lib/python3/dist-packages/colcon_core/task/python/colcon_distutils_commands:/home/username/ros2_ws/install/detection/lib/python3.12/site-packages:${PYTHONPATH} /usr/bin/python3 -W ignore:setup.py install is deprecated -W ignore:easy_install command is deprecated setup.py egg_info --egg-base ../../build/detection build --build-base /home/username/ros2_ws/build/detection/build install --record /home/username/ros2_ws/build/detection/install.log --single-version-externally-managed install_data
