[0.144s] DEBUG:colcon:Command line arguments: ['/usr/bin/colcon', 'build']
[0.144s] DEBUG:colcon:Parsed command line arguments: Namespace(log_base=None, log_level=None, verb_name='build', build_base='build', install_base='install', merge_install=False, symlink_install=False, test_result_base=None, continue_on_error=False, executor='parallel', parallel_workers=4, event_handlers=None, ignore_user_meta=False, metas=['./colcon.meta'], base_paths=['.'], packages_ignore=None, packages_ignore_regex=None, paths=None, packages_up_to=None, packages_up_to_regex=None, packages_above=None, packages_above_and_dependencies=None, packages_above_depth=None, packages_select_by_dep=None, packages_skip_by_dep=None, packages_skip_up_to=None, packages_select_build_failed=False, packages_skip_build_finished=False, packages_select_test_failures=False, packages_skip_test_passed=False, packages_select=None, packages_skip=None, packages_select_regex=None, packages_skip_regex=None, packages_start=None, packages_end=None, allow_overriding=[], cmake_args=None, cmake_target=None, cmake_target_skip_unavailable=False, cmake_clean_cache=False, cmake_clean_first=False, cmake_force_configure=False, ament_cmake_args=None, catkin_cmake_args=None, catkin_skip_building_tests=False, mixin_files=None, mixin=None, verb_parser=<colcon_mixin.mixin.mixin_argument.MixinArgumentDecorator object at 0xffff9d5c1070>, verb_extension=<colcon_core.verb.build.BuildVerb object at 0xffff9d785610>, main=<bound method BuildVerb.main of <colcon_core.verb.build.BuildVerb object at 0xffff9d785610>>, mixin_verb=('build',))
[0.201s] Level 1:colcon.colcon_core.package_discovery:discover_packages(colcon_meta) check parameters
[0.201s] Level 1:colcon.colcon_core.package_discovery:discover_packages(recursive) check parameters
[0.201s] Level 1:colcon.colcon_core.package_discovery:discover_packages(ignore) check parameters
[0.201s] Level 1:colcon.colcon_core.package_discovery:discover_packages(path) check parameters
[0.201s] Level 1:colcon.colcon_core.package_discovery:discover_packages(colcon_meta) discover
[0.201s] Level 1:colcon.colcon_core.package_discovery:discover_packages(recursive) discover
[0.201s] INFO:colcon.colcon_core.package_discovery:Crawling recursively for packages in '/home/username/ros2_ws'
[0.202s] Level 1:colcon.colcon_core.package_identification:_identify(.) by extensions ['ignore', 'ignore_ament_install']
[0.202s] Level 1:colcon.colcon_core.package_identification:_identify(.) by extension 'ignore'
[0.202s] Level 1:colcon.colcon_core.package_identification:_identify(.) by extension 'ignore_ament_install'
[0.202s] Level 1:colcon.colcon_core.package_identification:_identify(.) by extensions ['colcon_pkg']
[0.202s] Level 1:colcon.colcon_core.package_identification:_identify(.) by extension 'colcon_pkg'
[0.202s] Level 1:colcon.colcon_core.package_identification:_identify(.) by extensions ['colcon_meta']
[0.202s] Level 1:colcon.colcon_core.package_identification:_identify(.) by extension 'colcon_meta'
[0.202s] Level 1:colcon.colcon_core.package_identification:_identify(.) by extensions ['ros']
[0.202s] Level 1:colcon.colcon_core.package_identification:_identify(.) by extension 'ros'
[0.240s] Level 1:colcon.colcon_core.package_identification:_identify(.) by extensions ['cmake', 'python']
[0.240s] Level 1:colcon.colcon_core.package_identification:_identify(.) by extension 'cmake'
[0.240s] Level 1:colcon.colcon_core.package_identification:_identify(.) by extension 'python'
[0.240s] Level 1:colcon.colcon_core.package_identification:_identify(.) by extensions ['python_setup_py']
[0.241s] Level 1:colcon.colcon_core.package_identification:_identify(.) by extension 'python_setup_py'
[0.241s] Level 1:colcon.colcon_core.package_identification:_identify(build) by extensions ['ignore', 'ignore_ament_install']
[0.241s] Level 1:colcon.colcon_core.package_identification:_identify(build) by extension 'ignore'
[0.241s] Level 1:colcon.colcon_core.package_identification:_identify(build) ignored
[0.241s] Level 1:colcon.colcon_core.package_identification:_identify(install) by extensions ['ignore', 'ignore_ament_install']
[0.241s] Level 1:colcon.colcon_core.package_identification:_identify(install) by extension 'ignore'
[0.241s] Level 1:colcon.colcon_core.package_identification:_identify(install) ignored
[0.241s] Level 1:colcon.colcon_core.package_identification:_identify(log) by extensions ['ignore', 'ignore_ament_install']
[0.241s] Level 1:colcon.colcon_core.package_identification:_identify(log) by extension 'ignore'
[0.241s] Level 1:colcon.colcon_core.package_identification:_identify(log) ignored
[0.242s] Level 1:colcon.colcon_core.package_identification:_identify(src) by extensions ['ignore', 'ignore_ament_install']
[0.242s] Level 1:colcon.colcon_core.package_identification:_identify(src) by extension 'ignore'
[0.242s] Level 1:colcon.colcon_core.package_identification:_identify(src) by extension 'ignore_ament_install'
[0.242s] Level 1:colcon.colcon_core.package_identification:_identify(src) by extensions ['colcon_pkg']
[0.242s] Level 1:colcon.colcon_core.package_identification:_identify(src) by extension 'colcon_pkg'
[0.242s] Level 1:colcon.colcon_core.package_identification:_identify(src) by extensions ['colcon_meta']
[0.242s] Level 1:colcon.colcon_core.package_identification:_identify(src) by extension 'colcon_meta'
[0.242s] Level 1:colcon.colcon_core.package_identification:_identify(src) by extensions ['ros']
[0.242s] Level 1:colcon.colcon_core.package_identification:_identify(src) by extension 'ros'
[0.242s] Level 1:colcon.colcon_core.package_identification:_identify(src) by extensions ['cmake', 'python']
[0.242s] Level 1:colcon.colcon_core.package_identification:_identify(src) by extension 'cmake'
[0.242s] Level 1:colcon.colcon_core.package_identification:_identify(src) by extension 'python'
[0.242s] Level 1:colcon.colcon_core.package_identification:_identify(src) by extensions ['python_setup_py']
[0.242s] Level 1:colcon.colcon_core.package_identification:_identify(src) by extension 'python_setup_py'
[0.242s] Level 1:colcon.colcon_core.package_identification:_identify(src/build) by extensions ['ignore', 'ignore_ament_install']
[0.242s] Level 1:colcon.colcon_core.package_identification:_identify(src/build) by extension 'ignore'
[0.242s] Level 1:colcon.colcon_core.package_identification:_identify(src/build) ignored
[0.242s] Level 1:colcon.colcon_core.package_identification:_identify(src/img_capture) by extensions ['ignore', 'ignore_ament_install']
[0.243s] Level 1:colcon.colcon_core.package_identification:_identify(src/img_capture) by extension 'ignore'
[0.243s] Level 1:colcon.colcon_core.package_identification:_identify(src/img_capture) by extension 'ignore_ament_install'
[0.243s] Level 1:colcon.colcon_core.package_identification:_identify(src/img_capture) by extensions ['colcon_pkg']
[0.243s] Level 1:colcon.colcon_core.package_identification:_identify(src/img_capture) by extension 'colcon_pkg'
[0.243s] Level 1:colcon.colcon_core.package_identification:_identify(src/img_capture) by extensions ['colcon_meta']
[0.243s] Level 1:colcon.colcon_core.package_identification:_identify(src/img_capture) by extension 'colcon_meta'
[0.243s] Level 1:colcon.colcon_core.package_identification:_identify(src/img_capture) by extensions ['ros']
[0.243s] Level 1:colcon.colcon_core.package_identification:_identify(src/img_capture) by extension 'ros'
[0.246s] DEBUG:colcon.colcon_core.package_identification:Package 'src/img_capture' with type 'ros.ament_cmake' and name 'img_capture'
[0.246s] Level 1:colcon.colcon_core.package_identification:_identify(src/install) by extensions ['ignore', 'ignore_ament_install']
[0.246s] Level 1:colcon.colcon_core.package_identification:_identify(src/install) by extension 'ignore'
[0.246s] Level 1:colcon.colcon_core.package_identification:_identify(src/install) ignored
[0.247s] Level 1:colcon.colcon_core.package_identification:_identify(src/log) by extensions ['ignore', 'ignore_ament_install']
[0.247s] Level 1:colcon.colcon_core.package_identification:_identify(src/log) by extension 'ignore'
[0.247s] Level 1:colcon.colcon_core.package_identification:_identify(src/log) ignored
[0.247s] Level 1:colcon.colcon_core.package_identification:_identify(src/low_alt) by extensions ['ignore', 'ignore_ament_install']
[0.247s] Level 1:colcon.colcon_core.package_identification:_identify(src/low_alt) by extension 'ignore'
[0.247s] Level 1:colcon.colcon_core.package_identification:_identify(src/low_alt) by extension 'ignore_ament_install'
[0.247s] Level 1:colcon.colcon_core.package_identification:_identify(src/low_alt) by extensions ['colcon_pkg']
[0.247s] Level 1:colcon.colcon_core.package_identification:_identify(src/low_alt) by extension 'colcon_pkg'
[0.247s] Level 1:colcon.colcon_core.package_identification:_identify(src/low_alt) by extensions ['colcon_meta']
[0.247s] Level 1:colcon.colcon_core.package_identification:_identify(src/low_alt) by extension 'colcon_meta'
[0.247s] Level 1:colcon.colcon_core.package_identification:_identify(src/low_alt) by extensions ['ros']
[0.247s] Level 1:colcon.colcon_core.package_identification:_identify(src/low_alt) by extension 'ros'
[0.248s] DEBUG:colcon.colcon_core.package_identification:Package 'src/low_alt' with type 'ros.ament_cmake' and name 'low_alt'
[0.248s] Level 1:colcon.colcon_core.package_identification:_identify(src/odometry_pkg) by extensions ['ignore', 'ignore_ament_install']
[0.248s] Level 1:colcon.colcon_core.package_identification:_identify(src/odometry_pkg) by extension 'ignore'
[0.248s] Level 1:colcon.colcon_core.package_identification:_identify(src/odometry_pkg) by extension 'ignore_ament_install'
[0.248s] Level 1:colcon.colcon_core.package_identification:_identify(src/odometry_pkg) by extensions ['colcon_pkg']
[0.248s] Level 1:colcon.colcon_core.package_identification:_identify(src/odometry_pkg) by extension 'colcon_pkg'
[0.248s] Level 1:colcon.colcon_core.package_identification:_identify(src/odometry_pkg) by extensions ['colcon_meta']
[0.248s] Level 1:colcon.colcon_core.package_identification:_identify(src/odometry_pkg) by extension 'colcon_meta'
[0.248s] Level 1:colcon.colcon_core.package_identification:_identify(src/odometry_pkg) by extensions ['ros']
[0.248s] Level 1:colcon.colcon_core.package_identification:_identify(src/odometry_pkg) by extension 'ros'
[0.249s] DEBUG:colcon.colcon_core.package_identification:Package 'src/odometry_pkg' with type 'ros.ament_python' and name 'odometry_pkg'
[0.249s] Level 1:colcon.colcon_core.package_identification:_identify(src/px4_msgs) by extensions ['ignore', 'ignore_ament_install']
[0.249s] Level 1:colcon.colcon_core.package_identification:_identify(src/px4_msgs) by extension 'ignore'
[0.249s] Level 1:colcon.colcon_core.package_identification:_identify(src/px4_msgs) by extension 'ignore_ament_install'
[0.249s] Level 1:colcon.colcon_core.package_identification:_identify(src/px4_msgs) by extensions ['colcon_pkg']
[0.249s] Level 1:colcon.colcon_core.package_identification:_identify(src/px4_msgs) by extension 'colcon_pkg'
[0.250s] Level 1:colcon.colcon_core.package_identification:_identify(src/px4_msgs) by extensions ['colcon_meta']
[0.250s] Level 1:colcon.colcon_core.package_identification:_identify(src/px4_msgs) by extension 'colcon_meta'
[0.250s] Level 1:colcon.colcon_core.package_identification:_identify(src/px4_msgs) by extensions ['ros']
[0.250s] Level 1:colcon.colcon_core.package_identification:_identify(src/px4_msgs) by extension 'ros'
[0.250s] DEBUG:colcon.colcon_core.package_identification:Package 'src/px4_msgs' with type 'ros.ament_cmake' and name 'px4_msgs'
[0.250s] Level 1:colcon.colcon_core.package_identification:_identify(src/px4_ros_com) by extensions ['ignore', 'ignore_ament_install']
[0.251s] Level 1:colcon.colcon_core.package_identification:_identify(src/px4_ros_com) by extension 'ignore'
[0.251s] Level 1:colcon.colcon_core.package_identification:_identify(src/px4_ros_com) by extension 'ignore_ament_install'
[0.251s] Level 1:colcon.colcon_core.package_identification:_identify(src/px4_ros_com) by extensions ['colcon_pkg']
[0.251s] Level 1:colcon.colcon_core.package_identification:_identify(src/px4_ros_com) by extension 'colcon_pkg'
[0.251s] Level 1:colcon.colcon_core.package_identification:_identify(src/px4_ros_com) by extensions ['colcon_meta']
[0.251s] Level 1:colcon.colcon_core.package_identification:_identify(src/px4_ros_com) by extension 'colcon_meta'
[0.251s] Level 1:colcon.colcon_core.package_identification:_identify(src/px4_ros_com) by extensions ['ros']
[0.251s] Level 1:colcon.colcon_core.package_identification:_identify(src/px4_ros_com) by extension 'ros'
[0.252s] DEBUG:colcon.colcon_core.package_identification:Package 'src/px4_ros_com' with type 'ros.ament_cmake' and name 'px4_ros_com'
[0.252s] Level 1:colcon.colcon_core.package_discovery:discover_packages(recursive) using defaults
[0.252s] Level 1:colcon.colcon_core.package_discovery:discover_packages(ignore) discover
[0.252s] Level 1:colcon.colcon_core.package_discovery:discover_packages(ignore) using defaults
[0.252s] Level 1:colcon.colcon_core.package_discovery:discover_packages(path) discover
[0.252s] Level 1:colcon.colcon_core.package_discovery:discover_packages(path) using defaults
[0.277s] Level 1:colcon.colcon_core.package_discovery:discover_packages(prefix_path) check parameters
[0.277s] Level 1:colcon.colcon_core.package_discovery:discover_packages(prefix_path) discover
[0.280s] DEBUG:colcon.colcon_installed_package_information.package_discovery:Found 5 installed packages in /home/username/ros2_ws/install
[0.281s] DEBUG:colcon.colcon_installed_package_information.package_discovery:Found 4 installed packages in /home/username/ros2_ws/src/install
[0.282s] DEBUG:colcon.colcon_installed_package_information.package_discovery:Found 192 installed packages in /opt/ros/jazzy
[0.283s] Level 1:colcon.colcon_core.package_discovery:discover_packages(prefix_path) using defaults
[0.324s] Level 5:colcon.colcon_core.verb:set package 'img_capture' build argument 'cmake_args' from command line to 'None'
[0.324s] Level 5:colcon.colcon_core.verb:set package 'img_capture' build argument 'cmake_target' from command line to 'None'
[0.324s] Level 5:colcon.colcon_core.verb:set package 'img_capture' build argument 'cmake_target_skip_unavailable' from command line to 'False'
[0.324s] Level 5:colcon.colcon_core.verb:set package 'img_capture' build argument 'cmake_clean_cache' from command line to 'False'
[0.324s] Level 5:colcon.colcon_core.verb:set package 'img_capture' build argument 'cmake_clean_first' from command line to 'False'
[0.324s] Level 5:colcon.colcon_core.verb:set package 'img_capture' build argument 'cmake_force_configure' from command line to 'False'
[0.324s] Level 5:colcon.colcon_core.verb:set package 'img_capture' build argument 'ament_cmake_args' from command line to 'None'
[0.324s] Level 5:colcon.colcon_core.verb:set package 'img_capture' build argument 'catkin_cmake_args' from command line to 'None'
[0.324s] Level 5:colcon.colcon_core.verb:set package 'img_capture' build argument 'catkin_skip_building_tests' from command line to 'False'
[0.325s] DEBUG:colcon.colcon_core.verb:Building package 'img_capture' with the following arguments: {'ament_cmake_args': None, 'build_base': '/home/username/ros2_ws/build/img_capture', 'catkin_cmake_args': None, 'catkin_skip_building_tests': False, 'cmake_args': None, 'cmake_clean_cache': False, 'cmake_clean_first': False, 'cmake_force_configure': False, 'cmake_target': None, 'cmake_target_skip_unavailable': False, 'install_base': '/home/username/ros2_ws/install/img_capture', 'merge_install': False, 'path': '/home/username/ros2_ws/src/img_capture', 'symlink_install': False, 'test_result_base': None}
[0.325s] Level 5:colcon.colcon_core.verb:set package 'low_alt' build argument 'cmake_args' from command line to 'None'
[0.325s] Level 5:colcon.colcon_core.verb:set package 'low_alt' build argument 'cmake_target' from command line to 'None'
[0.325s] Level 5:colcon.colcon_core.verb:set package 'low_alt' build argument 'cmake_target_skip_unavailable' from command line to 'False'
[0.325s] Level 5:colcon.colcon_core.verb:set package 'low_alt' build argument 'cmake_clean_cache' from command line to 'False'
[0.325s] Level 5:colcon.colcon_core.verb:set package 'low_alt' build argument 'cmake_clean_first' from command line to 'False'
[0.325s] Level 5:colcon.colcon_core.verb:set package 'low_alt' build argument 'cmake_force_configure' from command line to 'False'
[0.325s] Level 5:colcon.colcon_core.verb:set package 'low_alt' build argument 'ament_cmake_args' from command line to 'None'
[0.325s] Level 5:colcon.colcon_core.verb:set package 'low_alt' build argument 'catkin_cmake_args' from command line to 'None'
[0.325s] Level 5:colcon.colcon_core.verb:set package 'low_alt' build argument 'catkin_skip_building_tests' from command line to 'False'
[0.325s] DEBUG:colcon.colcon_core.verb:Building package 'low_alt' with the following arguments: {'ament_cmake_args': None, 'build_base': '/home/username/ros2_ws/build/low_alt', 'catkin_cmake_args': None, 'catkin_skip_building_tests': False, 'cmake_args': None, 'cmake_clean_cache': False, 'cmake_clean_first': False, 'cmake_force_configure': False, 'cmake_target': None, 'cmake_target_skip_unavailable': False, 'install_base': '/home/username/ros2_ws/install/low_alt', 'merge_install': False, 'path': '/home/username/ros2_ws/src/low_alt', 'symlink_install': False, 'test_result_base': None}
[0.325s] Level 5:colcon.colcon_core.verb:set package 'px4_msgs' build argument 'cmake_args' from command line to 'None'
[0.325s] Level 5:colcon.colcon_core.verb:set package 'px4_msgs' build argument 'cmake_target' from command line to 'None'
[0.325s] Level 5:colcon.colcon_core.verb:set package 'px4_msgs' build argument 'cmake_target_skip_unavailable' from command line to 'False'
[0.326s] Level 5:colcon.colcon_core.verb:set package 'px4_msgs' build argument 'cmake_clean_cache' from command line to 'False'
[0.326s] Level 5:colcon.colcon_core.verb:set package 'px4_msgs' build argument 'cmake_clean_first' from command line to 'False'
[0.326s] Level 5:colcon.colcon_core.verb:set package 'px4_msgs' build argument 'cmake_force_configure' from command line to 'False'
[0.326s] Level 5:colcon.colcon_core.verb:set package 'px4_msgs' build argument 'ament_cmake_args' from command line to 'None'
[0.326s] Level 5:colcon.colcon_core.verb:set package 'px4_msgs' build argument 'catkin_cmake_args' from command line to 'None'
[0.326s] Level 5:colcon.colcon_core.verb:set package 'px4_msgs' build argument 'catkin_skip_building_tests' from command line to 'False'
[0.326s] DEBUG:colcon.colcon_core.verb:Building package 'px4_msgs' with the following arguments: {'ament_cmake_args': None, 'build_base': '/home/username/ros2_ws/build/px4_msgs', 'catkin_cmake_args': None, 'catkin_skip_building_tests': False, 'cmake_args': None, 'cmake_clean_cache': False, 'cmake_clean_first': False, 'cmake_force_configure': False, 'cmake_target': None, 'cmake_target_skip_unavailable': False, 'install_base': '/home/username/ros2_ws/install/px4_msgs', 'merge_install': False, 'path': '/home/username/ros2_ws/src/px4_msgs', 'symlink_install': False, 'test_result_base': None}
[0.326s] Level 5:colcon.colcon_core.verb:set package 'px4_ros_com' build argument 'cmake_args' from command line to 'None'
[0.326s] Level 5:colcon.colcon_core.verb:set package 'px4_ros_com' build argument 'cmake_target' from command line to 'None'
[0.326s] Level 5:colcon.colcon_core.verb:set package 'px4_ros_com' build argument 'cmake_target_skip_unavailable' from command line to 'False'
[0.326s] Level 5:colcon.colcon_core.verb:set package 'px4_ros_com' build argument 'cmake_clean_cache' from command line to 'False'
[0.326s] Level 5:colcon.colcon_core.verb:set package 'px4_ros_com' build argument 'cmake_clean_first' from command line to 'False'
[0.326s] Level 5:colcon.colcon_core.verb:set package 'px4_ros_com' build argument 'cmake_force_configure' from command line to 'False'
[0.326s] Level 5:colcon.colcon_core.verb:set package 'px4_ros_com' build argument 'ament_cmake_args' from command line to 'None'
[0.326s] Level 5:colcon.colcon_core.verb:set package 'px4_ros_com' build argument 'catkin_cmake_args' from command line to 'None'
[0.326s] Level 5:colcon.colcon_core.verb:set package 'px4_ros_com' build argument 'catkin_skip_building_tests' from command line to 'False'
[0.326s] DEBUG:colcon.colcon_core.verb:Building package 'px4_ros_com' with the following arguments: {'ament_cmake_args': None, 'build_base': '/home/username/ros2_ws/build/px4_ros_com', 'catkin_cmake_args': None, 'catkin_skip_building_tests': False, 'cmake_args': None, 'cmake_clean_cache': False, 'cmake_clean_first': False, 'cmake_force_configure': False, 'cmake_target': None, 'cmake_target_skip_unavailable': False, 'install_base': '/home/username/ros2_ws/install/px4_ros_com', 'merge_install': False, 'path': '/home/username/ros2_ws/src/px4_ros_com', 'symlink_install': False, 'test_result_base': None}
[0.326s] Level 5:colcon.colcon_core.verb:set package 'odometry_pkg' build argument 'cmake_args' from command line to 'None'
[0.326s] Level 5:colcon.colcon_core.verb:set package 'odometry_pkg' build argument 'cmake_target' from command line to 'None'
[0.327s] Level 5:colcon.colcon_core.verb:set package 'odometry_pkg' build argument 'cmake_target_skip_unavailable' from command line to 'False'
[0.327s] Level 5:colcon.colcon_core.verb:set package 'odometry_pkg' build argument 'cmake_clean_cache' from command line to 'False'
[0.327s] Level 5:colcon.colcon_core.verb:set package 'odometry_pkg' build argument 'cmake_clean_first' from command line to 'False'
[0.327s] Level 5:colcon.colcon_core.verb:set package 'odometry_pkg' build argument 'cmake_force_configure' from command line to 'False'
[0.327s] Level 5:colcon.colcon_core.verb:set package 'odometry_pkg' build argument 'ament_cmake_args' from command line to 'None'
[0.327s] Level 5:colcon.colcon_core.verb:set package 'odometry_pkg' build argument 'catkin_cmake_args' from command line to 'None'
[0.327s] Level 5:colcon.colcon_core.verb:set package 'odometry_pkg' build argument 'catkin_skip_building_tests' from command line to 'False'
[0.327s] DEBUG:colcon.colcon_core.verb:Building package 'odometry_pkg' with the following arguments: {'ament_cmake_args': None, 'build_base': '/home/username/ros2_ws/build/odometry_pkg', 'catkin_cmake_args': None, 'catkin_skip_building_tests': False, 'cmake_args': None, 'cmake_clean_cache': False, 'cmake_clean_first': False, 'cmake_force_configure': False, 'cmake_target': None, 'cmake_target_skip_unavailable': False, 'install_base': '/home/username/ros2_ws/install/odometry_pkg', 'merge_install': False, 'path': '/home/username/ros2_ws/src/odometry_pkg', 'symlink_install': False, 'test_result_base': None}
[0.327s] INFO:colcon.colcon_core.executor:Executing jobs using 'parallel' executor
[0.328s] DEBUG:colcon.colcon_parallel_executor.executor.parallel:run_until_complete
[0.329s] INFO:colcon.colcon_ros.task.ament_cmake.build:Building ROS package in '/home/username/ros2_ws/src/px4_msgs' with build type 'ament_cmake'
[0.329s] INFO:colcon.colcon_cmake.task.cmake.build:Building CMake package in '/home/username/ros2_ws/src/px4_msgs'
[0.331s] INFO:colcon.colcon_core.plugin_system:Skipping extension 'colcon_core.shell.bat': Not used on non-Windows systems
[0.331s] INFO:colcon.colcon_core.shell:Skip shell extension 'powershell' for command environment: Not usable outside of PowerShell
[0.331s] DEBUG:colcon.colcon_core.shell:Skip shell extension 'dsv' for command environment
[0.336s] INFO:colcon.colcon_ros.task.ament_cmake.build:Building ROS package in '/home/username/ros2_ws/src/img_capture' with build type 'ament_cmake'
[0.337s] INFO:colcon.colcon_cmake.task.cmake.build:Building CMake package in '/home/username/ros2_ws/src/img_capture'
[0.337s] INFO:colcon.colcon_core.shell:Skip shell extension 'powershell' for command environment: Not usable outside of PowerShell
[0.337s] DEBUG:colcon.colcon_core.shell:Skip shell extension 'dsv' for command environment
[0.342s] INFO:colcon.colcon_ros.task.ament_cmake.build:Building ROS package in '/home/username/ros2_ws/src/low_alt' with build type 'ament_cmake'
[0.342s] INFO:colcon.colcon_cmake.task.cmake.build:Building CMake package in '/home/username/ros2_ws/src/low_alt'
[0.342s] INFO:colcon.colcon_core.shell:Skip shell extension 'powershell' for command environment: Not usable outside of PowerShell
[0.342s] DEBUG:colcon.colcon_core.shell:Skip shell extension 'dsv' for command environment
[0.354s] DEBUG:colcon.colcon_core.event_handler.log_command:Invoking command in '/home/username/ros2_ws/build/px4_msgs': CMAKE_PREFIX_PATH=${CMAKE_PREFIX_PATH}:/home/username/ros2_ws/install/odometry_pkg:/opt/ros/jazzy /usr/bin/cmake --build /home/username/ros2_ws/build/px4_msgs
[0.358s] DEBUG:colcon.colcon_core.event_handler.log_command:Invoking command in '/home/username/ros2_ws/build/img_capture': CMAKE_PREFIX_PATH=${CMAKE_PREFIX_PATH}:/home/username/ros2_ws/install/odometry_pkg:/opt/ros/jazzy /usr/bin/cmake --build /home/username/ros2_ws/build/img_capture
[0.367s] DEBUG:colcon.colcon_core.event_handler.log_command:Invoking command in '/home/username/ros2_ws/build/low_alt': CMAKE_PREFIX_PATH=${CMAKE_PREFIX_PATH}:/home/username/ros2_ws/install/odometry_pkg:/opt/ros/jazzy /usr/bin/cmake --build /home/username/ros2_ws/build/low_alt
[0.493s] DEBUG:colcon.colcon_core.event_handler.log_command:Invoked command in '/home/username/ros2_ws/build/img_capture' returned '0': CMAKE_PREFIX_PATH=${CMAKE_PREFIX_PATH}:/home/username/ros2_ws/install/odometry_pkg:/opt/ros/jazzy /usr/bin/cmake --build /home/username/ros2_ws/build/img_capture
[0.512s] DEBUG:colcon.colcon_core.event_handler.log_command:Invoking command in '/home/username/ros2_ws/build/img_capture': CMAKE_PREFIX_PATH=${CMAKE_PREFIX_PATH}:/home/username/ros2_ws/install/odometry_pkg:/opt/ros/jazzy /usr/bin/cmake --install /home/username/ros2_ws/build/img_capture
[0.514s] DEBUG:colcon.colcon_core.event_handler.log_command:Invoked command in '/home/username/ros2_ws/build/low_alt' returned '0': CMAKE_PREFIX_PATH=${CMAKE_PREFIX_PATH}:/home/username/ros2_ws/install/odometry_pkg:/opt/ros/jazzy /usr/bin/cmake --build /home/username/ros2_ws/build/low_alt
[0.516s] DEBUG:colcon.colcon_core.event_handler.log_command:Invoking command in '/home/username/ros2_ws/build/low_alt': CMAKE_PREFIX_PATH=${CMAKE_PREFIX_PATH}:/home/username/ros2_ws/install/odometry_pkg:/opt/ros/jazzy /usr/bin/cmake --install /home/username/ros2_ws/build/low_alt
[0.534s] Level 1:colcon.colcon_core.environment:create_environment_scripts_only(img_capture)
[0.535s] DEBUG:colcon.colcon_core.event_handler.log_command:Invoked command in '/home/username/ros2_ws/build/img_capture' returned '0': CMAKE_PREFIX_PATH=${CMAKE_PREFIX_PATH}:/home/username/ros2_ws/install/odometry_pkg:/opt/ros/jazzy /usr/bin/cmake --install /home/username/ros2_ws/build/img_capture
[0.542s] Level 1:colcon.colcon_core.environment:checking '/home/username/ros2_ws/install/img_capture' for CMake module files
[0.543s] Level 1:colcon.colcon_core.environment:checking '/home/username/ros2_ws/install/img_capture' for CMake config files
[0.543s] Level 1:colcon.colcon_core.shell:create_environment_hook('img_capture', 'cmake_prefix_path')
[0.543s] INFO:colcon.colcon_core.shell:Creating environment hook '/home/username/ros2_ws/install/img_capture/share/img_capture/hook/cmake_prefix_path.ps1'
[0.545s] INFO:colcon.colcon_core.shell:Creating environment descriptor '/home/username/ros2_ws/install/img_capture/share/img_capture/hook/cmake_prefix_path.dsv'
[0.546s] INFO:colcon.colcon_core.shell:Creating environment hook '/home/username/ros2_ws/install/img_capture/share/img_capture/hook/cmake_prefix_path.sh'
[0.548s] Level 1:colcon.colcon_core.environment:checking '/home/username/ros2_ws/install/img_capture/lib'
[0.548s] Level 1:colcon.colcon_core.environment:checking '/home/username/ros2_ws/install/img_capture/bin'
[0.548s] Level 1:colcon.colcon_core.environment:checking '/home/username/ros2_ws/install/img_capture/lib/pkgconfig/img_capture.pc'
[0.548s] Level 1:colcon.colcon_core.environment:checking '/home/username/ros2_ws/install/img_capture/lib/python3.12/site-packages'
[0.549s] Level 1:colcon.colcon_core.environment:checking '/home/username/ros2_ws/install/img_capture/bin'
[0.549s] INFO:colcon.colcon_core.shell:Creating package script '/home/username/ros2_ws/install/img_capture/share/img_capture/package.ps1'
[0.550s] INFO:colcon.colcon_core.shell:Creating package descriptor '/home/username/ros2_ws/install/img_capture/share/img_capture/package.dsv'
[0.552s] INFO:colcon.colcon_core.shell:Creating package script '/home/username/ros2_ws/install/img_capture/share/img_capture/package.sh'
[0.553s] INFO:colcon.colcon_core.shell:Creating package script '/home/username/ros2_ws/install/img_capture/share/img_capture/package.bash'
[0.554s] INFO:colcon.colcon_core.shell:Creating package script '/home/username/ros2_ws/install/img_capture/share/img_capture/package.zsh'
[0.555s] Level 1:colcon.colcon_core.environment:create_file_with_runtime_dependencies(/home/username/ros2_ws/install/img_capture/share/colcon-core/packages/img_capture)
[0.557s] Level 1:colcon.colcon_core.environment:create_environment_scripts_only(img_capture)
[0.558s] Level 1:colcon.colcon_core.environment:checking '/home/username/ros2_ws/install/img_capture' for CMake module files
[0.558s] Level 1:colcon.colcon_core.environment:checking '/home/username/ros2_ws/install/img_capture' for CMake config files
[0.559s] Level 1:colcon.colcon_core.shell:create_environment_hook('img_capture', 'cmake_prefix_path')
[0.559s] INFO:colcon.colcon_core.shell:Creating environment hook '/home/username/ros2_ws/install/img_capture/share/img_capture/hook/cmake_prefix_path.ps1'
[0.560s] INFO:colcon.colcon_core.shell:Creating environment descriptor '/home/username/ros2_ws/install/img_capture/share/img_capture/hook/cmake_prefix_path.dsv'
[0.561s] INFO:colcon.colcon_core.shell:Creating environment hook '/home/username/ros2_ws/install/img_capture/share/img_capture/hook/cmake_prefix_path.sh'
[0.563s] Level 1:colcon.colcon_core.environment:checking '/home/username/ros2_ws/install/img_capture/lib'
[0.563s] Level 1:colcon.colcon_core.environment:checking '/home/username/ros2_ws/install/img_capture/bin'
[0.563s] Level 1:colcon.colcon_core.environment:checking '/home/username/ros2_ws/install/img_capture/lib/pkgconfig/img_capture.pc'
[0.563s] Level 1:colcon.colcon_core.environment:checking '/home/username/ros2_ws/install/img_capture/lib/python3.12/site-packages'
[0.563s] Level 1:colcon.colcon_core.environment:checking '/home/username/ros2_ws/install/img_capture/bin'
[0.564s] INFO:colcon.colcon_core.shell:Creating package script '/home/username/ros2_ws/install/img_capture/share/img_capture/package.ps1'
[0.565s] INFO:colcon.colcon_core.shell:Creating package descriptor '/home/username/ros2_ws/install/img_capture/share/img_capture/package.dsv'
[0.566s] INFO:colcon.colcon_core.shell:Creating package script '/home/username/ros2_ws/install/img_capture/share/img_capture/package.sh'
[0.568s] INFO:colcon.colcon_core.shell:Creating package script '/home/username/ros2_ws/install/img_capture/share/img_capture/package.bash'
[0.569s] INFO:colcon.colcon_core.shell:Creating package script '/home/username/ros2_ws/install/img_capture/share/img_capture/package.zsh'
[0.571s] Level 1:colcon.colcon_core.environment:create_file_with_runtime_dependencies(/home/username/ros2_ws/install/img_capture/share/colcon-core/packages/img_capture)
[0.574s] Level 1:colcon.colcon_core.environment:create_environment_scripts_only(low_alt)
[0.574s] Level 1:colcon.colcon_core.environment:checking '/home/username/ros2_ws/install/low_alt' for CMake module files
[0.575s] DEBUG:colcon.colcon_core.event_handler.log_command:Invoked command in '/home/username/ros2_ws/build/low_alt' returned '0': CMAKE_PREFIX_PATH=${CMAKE_PREFIX_PATH}:/home/username/ros2_ws/install/odometry_pkg:/opt/ros/jazzy /usr/bin/cmake --install /home/username/ros2_ws/build/low_alt
[0.576s] Level 1:colcon.colcon_core.environment:checking '/home/username/ros2_ws/install/low_alt' for CMake config files
[0.576s] Level 1:colcon.colcon_core.shell:create_environment_hook('low_alt', 'cmake_prefix_path')
[0.576s] INFO:colcon.colcon_core.shell:Creating environment hook '/home/username/ros2_ws/install/low_alt/share/low_alt/hook/cmake_prefix_path.ps1'
[0.577s] INFO:colcon.colcon_core.shell:Creating environment descriptor '/home/username/ros2_ws/install/low_alt/share/low_alt/hook/cmake_prefix_path.dsv'
[0.578s] INFO:colcon.colcon_core.shell:Creating environment hook '/home/username/ros2_ws/install/low_alt/share/low_alt/hook/cmake_prefix_path.sh'
[0.579s] Level 1:colcon.colcon_core.environment:checking '/home/username/ros2_ws/install/low_alt/lib'
[0.579s] Level 1:colcon.colcon_core.environment:checking '/home/username/ros2_ws/install/low_alt/bin'
[0.579s] Level 1:colcon.colcon_core.environment:checking '/home/username/ros2_ws/install/low_alt/lib/pkgconfig/low_alt.pc'
[0.580s] Level 1:colcon.colcon_core.environment:checking '/home/username/ros2_ws/install/low_alt/lib/python3.12/site-packages'
[0.580s] Level 1:colcon.colcon_core.environment:checking '/home/username/ros2_ws/install/low_alt/bin'
[0.580s] INFO:colcon.colcon_core.shell:Creating package script '/home/username/ros2_ws/install/low_alt/share/low_alt/package.ps1'
[0.581s] INFO:colcon.colcon_core.shell:Creating package descriptor '/home/username/ros2_ws/install/low_alt/share/low_alt/package.dsv'
[0.582s] INFO:colcon.colcon_core.shell:Creating package script '/home/username/ros2_ws/install/low_alt/share/low_alt/package.sh'
[0.583s] INFO:colcon.colcon_core.shell:Creating package script '/home/username/ros2_ws/install/low_alt/share/low_alt/package.bash'
[0.584s] INFO:colcon.colcon_core.shell:Creating package script '/home/username/ros2_ws/install/low_alt/share/low_alt/package.zsh'
[0.585s] Level 1:colcon.colcon_core.environment:create_file_with_runtime_dependencies(/home/username/ros2_ws/install/low_alt/share/colcon-core/packages/low_alt)
[0.586s] Level 1:colcon.colcon_core.environment:create_environment_scripts_only(low_alt)
[0.586s] Level 1:colcon.colcon_core.environment:checking '/home/username/ros2_ws/install/low_alt' for CMake module files
[0.587s] Level 1:colcon.colcon_core.environment:checking '/home/username/ros2_ws/install/low_alt' for CMake config files
[0.587s] Level 1:colcon.colcon_core.shell:create_environment_hook('low_alt', 'cmake_prefix_path')
[0.587s] INFO:colcon.colcon_core.shell:Creating environment hook '/home/username/ros2_ws/install/low_alt/share/low_alt/hook/cmake_prefix_path.ps1'
[0.588s] INFO:colcon.colcon_core.shell:Creating environment descriptor '/home/username/ros2_ws/install/low_alt/share/low_alt/hook/cmake_prefix_path.dsv'
[0.590s] INFO:colcon.colcon_core.shell:Creating environment hook '/home/username/ros2_ws/install/low_alt/share/low_alt/hook/cmake_prefix_path.sh'
[0.592s] Level 1:colcon.colcon_core.environment:checking '/home/username/ros2_ws/install/low_alt/lib'
[0.592s] Level 1:colcon.colcon_core.environment:checking '/home/username/ros2_ws/install/low_alt/bin'
[0.592s] Level 1:colcon.colcon_core.environment:checking '/home/username/ros2_ws/install/low_alt/lib/pkgconfig/low_alt.pc'
[0.592s] Level 1:colcon.colcon_core.environment:checking '/home/username/ros2_ws/install/low_alt/lib/python3.12/site-packages'
[0.592s] Level 1:colcon.colcon_core.environment:checking '/home/username/ros2_ws/install/low_alt/bin'
[0.593s] INFO:colcon.colcon_core.shell:Creating package script '/home/username/ros2_ws/install/low_alt/share/low_alt/package.ps1'
[0.593s] INFO:colcon.colcon_core.shell:Creating package descriptor '/home/username/ros2_ws/install/low_alt/share/low_alt/package.dsv'
[0.595s] INFO:colcon.colcon_core.shell:Creating package script '/home/username/ros2_ws/install/low_alt/share/low_alt/package.sh'
[0.596s] INFO:colcon.colcon_core.shell:Creating package script '/home/username/ros2_ws/install/low_alt/share/low_alt/package.bash'
[0.598s] INFO:colcon.colcon_core.shell:Creating package script '/home/username/ros2_ws/install/low_alt/share/low_alt/package.zsh'
[0.599s] Level 1:colcon.colcon_core.environment:create_file_with_runtime_dependencies(/home/username/ros2_ws/install/low_alt/share/colcon-core/packages/low_alt)
[2.977s] DEBUG:colcon.colcon_core.event_handler.log_command:Invoked command in '/home/username/ros2_ws/build/px4_msgs' returned '0': CMAKE_PREFIX_PATH=${CMAKE_PREFIX_PATH}:/home/username/ros2_ws/install/odometry_pkg:/opt/ros/jazzy /usr/bin/cmake --build /home/username/ros2_ws/build/px4_msgs
[2.979s] DEBUG:colcon.colcon_core.event_handler.log_command:Invoking command in '/home/username/ros2_ws/build/px4_msgs': CMAKE_PREFIX_PATH=${CMAKE_PREFIX_PATH}:/home/username/ros2_ws/install/odometry_pkg:/opt/ros/jazzy /usr/bin/cmake --install /home/username/ros2_ws/build/px4_msgs
[3.968s] Level 1:colcon.colcon_core.environment:create_environment_scripts_only(px4_msgs)
[3.968s] Level 1:colcon.colcon_core.environment:checking '/home/username/ros2_ws/install/px4_msgs' for CMake module files
[3.969s] DEBUG:colcon.colcon_core.event_handler.log_command:Invoked command in '/home/username/ros2_ws/build/px4_msgs' returned '0': CMAKE_PREFIX_PATH=${CMAKE_PREFIX_PATH}:/home/username/ros2_ws/install/odometry_pkg:/opt/ros/jazzy /usr/bin/cmake --install /home/username/ros2_ws/build/px4_msgs
[3.970s] Level 1:colcon.colcon_core.environment:checking '/home/username/ros2_ws/install/px4_msgs' for CMake config files
[3.979s] Level 1:colcon.colcon_core.shell:create_environment_hook('px4_msgs', 'cmake_prefix_path')
[3.980s] INFO:colcon.colcon_core.shell:Creating environment hook '/home/username/ros2_ws/install/px4_msgs/share/px4_msgs/hook/cmake_prefix_path.ps1'
[3.981s] INFO:colcon.colcon_core.shell:Creating environment descriptor '/home/username/ros2_ws/install/px4_msgs/share/px4_msgs/hook/cmake_prefix_path.dsv'
[3.983s] INFO:colcon.colcon_core.shell:Creating environment hook '/home/username/ros2_ws/install/px4_msgs/share/px4_msgs/hook/cmake_prefix_path.sh'
[3.984s] Level 1:colcon.colcon_core.environment:checking '/home/username/ros2_ws/install/px4_msgs/lib'
[3.984s] Level 1:colcon.colcon_core.shell:create_environment_hook('px4_msgs', 'ld_library_path_lib')
[3.984s] INFO:colcon.colcon_core.shell:Creating environment hook '/home/username/ros2_ws/install/px4_msgs/share/px4_msgs/hook/ld_library_path_lib.ps1'
[3.985s] INFO:colcon.colcon_core.shell:Creating environment descriptor '/home/username/ros2_ws/install/px4_msgs/share/px4_msgs/hook/ld_library_path_lib.dsv'
[3.987s] INFO:colcon.colcon_core.shell:Creating environment hook '/home/username/ros2_ws/install/px4_msgs/share/px4_msgs/hook/ld_library_path_lib.sh'
[3.988s] Level 1:colcon.colcon_core.environment:checking '/home/username/ros2_ws/install/px4_msgs/bin'
[3.988s] Level 1:colcon.colcon_core.environment:checking '/home/username/ros2_ws/install/px4_msgs/lib/pkgconfig/px4_msgs.pc'
[3.988s] Level 1:colcon.colcon_core.environment:checking '/home/username/ros2_ws/install/px4_msgs/lib/python3.12/site-packages'
[3.988s] Level 1:colcon.colcon_core.shell:create_environment_hook('px4_msgs', 'pythonpath')
[3.989s] INFO:colcon.colcon_core.shell:Creating environment hook '/home/username/ros2_ws/install/px4_msgs/share/px4_msgs/hook/pythonpath.ps1'
[3.991s] INFO:colcon.colcon_core.shell:Creating environment descriptor '/home/username/ros2_ws/install/px4_msgs/share/px4_msgs/hook/pythonpath.dsv'
[3.992s] INFO:colcon.colcon_core.shell:Creating environment hook '/home/username/ros2_ws/install/px4_msgs/share/px4_msgs/hook/pythonpath.sh'
[3.994s] Level 1:colcon.colcon_core.environment:checking '/home/username/ros2_ws/install/px4_msgs/bin'
[3.994s] INFO:colcon.colcon_core.shell:Creating package script '/home/username/ros2_ws/install/px4_msgs/share/px4_msgs/package.ps1'
[3.995s] INFO:colcon.colcon_core.shell:Creating package descriptor '/home/username/ros2_ws/install/px4_msgs/share/px4_msgs/package.dsv'
[3.998s] INFO:colcon.colcon_core.shell:Creating package script '/home/username/ros2_ws/install/px4_msgs/share/px4_msgs/package.sh'
[3.999s] INFO:colcon.colcon_core.shell:Creating package script '/home/username/ros2_ws/install/px4_msgs/share/px4_msgs/package.bash'
[4.000s] INFO:colcon.colcon_core.shell:Creating package script '/home/username/ros2_ws/install/px4_msgs/share/px4_msgs/package.zsh'
[4.001s] Level 1:colcon.colcon_core.environment:create_file_with_runtime_dependencies(/home/username/ros2_ws/install/px4_msgs/share/colcon-core/packages/px4_msgs)
[4.002s] Level 1:colcon.colcon_core.environment:create_environment_scripts_only(px4_msgs)
[4.003s] Level 1:colcon.colcon_core.environment:checking '/home/username/ros2_ws/install/px4_msgs' for CMake module files
[4.004s] Level 1:colcon.colcon_core.environment:checking '/home/username/ros2_ws/install/px4_msgs' for CMake config files
[4.014s] Level 1:colcon.colcon_core.shell:create_environment_hook('px4_msgs', 'cmake_prefix_path')
[4.014s] INFO:colcon.colcon_core.shell:Creating environment hook '/home/username/ros2_ws/install/px4_msgs/share/px4_msgs/hook/cmake_prefix_path.ps1'
[4.015s] INFO:colcon.colcon_core.shell:Creating environment descriptor '/home/username/ros2_ws/install/px4_msgs/share/px4_msgs/hook/cmake_prefix_path.dsv'
[4.016s] INFO:colcon.colcon_core.shell:Creating environment hook '/home/username/ros2_ws/install/px4_msgs/share/px4_msgs/hook/cmake_prefix_path.sh'
[4.017s] Level 1:colcon.colcon_core.environment:checking '/home/username/ros2_ws/install/px4_msgs/lib'
[4.017s] Level 1:colcon.colcon_core.shell:create_environment_hook('px4_msgs', 'ld_library_path_lib')
[4.017s] INFO:colcon.colcon_core.shell:Creating environment hook '/home/username/ros2_ws/install/px4_msgs/share/px4_msgs/hook/ld_library_path_lib.ps1'
[4.018s] INFO:colcon.colcon_core.shell:Creating environment descriptor '/home/username/ros2_ws/install/px4_msgs/share/px4_msgs/hook/ld_library_path_lib.dsv'
[4.019s] INFO:colcon.colcon_core.shell:Creating environment hook '/home/username/ros2_ws/install/px4_msgs/share/px4_msgs/hook/ld_library_path_lib.sh'
[4.020s] Level 1:colcon.colcon_core.environment:checking '/home/username/ros2_ws/install/px4_msgs/bin'
[4.020s] Level 1:colcon.colcon_core.environment:checking '/home/username/ros2_ws/install/px4_msgs/lib/pkgconfig/px4_msgs.pc'
[4.021s] Level 1:colcon.colcon_core.environment:checking '/home/username/ros2_ws/install/px4_msgs/lib/python3.12/site-packages'
[4.021s] Level 1:colcon.colcon_core.shell:create_environment_hook('px4_msgs', 'pythonpath')
[4.021s] INFO:colcon.colcon_core.shell:Creating environment hook '/home/username/ros2_ws/install/px4_msgs/share/px4_msgs/hook/pythonpath.ps1'
[4.022s] INFO:colcon.colcon_core.shell:Creating environment descriptor '/home/username/ros2_ws/install/px4_msgs/share/px4_msgs/hook/pythonpath.dsv'
[4.023s] INFO:colcon.colcon_core.shell:Creating environment hook '/home/username/ros2_ws/install/px4_msgs/share/px4_msgs/hook/pythonpath.sh'
[4.026s] Level 1:colcon.colcon_core.environment:checking '/home/username/ros2_ws/install/px4_msgs/bin'
[4.027s] INFO:colcon.colcon_core.shell:Creating package script '/home/username/ros2_ws/install/px4_msgs/share/px4_msgs/package.ps1'
[4.028s] INFO:colcon.colcon_core.shell:Creating package descriptor '/home/username/ros2_ws/install/px4_msgs/share/px4_msgs/package.dsv'
[4.029s] INFO:colcon.colcon_core.shell:Creating package script '/home/username/ros2_ws/install/px4_msgs/share/px4_msgs/package.sh'
[4.031s] INFO:colcon.colcon_core.shell:Creating package script '/home/username/ros2_ws/install/px4_msgs/share/px4_msgs/package.bash'
[4.032s] INFO:colcon.colcon_core.shell:Creating package script '/home/username/ros2_ws/install/px4_msgs/share/px4_msgs/package.zsh'
[4.034s] Level 1:colcon.colcon_core.environment:create_file_with_runtime_dependencies(/home/username/ros2_ws/install/px4_msgs/share/colcon-core/packages/px4_msgs)
[4.036s] INFO:colcon.colcon_ros.task.ament_cmake.build:Building ROS package in '/home/username/ros2_ws/src/px4_ros_com' with build type 'ament_cmake'
[4.036s] INFO:colcon.colcon_cmake.task.cmake.build:Building CMake package in '/home/username/ros2_ws/src/px4_ros_com'
[4.036s] INFO:colcon.colcon_core.shell:Skip shell extension 'powershell' for command environment: Not usable outside of PowerShell
[4.037s] DEBUG:colcon.colcon_core.shell:Skip shell extension 'dsv' for command environment
[4.057s] DEBUG:colcon.colcon_core.event_handler.log_command:Invoking command in '/home/username/ros2_ws/build/px4_ros_com': CMAKE_PREFIX_PATH=/home/username/ros2_ws/install/px4_msgs:/home/username/ros2_ws/install/px4_ros_com:/home/username/ros2_ws/install/low_alt:/home/username/ros2_ws/install/img_capture:/home/username/ros2_ws/src/install/px4_ros_com:/home/username/ros2_ws/src/install/px4_msgs:/home/username/ros2_ws/src/install/low_alt:/home/username/ros2_ws/src/install/img_capture:/home/username/ros2_ws/install/odometry_pkg:/opt/ros/jazzy LD_LIBRARY_PATH=/home/username/ros2_ws/install/px4_msgs/lib:/home/username/ros2_ws/src/install/px4_ros_com/lib:/home/username/ros2_ws/src/install/px4_msgs/lib:/home/username/ros2_ws/install/px4_ros_com/lib:/opt/ros/jazzy/lib/aarch64-linux-gnu:/opt/ros/jazzy/lib:/usr/local/lib PYTHONPATH=/home/username/ros2_ws/install/px4_msgs/lib/python3.12/site-packages:/home/username/ros2_ws/install/odometry_pkg/lib/python3.12/site-packages:/home/username/ros2_ws/src/install/px4_ros_com/lib/python3.12/site-packages:/home/username/ros2_ws/src/install/px4_msgs/lib/python3.12/site-packages:/home/username/ros2_ws/src/install/odometry_publisher/lib/python3.12/site-packages:/home/username/ros2_ws/build/odometry_publisher:/home/username/ros2_ws/build/detection:/home/username/ros2_ws/install/px4_ros_com/lib/python3.12/site-packages:/home/username/ros2_ws/install/odometry_publisher/lib/python3.12/site-packages:/home/username/ros2_ws/install/detection/lib/python3.12/site-packages:/opt/ros/jazzy/lib/python3.12/site-packages /usr/bin/cmake --build /home/username/ros2_ws/build/px4_ros_com
[4.804s] DEBUG:colcon.colcon_core.event_handler.log_command:Invoked command in '/home/username/ros2_ws/build/px4_ros_com' returned '0': CMAKE_PREFIX_PATH=/home/username/ros2_ws/install/px4_msgs:/home/username/ros2_ws/install/px4_ros_com:/home/username/ros2_ws/install/low_alt:/home/username/ros2_ws/install/img_capture:/home/username/ros2_ws/src/install/px4_ros_com:/home/username/ros2_ws/src/install/px4_msgs:/home/username/ros2_ws/src/install/low_alt:/home/username/ros2_ws/src/install/img_capture:/home/username/ros2_ws/install/odometry_pkg:/opt/ros/jazzy LD_LIBRARY_PATH=/home/username/ros2_ws/install/px4_msgs/lib:/home/username/ros2_ws/src/install/px4_ros_com/lib:/home/username/ros2_ws/src/install/px4_msgs/lib:/home/username/ros2_ws/install/px4_ros_com/lib:/opt/ros/jazzy/lib/aarch64-linux-gnu:/opt/ros/jazzy/lib:/usr/local/lib PYTHONPATH=/home/username/ros2_ws/install/px4_msgs/lib/python3.12/site-packages:/home/username/ros2_ws/install/odometry_pkg/lib/python3.12/site-packages:/home/username/ros2_ws/src/install/px4_ros_com/lib/python3.12/site-packages:/home/username/ros2_ws/src/install/px4_msgs/lib/python3.12/site-packages:/home/username/ros2_ws/src/install/odometry_publisher/lib/python3.12/site-packages:/home/username/ros2_ws/build/odometry_publisher:/home/username/ros2_ws/build/detection:/home/username/ros2_ws/install/px4_ros_com/lib/python3.12/site-packages:/home/username/ros2_ws/install/odometry_publisher/lib/python3.12/site-packages:/home/username/ros2_ws/install/detection/lib/python3.12/site-packages:/opt/ros/jazzy/lib/python3.12/site-packages /usr/bin/cmake --build /home/username/ros2_ws/build/px4_ros_com
[4.806s] DEBUG:colcon.colcon_core.event_handler.log_command:Invoking command in '/home/username/ros2_ws/build/px4_ros_com': CMAKE_PREFIX_PATH=/home/username/ros2_ws/install/px4_msgs:/home/username/ros2_ws/install/px4_ros_com:/home/username/ros2_ws/install/low_alt:/home/username/ros2_ws/install/img_capture:/home/username/ros2_ws/src/install/px4_ros_com:/home/username/ros2_ws/src/install/px4_msgs:/home/username/ros2_ws/src/install/low_alt:/home/username/ros2_ws/src/install/img_capture:/home/username/ros2_ws/install/odometry_pkg:/opt/ros/jazzy LD_LIBRARY_PATH=/home/username/ros2_ws/install/px4_msgs/lib:/home/username/ros2_ws/src/install/px4_ros_com/lib:/home/username/ros2_ws/src/install/px4_msgs/lib:/home/username/ros2_ws/install/px4_ros_com/lib:/opt/ros/jazzy/lib/aarch64-linux-gnu:/opt/ros/jazzy/lib:/usr/local/lib PYTHONPATH=/home/username/ros2_ws/install/px4_msgs/lib/python3.12/site-packages:/home/username/ros2_ws/install/odometry_pkg/lib/python3.12/site-packages:/home/username/ros2_ws/src/install/px4_ros_com/lib/python3.12/site-packages:/home/username/ros2_ws/src/install/px4_msgs/lib/python3.12/site-packages:/home/username/ros2_ws/src/install/odometry_publisher/lib/python3.12/site-packages:/home/username/ros2_ws/build/odometry_publisher:/home/username/ros2_ws/build/detection:/home/username/ros2_ws/install/px4_ros_com/lib/python3.12/site-packages:/home/username/ros2_ws/install/odometry_publisher/lib/python3.12/site-packages:/home/username/ros2_ws/install/detection/lib/python3.12/site-packages:/opt/ros/jazzy/lib/python3.12/site-packages /usr/bin/cmake --install /home/username/ros2_ws/build/px4_ros_com
[4.925s] Level 1:colcon.colcon_core.environment:create_environment_scripts_only(px4_ros_com)
[4.926s] Level 1:colcon.colcon_core.environment:checking '/home/username/ros2_ws/install/px4_ros_com' for CMake module files
[4.926s] DEBUG:colcon.colcon_core.event_handler.log_command:Invoked command in '/home/username/ros2_ws/build/px4_ros_com' returned '0': CMAKE_PREFIX_PATH=/home/username/ros2_ws/install/px4_msgs:/home/username/ros2_ws/install/px4_ros_com:/home/username/ros2_ws/install/low_alt:/home/username/ros2_ws/install/img_capture:/home/username/ros2_ws/src/install/px4_ros_com:/home/username/ros2_ws/src/install/px4_msgs:/home/username/ros2_ws/src/install/low_alt:/home/username/ros2_ws/src/install/img_capture:/home/username/ros2_ws/install/odometry_pkg:/opt/ros/jazzy LD_LIBRARY_PATH=/home/username/ros2_ws/install/px4_msgs/lib:/home/username/ros2_ws/src/install/px4_ros_com/lib:/home/username/ros2_ws/src/install/px4_msgs/lib:/home/username/ros2_ws/install/px4_ros_com/lib:/opt/ros/jazzy/lib/aarch64-linux-gnu:/opt/ros/jazzy/lib:/usr/local/lib PYTHONPATH=/home/username/ros2_ws/install/px4_msgs/lib/python3.12/site-packages:/home/username/ros2_ws/install/odometry_pkg/lib/python3.12/site-packages:/home/username/ros2_ws/src/install/px4_ros_com/lib/python3.12/site-packages:/home/username/ros2_ws/src/install/px4_msgs/lib/python3.12/site-packages:/home/username/ros2_ws/src/install/odometry_publisher/lib/python3.12/site-packages:/home/username/ros2_ws/build/odometry_publisher:/home/username/ros2_ws/build/detection:/home/username/ros2_ws/install/px4_ros_com/lib/python3.12/site-packages:/home/username/ros2_ws/install/odometry_publisher/lib/python3.12/site-packages:/home/username/ros2_ws/install/detection/lib/python3.12/site-packages:/opt/ros/jazzy/lib/python3.12/site-packages /usr/bin/cmake --install /home/username/ros2_ws/build/px4_ros_com
[4.927s] Level 1:colcon.colcon_core.environment:checking '/home/username/ros2_ws/install/px4_ros_com' for CMake config files
[4.928s] Level 1:colcon.colcon_core.shell:create_environment_hook('px4_ros_com', 'cmake_prefix_path')
[4.928s] INFO:colcon.colcon_core.shell:Creating environment hook '/home/username/ros2_ws/install/px4_ros_com/share/px4_ros_com/hook/cmake_prefix_path.ps1'
[4.929s] INFO:colcon.colcon_core.shell:Creating environment descriptor '/home/username/ros2_ws/install/px4_ros_com/share/px4_ros_com/hook/cmake_prefix_path.dsv'
[4.931s] INFO:colcon.colcon_core.shell:Creating environment hook '/home/username/ros2_ws/install/px4_ros_com/share/px4_ros_com/hook/cmake_prefix_path.sh'
[4.933s] Level 1:colcon.colcon_core.environment:checking '/home/username/ros2_ws/install/px4_ros_com/lib'
[4.933s] Level 1:colcon.colcon_core.shell:create_environment_hook('px4_ros_com', 'ld_library_path_lib')
[4.933s] INFO:colcon.colcon_core.shell:Creating environment hook '/home/username/ros2_ws/install/px4_ros_com/share/px4_ros_com/hook/ld_library_path_lib.ps1'
[4.934s] INFO:colcon.colcon_core.shell:Creating environment descriptor '/home/username/ros2_ws/install/px4_ros_com/share/px4_ros_com/hook/ld_library_path_lib.dsv'
[4.936s] INFO:colcon.colcon_core.shell:Creating environment hook '/home/username/ros2_ws/install/px4_ros_com/share/px4_ros_com/hook/ld_library_path_lib.sh'
[4.937s] Level 1:colcon.colcon_core.environment:checking '/home/username/ros2_ws/install/px4_ros_com/bin'
[4.937s] Level 1:colcon.colcon_core.environment:checking '/home/username/ros2_ws/install/px4_ros_com/lib/pkgconfig/px4_ros_com.pc'
[4.938s] Level 1:colcon.colcon_core.environment:checking '/home/username/ros2_ws/install/px4_ros_com/lib/python3.12/site-packages'
[4.938s] Level 1:colcon.colcon_core.shell:create_environment_hook('px4_ros_com', 'pythonpath')
[4.938s] INFO:colcon.colcon_core.shell:Creating environment hook '/home/username/ros2_ws/install/px4_ros_com/share/px4_ros_com/hook/pythonpath.ps1'
[4.939s] INFO:colcon.colcon_core.shell:Creating environment descriptor '/home/username/ros2_ws/install/px4_ros_com/share/px4_ros_com/hook/pythonpath.dsv'
[4.940s] INFO:colcon.colcon_core.shell:Creating environment hook '/home/username/ros2_ws/install/px4_ros_com/share/px4_ros_com/hook/pythonpath.sh'
[4.942s] Level 1:colcon.colcon_core.environment:checking '/home/username/ros2_ws/install/px4_ros_com/bin'
[4.942s] INFO:colcon.colcon_core.shell:Creating package script '/home/username/ros2_ws/install/px4_ros_com/share/px4_ros_com/package.ps1'
[4.943s] INFO:colcon.colcon_core.shell:Creating package descriptor '/home/username/ros2_ws/install/px4_ros_com/share/px4_ros_com/package.dsv'
[4.945s] INFO:colcon.colcon_core.shell:Creating package script '/home/username/ros2_ws/install/px4_ros_com/share/px4_ros_com/package.sh'
[4.946s] INFO:colcon.colcon_core.shell:Creating package script '/home/username/ros2_ws/install/px4_ros_com/share/px4_ros_com/package.bash'
[4.947s] INFO:colcon.colcon_core.shell:Creating package script '/home/username/ros2_ws/install/px4_ros_com/share/px4_ros_com/package.zsh'
[4.949s] Level 1:colcon.colcon_core.environment:create_file_with_runtime_dependencies(/home/username/ros2_ws/install/px4_ros_com/share/colcon-core/packages/px4_ros_com)
[4.951s] Level 1:colcon.colcon_core.environment:create_environment_scripts_only(px4_ros_com)
[4.951s] Level 1:colcon.colcon_core.environment:checking '/home/username/ros2_ws/install/px4_ros_com' for CMake module files
[4.952s] Level 1:colcon.colcon_core.environment:checking '/home/username/ros2_ws/install/px4_ros_com' for CMake config files
[4.953s] Level 1:colcon.colcon_core.shell:create_environment_hook('px4_ros_com', 'cmake_prefix_path')
[4.953s] INFO:colcon.colcon_core.shell:Creating environment hook '/home/username/ros2_ws/install/px4_ros_com/share/px4_ros_com/hook/cmake_prefix_path.ps1'
[4.954s] INFO:colcon.colcon_core.shell:Creating environment descriptor '/home/username/ros2_ws/install/px4_ros_com/share/px4_ros_com/hook/cmake_prefix_path.dsv'
[4.955s] INFO:colcon.colcon_core.shell:Creating environment hook '/home/username/ros2_ws/install/px4_ros_com/share/px4_ros_com/hook/cmake_prefix_path.sh'
[4.957s] Level 1:colcon.colcon_core.environment:checking '/home/username/ros2_ws/install/px4_ros_com/lib'
[4.957s] Level 1:colcon.colcon_core.shell:create_environment_hook('px4_ros_com', 'ld_library_path_lib')
[4.957s] INFO:colcon.colcon_core.shell:Creating environment hook '/home/username/ros2_ws/install/px4_ros_com/share/px4_ros_com/hook/ld_library_path_lib.ps1'
[4.958s] INFO:colcon.colcon_core.shell:Creating environment descriptor '/home/username/ros2_ws/install/px4_ros_com/share/px4_ros_com/hook/ld_library_path_lib.dsv'
[4.959s] INFO:colcon.colcon_core.shell:Creating environment hook '/home/username/ros2_ws/install/px4_ros_com/share/px4_ros_com/hook/ld_library_path_lib.sh'
[4.960s] Level 1:colcon.colcon_core.environment:checking '/home/username/ros2_ws/install/px4_ros_com/bin'
[4.960s] Level 1:colcon.colcon_core.environment:checking '/home/username/ros2_ws/install/px4_ros_com/lib/pkgconfig/px4_ros_com.pc'
[4.961s] Level 1:colcon.colcon_core.environment:checking '/home/username/ros2_ws/install/px4_ros_com/lib/python3.12/site-packages'
[4.961s] Level 1:colcon.colcon_core.shell:create_environment_hook('px4_ros_com', 'pythonpath')
[4.961s] INFO:colcon.colcon_core.shell:Creating environment hook '/home/username/ros2_ws/install/px4_ros_com/share/px4_ros_com/hook/pythonpath.ps1'
[4.962s] INFO:colcon.colcon_core.shell:Creating environment descriptor '/home/username/ros2_ws/install/px4_ros_com/share/px4_ros_com/hook/pythonpath.dsv'
[4.963s] INFO:colcon.colcon_core.shell:Creating environment hook '/home/username/ros2_ws/install/px4_ros_com/share/px4_ros_com/hook/pythonpath.sh'
[4.965s] Level 1:colcon.colcon_core.environment:checking '/home/username/ros2_ws/install/px4_ros_com/bin'
[4.965s] INFO:colcon.colcon_core.shell:Creating package script '/home/username/ros2_ws/install/px4_ros_com/share/px4_ros_com/package.ps1'
[4.966s] INFO:colcon.colcon_core.shell:Creating package descriptor '/home/username/ros2_ws/install/px4_ros_com/share/px4_ros_com/package.dsv'
[4.968s] INFO:colcon.colcon_core.shell:Creating package script '/home/username/ros2_ws/install/px4_ros_com/share/px4_ros_com/package.sh'
[4.970s] INFO:colcon.colcon_core.shell:Creating package script '/home/username/ros2_ws/install/px4_ros_com/share/px4_ros_com/package.bash'
[4.971s] INFO:colcon.colcon_core.shell:Creating package script '/home/username/ros2_ws/install/px4_ros_com/share/px4_ros_com/package.zsh'
[4.973s] Level 1:colcon.colcon_core.environment:create_file_with_runtime_dependencies(/home/username/ros2_ws/install/px4_ros_com/share/colcon-core/packages/px4_ros_com)
[4.975s] INFO:colcon.colcon_ros.task.ament_python.build:Building ROS package in '/home/username/ros2_ws/src/odometry_pkg' with build type 'ament_python'
[4.975s] Level 1:colcon.colcon_core.shell:create_environment_hook('odometry_pkg', 'ament_prefix_path')
[4.975s] INFO:colcon.colcon_core.shell:Creating environment hook '/home/username/ros2_ws/install/odometry_pkg/share/odometry_pkg/hook/ament_prefix_path.ps1'
[4.978s] INFO:colcon.colcon_core.shell:Creating environment descriptor '/home/username/ros2_ws/install/odometry_pkg/share/odometry_pkg/hook/ament_prefix_path.dsv'
[4.979s] INFO:colcon.colcon_core.shell:Creating environment hook '/home/username/ros2_ws/install/odometry_pkg/share/odometry_pkg/hook/ament_prefix_path.sh'
[4.980s] INFO:colcon.colcon_core.shell:Skip shell extension 'powershell' for command environment: Not usable outside of PowerShell
[4.980s] DEBUG:colcon.colcon_core.shell:Skip shell extension 'dsv' for command environment
[5.389s] INFO:colcon.colcon_core.task.python.build:Building Python package in '/home/username/ros2_ws/src/odometry_pkg'
[5.389s] INFO:colcon.colcon_core.shell:Skip shell extension 'powershell' for command environment: Not usable outside of PowerShell
[5.389s] DEBUG:colcon.colcon_core.shell:Skip shell extension 'dsv' for command environment
[6.387s] DEBUG:colcon.colcon_core.event_handler.log_command:Invoking command in '/home/username/ros2_ws/src/odometry_pkg': LD_LIBRARY_PATH=/home/username/ros2_ws/install/px4_ros_com/lib:/home/username/ros2_ws/install/px4_msgs/lib:/home/username/ros2_ws/src/install/px4_ros_com/lib:/home/username/ros2_ws/src/install/px4_msgs/lib:/opt/ros/jazzy/lib/aarch64-linux-gnu:/opt/ros/jazzy/lib:/usr/local/lib PYTHONPATH=/home/username/ros2_ws/build/odometry_pkg/prefix_override:/usr/lib/python3/dist-packages/colcon_core/task/python/colcon_distutils_commands:/home/username/ros2_ws/install/odometry_pkg/lib/python3.12/site-packages:/home/username/ros2_ws/install/px4_ros_com/lib/python3.12/site-packages:/home/username/ros2_ws/install/px4_msgs/lib/python3.12/site-packages:/home/username/ros2_ws/install/odometry_pkg/lib/python3.12/site-packages:/home/username/ros2_ws/src/install/px4_ros_com/lib/python3.12/site-packages:/home/username/ros2_ws/src/install/px4_msgs/lib/python3.12/site-packages:/home/username/ros2_ws/src/install/odometry_publisher/lib/python3.12/site-packages:/home/username/ros2_ws/build/odometry_publisher:/home/username/ros2_ws/build/detection:/home/username/ros2_ws/install/odometry_publisher/lib/python3.12/site-packages:/home/username/ros2_ws/install/detection/lib/python3.12/site-packages:/opt/ros/jazzy/lib/python3.12/site-packages /usr/bin/python3 -W ignore:setup.py install is deprecated -W ignore:easy_install command is deprecated setup.py egg_info --egg-base ../../build/odometry_pkg build --build-base /home/username/ros2_ws/build/odometry_pkg/build install --record /home/username/ros2_ws/build/odometry_pkg/install.log --single-version-externally-managed install_data
[7.249s] Level 1:colcon.colcon_core.environment:checking '/home/username/ros2_ws/install/odometry_pkg' for CMake module files
[7.250s] DEBUG:colcon.colcon_core.event_handler.log_command:Invoked command in '/home/username/ros2_ws/src/odometry_pkg' returned '0': LD_LIBRARY_PATH=/home/username/ros2_ws/install/px4_ros_com/lib:/home/username/ros2_ws/install/px4_msgs/lib:/home/username/ros2_ws/src/install/px4_ros_com/lib:/home/username/ros2_ws/src/install/px4_msgs/lib:/opt/ros/jazzy/lib/aarch64-linux-gnu:/opt/ros/jazzy/lib:/usr/local/lib PYTHONPATH=/home/username/ros2_ws/build/odometry_pkg/prefix_override:/usr/lib/python3/dist-packages/colcon_core/task/python/colcon_distutils_commands:/home/username/ros2_ws/install/odometry_pkg/lib/python3.12/site-packages:/home/username/ros2_ws/install/px4_ros_com/lib/python3.12/site-packages:/home/username/ros2_ws/install/px4_msgs/lib/python3.12/site-packages:/home/username/ros2_ws/install/odometry_pkg/lib/python3.12/site-packages:/home/username/ros2_ws/src/install/px4_ros_com/lib/python3.12/site-packages:/home/username/ros2_ws/src/install/px4_msgs/lib/python3.12/site-packages:/home/username/ros2_ws/src/install/odometry_publisher/lib/python3.12/site-packages:/home/username/ros2_ws/build/odometry_publisher:/home/username/ros2_ws/build/detection:/home/username/ros2_ws/install/odometry_publisher/lib/python3.12/site-packages:/home/username/ros2_ws/install/detection/lib/python3.12/site-packages:/opt/ros/jazzy/lib/python3.12/site-packages /usr/bin/python3 -W ignore:setup.py install is deprecated -W ignore:easy_install command is deprecated setup.py egg_info --egg-base ../../build/odometry_pkg build --build-base /home/username/ros2_ws/build/odometry_pkg/build install --record /home/username/ros2_ws/build/odometry_pkg/install.log --single-version-externally-managed install_data
[7.250s] Level 1:colcon.colcon_core.environment:checking '/home/username/ros2_ws/install/odometry_pkg' for CMake config files
[7.251s] Level 1:colcon.colcon_core.environment:checking '/home/username/ros2_ws/install/odometry_pkg/lib'
[7.251s] Level 1:colcon.colcon_core.environment:checking '/home/username/ros2_ws/install/odometry_pkg/bin'
[7.251s] Level 1:colcon.colcon_core.environment:checking '/home/username/ros2_ws/install/odometry_pkg/lib/pkgconfig/odometry_pkg.pc'
[7.252s] Level 1:colcon.colcon_core.environment:checking '/home/username/ros2_ws/install/odometry_pkg/lib/python3.12/site-packages'
[7.252s] Level 1:colcon.colcon_core.shell:create_environment_hook('odometry_pkg', 'pythonpath')
[7.252s] INFO:colcon.colcon_core.shell:Creating environment hook '/home/username/ros2_ws/install/odometry_pkg/share/odometry_pkg/hook/pythonpath.ps1'
[7.253s] INFO:colcon.colcon_core.shell:Creating environment descriptor '/home/username/ros2_ws/install/odometry_pkg/share/odometry_pkg/hook/pythonpath.dsv'
[7.254s] INFO:colcon.colcon_core.shell:Creating environment hook '/home/username/ros2_ws/install/odometry_pkg/share/odometry_pkg/hook/pythonpath.sh'
[7.256s] Level 1:colcon.colcon_core.environment:checking '/home/username/ros2_ws/install/odometry_pkg/bin'
[7.256s] Level 1:colcon.colcon_core.environment:create_environment_scripts_only(odometry_pkg)
[7.256s] INFO:colcon.colcon_core.shell:Creating package script '/home/username/ros2_ws/install/odometry_pkg/share/odometry_pkg/package.ps1'
[7.257s] INFO:colcon.colcon_core.shell:Creating package descriptor '/home/username/ros2_ws/install/odometry_pkg/share/odometry_pkg/package.dsv'
[7.258s] INFO:colcon.colcon_core.shell:Creating package script '/home/username/ros2_ws/install/odometry_pkg/share/odometry_pkg/package.sh'
[7.260s] INFO:colcon.colcon_core.shell:Creating package script '/home/username/ros2_ws/install/odometry_pkg/share/odometry_pkg/package.bash'
[7.261s] INFO:colcon.colcon_core.shell:Creating package script '/home/username/ros2_ws/install/odometry_pkg/share/odometry_pkg/package.zsh'
[7.262s] Level 1:colcon.colcon_core.environment:create_file_with_runtime_dependencies(/home/username/ros2_ws/install/odometry_pkg/share/colcon-core/packages/odometry_pkg)
[7.263s] DEBUG:colcon.colcon_parallel_executor.executor.parallel:closing loop
[7.264s] DEBUG:colcon.colcon_parallel_executor.executor.parallel:loop closed
[7.264s] DEBUG:colcon.colcon_parallel_executor.executor.parallel:run_until_complete finished with '0'
[7.264s] DEBUG:colcon.colcon_core.event_reactor:joining thread
[7.273s] INFO:colcon.colcon_core.plugin_system:Skipping extension 'colcon_notification.desktop_notification.notify_send': Could not find 'notify-send'
[7.273s] INFO:colcon.colcon_core.plugin_system:Skipping extension 'colcon_notification.desktop_notification.terminal_notifier': Not used on non-Darwin systems
[7.273s] INFO:colcon.colcon_core.plugin_system:Skipping extension 'colcon_notification.desktop_notification.win32': Not used on non-Windows systems
[7.273s] INFO:colcon.colcon_notification.desktop_notification:Sending desktop notification using 'notify2'
[7.274s] DEBUG:colcon.colcon_notification.desktop_notification.notify2:Failed to initialize notify2: org.freedesktop.DBus.Error.ServiceUnknown: The name org.freedesktop.Notifications was not provided by any .service files
[7.275s] DEBUG:colcon.colcon_core.event_reactor:joined thread
[7.275s] INFO:colcon.colcon_core.shell:Creating prefix script '/home/username/ros2_ws/install/local_setup.ps1'
[7.276s] INFO:colcon.colcon_core.shell:Creating prefix util module '/home/username/ros2_ws/install/_local_setup_util_ps1.py'
[7.278s] INFO:colcon.colcon_core.shell:Creating prefix chain script '/home/username/ros2_ws/install/setup.ps1'
[7.280s] INFO:colcon.colcon_core.shell:Creating prefix script '/home/username/ros2_ws/install/local_setup.sh'
[7.282s] INFO:colcon.colcon_core.shell:Creating prefix util module '/home/username/ros2_ws/install/_local_setup_util_sh.py'
[7.284s] INFO:colcon.colcon_core.shell:Creating prefix chain script '/home/username/ros2_ws/install/setup.sh'
[7.286s] INFO:colcon.colcon_core.shell:Creating prefix script '/home/username/ros2_ws/install/local_setup.bash'
[7.287s] INFO:colcon.colcon_core.shell:Creating prefix chain script '/home/username/ros2_ws/install/setup.bash'
[7.289s] INFO:colcon.colcon_core.shell:Creating prefix script '/home/username/ros2_ws/install/local_setup.zsh'
[7.290s] INFO:colcon.colcon_core.shell:Creating prefix chain script '/home/username/ros2_ws/install/setup.zsh'
