[0.030s] Invoking command in '/home/username/ros2_ws/build/img_capture': CMAKE_PREFIX_PATH=${CMAKE_PREFIX_PATH}:/opt/ros/jazzy /usr/bin/cmake /home/username/ros2_ws/src/img_capture -DAMENT_CMAKE_SYMLINK_INSTALL=1 -DCMAKE_INSTALL_PREFIX=/home/username/ros2_ws/install/img_capture
[0.214s] -- Found ament_cmake: 2.5.3 (/opt/ros/jazzy/share/ament_cmake/cmake)
[0.572s] -- Override CMake install command with custom implementation using symlinks instead of copying resources
[0.623s] -- Found rclcpp: 28.1.6 (/opt/ros/jazzy/share/rclcpp/cmake)
[0.696s] -- Found rosidl_generator_c: 4.6.5 (/opt/ros/jazzy/share/rosidl_generator_c/cmake)
[0.720s] -- Found rosidl_generator_cpp: 4.6.5 (/opt/ros/jazzy/share/rosidl_generator_cpp/cmake)
[0.752s] -- Using all available rosidl_typesupport_c: rosidl_typesupport_fastrtps_c;rosidl_typesupport_introspection_c
[0.786s] -- Using all available rosidl_typesupport_cpp: rosidl_typesupport_fastrtps_cpp;rosidl_typesupport_introspection_cpp
[0.935s] -- Found rmw_implementation_cmake: 7.3.1 (/opt/ros/jazzy/share/rmw_implementation_cmake/cmake)
[0.941s] -- Found rmw_fastrtps_cpp: 8.4.1 (/opt/ros/jazzy/share/rmw_fastrtps_cpp/cmake)
[1.079s] -- Using RMW implementation 'rmw_fastrtps_cpp' as default
[1.243s] -- Found sensor_msgs: 5.3.5 (/opt/ros/jazzy/share/sensor_msgs/cmake)
[1.544s] -- Configuring done (1.4s)
[1.604s] -- Generating done (0.0s)
[1.620s] -- Build files have been written to: /home/username/ros2_ws/build/img_capture
[1.633s] Invoked command in '/home/username/ros2_ws/build/img_capture' returned '0': CMAKE_PREFIX_PATH=${CMAKE_PREFIX_PATH}:/opt/ros/jazzy /usr/bin/cmake /home/username/ros2_ws/src/img_capture -DAMENT_CMAKE_SYMLINK_INSTALL=1 -DCMAKE_INSTALL_PREFIX=/home/username/ros2_ws/install/img_capture
[1.636s] Invoking command in '/home/username/ros2_ws/build/img_capture': CMAKE_PREFIX_PATH=${CMAKE_PREFIX_PATH}:/opt/ros/jazzy /usr/bin/cmake --build /home/username/ros2_ws/build/img_capture -- -j4 -l4
[1.840s] [ 50%] [32mBuilding CXX object CMakeFiles/seekcamera_publisher.dir/src/seekcamera_publisher.cpp.o[0m
[9.051s] [100%] [32m[1mLinking CXX executable seekcamera_publisher[0m
[9.532s] [100%] Built target seekcamera_publisher
[9.552s] Invoked command in '/home/username/ros2_ws/build/img_capture' returned '0': CMAKE_PREFIX_PATH=${CMAKE_PREFIX_PATH}:/opt/ros/jazzy /usr/bin/cmake --build /home/username/ros2_ws/build/img_capture -- -j4 -l4
[9.570s] Invoking command in '/home/username/ros2_ws/build/img_capture': CMAKE_PREFIX_PATH=${CMAKE_PREFIX_PATH}:/opt/ros/jazzy /usr/bin/cmake --install /home/username/ros2_ws/build/img_capture
[9.582s] -- Install configuration: ""
[9.583s] -- Execute custom install script
[9.583s] -- Up-to-date symlink: /home/username/ros2_ws/install/img_capture/lib/img_capture/seekcamera_publisher
[9.584s] -- Up-to-date symlink: /home/username/ros2_ws/install/img_capture/lib/img_capture/thermal_subscriber.py
[9.584s] -- Up-to-date symlink: /home/username/ros2_ws/install/img_capture/share/ament_index/resource_index/package_run_dependencies/img_capture
[9.585s] -- Up-to-date symlink: /home/username/ros2_ws/install/img_capture/share/ament_index/resource_index/parent_prefix_path/img_capture
[9.585s] -- Up-to-date symlink: /home/username/ros2_ws/install/img_capture/share/img_capture/environment/ament_prefix_path.sh
[9.586s] -- Up-to-date symlink: /home/username/ros2_ws/install/img_capture/share/img_capture/environment/ament_prefix_path.dsv
[9.586s] -- Up-to-date symlink: /home/username/ros2_ws/install/img_capture/share/img_capture/environment/path.sh
[9.587s] -- Up-to-date symlink: /home/username/ros2_ws/install/img_capture/share/img_capture/environment/path.dsv
[9.587s] -- Up-to-date symlink: /home/username/ros2_ws/install/img_capture/share/img_capture/local_setup.bash
[9.588s] -- Up-to-date symlink: /home/username/ros2_ws/install/img_capture/share/img_capture/local_setup.sh
[9.589s] -- Up-to-date symlink: /home/username/ros2_ws/install/img_capture/share/img_capture/local_setup.zsh
[9.589s] -- Up-to-date symlink: /home/username/ros2_ws/install/img_capture/share/img_capture/local_setup.dsv
[9.589s] -- Symlinking: /home/username/ros2_ws/install/img_capture/share/img_capture/package.dsv
[9.606s] -- Up-to-date symlink: /home/username/ros2_ws/install/img_capture/share/ament_index/resource_index/packages/img_capture
[9.607s] -- Up-to-date symlink: /home/username/ros2_ws/install/img_capture/share/img_capture/cmake/img_captureConfig.cmake
[9.608s] -- Up-to-date symlink: /home/username/ros2_ws/install/img_capture/share/img_capture/cmake/img_captureConfig-version.cmake
[9.608s] -- Up-to-date symlink: /home/username/ros2_ws/install/img_capture/share/img_capture/package.xml
[9.611s] Invoked command in '/home/username/ros2_ws/build/img_capture' returned '0': CMAKE_PREFIX_PATH=${CMAKE_PREFIX_PATH}:/opt/ros/jazzy /usr/bin/cmake --install /home/username/ros2_ws/build/img_capture
