[0.016s] Invoking command in '/home/username/ros2_ws/build/px4_ros_com': AMENT_PREFIX_PATH=/home/username/ros2_ws/install/px4_msgs:${AMENT_PREFIX_PATH} CMAKE_PREFIX_PATH=/home/username/ros2_ws/install/px4_msgs:/opt/ros/jazzy LD_LIBRARY_PATH=/home/username/ros2_ws/install/px4_msgs/lib:${LD_LIBRARY_PATH} PYTHONPATH=/home/username/ros2_ws/install/px4_msgs/lib/python3.12/site-packages:${PYTHONPATH} /usr/bin/cmake /home/username/ros2_ws/src/px4_ros_com -DCMAKE_INSTALL_PREFIX=/home/username/ros2_ws/install/px4_ros_com
[0.140s] -- The C compiler identification is GNU 13.3.0
[0.265s] -- The CXX compiler identification is GNU 13.3.0
[0.298s] -- Detecting C compiler ABI info
[0.500s] -- Detecting C compiler ABI info - done
[0.521s] -- Check for working C compiler: /usr/bin/cc - skipped
[0.522s] -- Detecting C compile features
[0.522s] -- Detecting C compile features - done
[0.541s] -- Detecting CXX compiler ABI info
[0.761s] -- Detecting CXX compiler ABI info - done
[0.783s] -- Check for working CXX compiler: /usr/bin/c++ - skipped
[0.783s] -- Detecting CXX compile features
[0.784s] -- Detecting CXX compile features - done
[0.788s] -- Found ament_cmake: 2.5.3 (/opt/ros/jazzy/share/ament_cmake/cmake)
[1.067s] -- Found Python3: /usr/bin/python3 (found version "3.12.3") found components: Interpreter 
[1.259s] -- Found builtin_interfaces: 2.0.2 (/opt/ros/jazzy/share/builtin_interfaces/cmake)
[1.300s] -- Found rosidl_generator_c: 4.6.5 (/opt/ros/jazzy/share/rosidl_generator_c/cmake)
[1.318s] -- Found rosidl_generator_cpp: 4.6.5 (/opt/ros/jazzy/share/rosidl_generator_cpp/cmake)
[1.339s] -- Using all available rosidl_typesupport_c: rosidl_typesupport_fastrtps_c;rosidl_typesupport_introspection_c
[1.367s] -- Using all available rosidl_typesupport_cpp: rosidl_typesupport_fastrtps_cpp;rosidl_typesupport_introspection_cpp
[1.399s] -- Found eigen3_cmake_module: 0.3.0 (/opt/ros/jazzy/share/eigen3_cmake_module/cmake)
[1.413s] -- Found Eigen3: TRUE (found version "3.4.0") 
[1.417s] -- Found geometry_msgs: 5.3.5 (/opt/ros/jazzy/share/geometry_msgs/cmake)
[1.503s] -- Found px4_msgs: 2.0.1 (/home/username/ros2_ws/install/px4_msgs/share/px4_msgs/cmake)
[1.570s] -- Found rclcpp: 28.1.6 (/opt/ros/jazzy/share/rclcpp/cmake)
[1.688s] -- Found rmw_implementation_cmake: 7.3.1 (/opt/ros/jazzy/share/rmw_implementation_cmake/cmake)
[1.696s] -- Found rmw_fastrtps_cpp: 8.4.1 (/opt/ros/jazzy/share/rmw_fastrtps_cpp/cmake)
[1.877s] -- Found OpenSSL: /usr/lib/aarch64-linux-gnu/libcrypto.so (found version "3.0.13")  
[1.908s] -- Found FastRTPS: /opt/ros/jazzy/include (Required is at least version "2.13") 
[1.956s] -- Using RMW implementation 'rmw_fastrtps_cpp' as default
[2.192s] -- Found sensor_msgs: 5.3.5 (/opt/ros/jazzy/share/sensor_msgs/cmake)
[2.251s] -- Found rclpy: 7.1.3 (/opt/ros/jazzy/share/rclpy/cmake)
[2.268s] -- Found ament_lint_auto: 0.17.1 (/opt/ros/jazzy/share/ament_lint_auto/cmake)
[2.516s] -- Added test 'copyright' to check source files copyright and LICENSE
[2.526s] -- Added test 'cppcheck' to perform static code analysis on C / C++ code
[2.526s] -- Configured cppcheck include dirs: /home/username/ros2_ws/src/px4_ros_com/include;$<BUILD_INTERFACE:/home/username/ros2_ws/src/px4_ros_com/include/px4_ros_com>
[2.527s] -- Configured cppcheck exclude dirs and/or files: 
[2.535s] -- Added test 'cpplint' to check C / C++ code against the Google style
[2.535s] -- Configured cpplint exclude dirs and/or files: 
[2.537s] -- Added test 'flake8' to check Python code syntax and style conventions
[2.537s] -- Configured 'flake8' exclude dirs and/or files: 
[2.541s] -- Added test 'lint_cmake' to check CMake code style
[2.543s] -- Added test 'pep257' to check Python code against some of the docstring style conventions in PEP 257
[2.553s] -- Added test 'uncrustify' to check C / C++ code style
[2.553s] -- Configured uncrustify additional arguments: 
[2.555s] -- Added test 'xmllint' to check XML markup files
[2.560s] -- Configuring done (2.5s)
[2.623s] -- Generating done (0.0s)
[2.645s] -- Build files have been written to: /home/username/ros2_ws/build/px4_ros_com
[2.671s] Invoked command in '/home/username/ros2_ws/build/px4_ros_com' returned '0': AMENT_PREFIX_PATH=/home/username/ros2_ws/install/px4_msgs:${AMENT_PREFIX_PATH} CMAKE_PREFIX_PATH=/home/username/ros2_ws/install/px4_msgs:/opt/ros/jazzy LD_LIBRARY_PATH=/home/username/ros2_ws/install/px4_msgs/lib:${LD_LIBRARY_PATH} PYTHONPATH=/home/username/ros2_ws/install/px4_msgs/lib/python3.12/site-packages:${PYTHONPATH} /usr/bin/cmake /home/username/ros2_ws/src/px4_ros_com -DCMAKE_INSTALL_PREFIX=/home/username/ros2_ws/install/px4_ros_com
[2.674s] Invoking command in '/home/username/ros2_ws/build/px4_ros_com': AMENT_PREFIX_PATH=/home/username/ros2_ws/install/px4_msgs:${AMENT_PREFIX_PATH} CMAKE_PREFIX_PATH=/home/username/ros2_ws/install/px4_msgs:/opt/ros/jazzy LD_LIBRARY_PATH=/home/username/ros2_ws/install/px4_msgs/lib:${LD_LIBRARY_PATH} PYTHONPATH=/home/username/ros2_ws/install/px4_msgs/lib/python3.12/site-packages:${PYTHONPATH} /usr/bin/cmake --build /home/username/ros2_ws/build/px4_ros_com
[2.794s] [ 33%] [32mBuilding CXX object CMakeFiles/debug_vect_advertiser.dir/src/examples/advertisers/debug_vect_advertiser.cpp.o[0m
[2.794s] [ 33%] [32mBuilding CXX object CMakeFiles/vehicle_gps_position_listener.dir/src/examples/listeners/vehicle_gps_position_listener.cpp.o[0m
[2.794s] [ 33%] [32mBuilding CXX object CMakeFiles/frame_transforms.dir/src/lib/frame_transforms.cpp.o[0m
[2.795s] [ 33%] [32mBuilding CXX object CMakeFiles/sensor_combined_listener.dir/src/examples/listeners/sensor_combined_listener.cpp.o[0m
[16.608s] [ 41%] [32m[1mLinking CXX executable debug_vect_advertiser[0m
[17.480s] [ 41%] Built target debug_vect_advertiser
[17.553s] [ 50%] [32mBuilding CXX object CMakeFiles/offboard_control.dir/src/examples/offboard/offboard_control.cpp.o[0m
[24.065s] [ 58%] [32m[1mLinking CXX shared library libframe_transforms.so[0m
[24.521s] [ 66%] [32m[1mLinking CXX executable vehicle_gps_position_listener[0m
[25.014s] [ 66%] Built target frame_transforms
[25.112s] [ 75%] [32mBuilding CXX object CMakeFiles/offboard_control_srv.dir/src/examples/offboard/offboard_control_srv.cpp.o[0m
[25.471s] [ 83%] [32m[1mLinking CXX executable sensor_combined_listener[0m
[25.834s] [ 83%] Built target vehicle_gps_position_listener
[25.953s] [ 83%] Built target ament_cmake_python_copy_px4_ros_com
[26.681s] [ 83%] Built target sensor_combined_listener
[26.697s] running egg_info
[26.699s] creating px4_ros_com.egg-info
[26.739s] writing px4_ros_com.egg-info/PKG-INFO
[26.739s] writing dependency_links to px4_ros_com.egg-info/dependency_links.txt
[26.740s] writing top-level names to px4_ros_com.egg-info/top_level.txt
[26.740s] writing manifest file 'px4_ros_com.egg-info/SOURCES.txt'
[26.857s] reading manifest file 'px4_ros_com.egg-info/SOURCES.txt'
[26.858s] writing manifest file 'px4_ros_com.egg-info/SOURCES.txt'
[26.975s] [ 83%] Built target ament_cmake_python_build_px4_ros_com_egg
[34.670s] [ 91%] [32m[1mLinking CXX executable offboard_control[0m
[35.379s] [ 91%] Built target offboard_control
[39.014s] [100%] [32m[1mLinking CXX executable offboard_control_srv[0m
[39.646s] [100%] Built target offboard_control_srv
[39.670s] Invoked command in '/home/username/ros2_ws/build/px4_ros_com' returned '0': AMENT_PREFIX_PATH=/home/username/ros2_ws/install/px4_msgs:${AMENT_PREFIX_PATH} CMAKE_PREFIX_PATH=/home/username/ros2_ws/install/px4_msgs:/opt/ros/jazzy LD_LIBRARY_PATH=/home/username/ros2_ws/install/px4_msgs/lib:${LD_LIBRARY_PATH} PYTHONPATH=/home/username/ros2_ws/install/px4_msgs/lib/python3.12/site-packages:${PYTHONPATH} /usr/bin/cmake --build /home/username/ros2_ws/build/px4_ros_com
[39.673s] Invoking command in '/home/username/ros2_ws/build/px4_ros_com': AMENT_PREFIX_PATH=/home/username/ros2_ws/install/px4_msgs:${AMENT_PREFIX_PATH} CMAKE_PREFIX_PATH=/home/username/ros2_ws/install/px4_msgs:/opt/ros/jazzy LD_LIBRARY_PATH=/home/username/ros2_ws/install/px4_msgs/lib:${LD_LIBRARY_PATH} PYTHONPATH=/home/username/ros2_ws/install/px4_msgs/lib/python3.12/site-packages:${PYTHONPATH} /usr/bin/cmake --install /home/username/ros2_ws/build/px4_ros_com
[39.691s] -- Install configuration: ""
[39.691s] -- Installing: /home/username/ros2_ws/install/px4_ros_com/lib/px4_ros_com/sensor_combined_listener
[39.704s] -- Set non-toolchain portion of runtime path of "/home/username/ros2_ws/install/px4_ros_com/lib/px4_ros_com/sensor_combined_listener" to ""
[39.704s] -- Installing: /home/username/ros2_ws/install/px4_ros_com/lib/px4_ros_com/vehicle_gps_position_listener
[39.716s] -- Set non-toolchain portion of runtime path of "/home/username/ros2_ws/install/px4_ros_com/lib/px4_ros_com/vehicle_gps_position_listener" to ""
[39.717s] -- Installing: /home/username/ros2_ws/install/px4_ros_com/lib/px4_ros_com/debug_vect_advertiser
[39.720s] -- Set non-toolchain portion of runtime path of "/home/username/ros2_ws/install/px4_ros_com/lib/px4_ros_com/debug_vect_advertiser" to ""
[39.720s] -- Installing: /home/username/ros2_ws/install/px4_ros_com/lib/px4_ros_com/offboard_control
[39.727s] -- Set non-toolchain portion of runtime path of "/home/username/ros2_ws/install/px4_ros_com/lib/px4_ros_com/offboard_control" to ""
[39.727s] -- Installing: /home/username/ros2_ws/install/px4_ros_com/lib/px4_ros_com/offboard_control_srv
[39.734s] -- Set non-toolchain portion of runtime path of "/home/username/ros2_ws/install/px4_ros_com/lib/px4_ros_com/offboard_control_srv" to ""
[39.734s] -- Installing: /home/username/ros2_ws/install/px4_ros_com/share/px4_ros_com/environment/library_path.sh
[39.734s] -- Installing: /home/username/ros2_ws/install/px4_ros_com/share/px4_ros_com/environment/library_path.dsv
[39.735s] -- Installing: /home/username/ros2_ws/install/px4_ros_com/include/px4_ros_com
[39.735s] -- Installing: /home/username/ros2_ws/install/px4_ros_com/include/px4_ros_com/frame_transforms.h
[39.735s] -- Installing: /home/username/ros2_ws/install/px4_ros_com/lib/libframe_transforms.so
[39.744s] -- Set non-toolchain portion of runtime path of "/home/username/ros2_ws/install/px4_ros_com/lib/libframe_transforms.so" to ""
[39.744s] -- Installing: /home/username/ros2_ws/install/px4_ros_com/share/px4_ros_com//launch
[39.744s] -- Installing: /home/username/ros2_ws/install/px4_ros_com/share/px4_ros_com//launch/sensor_combined_listener.launch.py
[39.745s] -- Installing: /home/username/ros2_ws/install/px4_ros_com/share/px4_ros_com//launch/offboard_control_launch.yaml
[39.745s] -- Installing: /home/username/ros2_ws/install/px4_ros_com/share/px4_ros_com//test
[39.745s] -- Installing: /home/username/ros2_ws/install/px4_ros_com/share/px4_ros_com//test/pipeline_io_test.py
[39.745s] -- Installing: /home/username/ros2_ws/install/px4_ros_com/share/px4_ros_com//test/test_output.py
[39.745s] -- Installing: /home/username/ros2_ws/install/px4_ros_com/share/px4_ros_com//test/test_input.py
[39.746s] -- Installing: /home/username/ros2_ws/install/px4_ros_com/share/px4_ros_com//test/__init__.py
[39.746s] -- Installing: /home/username/ros2_ws/install/px4_ros_com/share/px4_ros_com/environment/pythonpath.sh
[39.746s] -- Installing: /home/username/ros2_ws/install/px4_ros_com/share/px4_ros_com/environment/pythonpath.dsv
[39.746s] -- Installing: /home/username/ros2_ws/install/px4_ros_com/lib/python3.12/site-packages/px4_ros_com-0.1.0-py3.12.egg-info
[39.747s] -- Installing: /home/username/ros2_ws/install/px4_ros_com/lib/python3.12/site-packages/px4_ros_com-0.1.0-py3.12.egg-info/dependency_links.txt
[39.747s] -- Installing: /home/username/ros2_ws/install/px4_ros_com/lib/python3.12/site-packages/px4_ros_com-0.1.0-py3.12.egg-info/PKG-INFO
[39.747s] -- Installing: /home/username/ros2_ws/install/px4_ros_com/lib/python3.12/site-packages/px4_ros_com-0.1.0-py3.12.egg-info/top_level.txt
[39.747s] -- Installing: /home/username/ros2_ws/install/px4_ros_com/lib/python3.12/site-packages/px4_ros_com-0.1.0-py3.12.egg-info/SOURCES.txt
[39.747s] -- Installing: /home/username/ros2_ws/install/px4_ros_com/lib/python3.12/site-packages/px4_ros_com
[39.748s] -- Installing: /home/username/ros2_ws/install/px4_ros_com/lib/python3.12/site-packages/px4_ros_com/__init__.py
[39.748s] -- Installing: /home/username/ros2_ws/install/px4_ros_com/lib/python3.12/site-packages/px4_ros_com/module_to_import.py
[39.824s] Listing '/home/username/ros2_ws/install/px4_ros_com/lib/python3.12/site-packages/px4_ros_com'...
[39.824s] Compiling '/home/username/ros2_ws/install/px4_ros_com/lib/python3.12/site-packages/px4_ros_com/__init__.py'...
[39.824s] Compiling '/home/username/ros2_ws/install/px4_ros_com/lib/python3.12/site-packages/px4_ros_com/module_to_import.py'...
[39.840s] -- Installing: /home/username/ros2_ws/install/px4_ros_com/lib/px4_ros_com/offboard_control.py
[39.841s] -- Installing: /home/username/ros2_ws/install/px4_ros_com/share/ament_index/resource_index/package_run_dependencies/px4_ros_com
[39.841s] -- Installing: /home/username/ros2_ws/install/px4_ros_com/share/ament_index/resource_index/parent_prefix_path/px4_ros_com
[39.842s] -- Installing: /home/username/ros2_ws/install/px4_ros_com/share/px4_ros_com/environment/ament_prefix_path.sh
[39.842s] -- Installing: /home/username/ros2_ws/install/px4_ros_com/share/px4_ros_com/environment/ament_prefix_path.dsv
[39.842s] -- Installing: /home/username/ros2_ws/install/px4_ros_com/share/px4_ros_com/environment/path.sh
[39.842s] -- Installing: /home/username/ros2_ws/install/px4_ros_com/share/px4_ros_com/environment/path.dsv
[39.843s] -- Installing: /home/username/ros2_ws/install/px4_ros_com/share/px4_ros_com/local_setup.bash
[39.843s] -- Installing: /home/username/ros2_ws/install/px4_ros_com/share/px4_ros_com/local_setup.sh
[39.843s] -- Installing: /home/username/ros2_ws/install/px4_ros_com/share/px4_ros_com/local_setup.zsh
[39.844s] -- Installing: /home/username/ros2_ws/install/px4_ros_com/share/px4_ros_com/local_setup.dsv
[39.844s] -- Installing: /home/username/ros2_ws/install/px4_ros_com/share/px4_ros_com/package.dsv
[39.844s] -- Installing: /home/username/ros2_ws/install/px4_ros_com/share/ament_index/resource_index/packages/px4_ros_com
[39.844s] -- Installing: /home/username/ros2_ws/install/px4_ros_com/share/px4_ros_com/cmake/export_frame_transformsExport.cmake
[39.845s] -- Installing: /home/username/ros2_ws/install/px4_ros_com/share/px4_ros_com/cmake/export_frame_transformsExport-noconfig.cmake
[39.845s] -- Installing: /home/username/ros2_ws/install/px4_ros_com/share/px4_ros_com/cmake/ament_cmake_export_dependencies-extras.cmake
[39.845s] -- Installing: /home/username/ros2_ws/install/px4_ros_com/share/px4_ros_com/cmake/ament_cmake_export_targets-extras.cmake
[39.846s] -- Installing: /home/username/ros2_ws/install/px4_ros_com/share/px4_ros_com/cmake/ament_cmake_export_include_directories-extras.cmake
[39.846s] -- Installing: /home/username/ros2_ws/install/px4_ros_com/share/px4_ros_com/cmake/ament_cmake_export_libraries-extras.cmake
[39.846s] -- Installing: /home/username/ros2_ws/install/px4_ros_com/share/px4_ros_com/cmake/px4_ros_comConfig.cmake
[39.846s] -- Installing: /home/username/ros2_ws/install/px4_ros_com/share/px4_ros_com/cmake/px4_ros_comConfig-version.cmake
[39.846s] -- Installing: /home/username/ros2_ws/install/px4_ros_com/share/px4_ros_com/package.xml
[39.852s] Invoked command in '/home/username/ros2_ws/build/px4_ros_com' returned '0': AMENT_PREFIX_PATH=/home/username/ros2_ws/install/px4_msgs:${AMENT_PREFIX_PATH} CMAKE_PREFIX_PATH=/home/username/ros2_ws/install/px4_msgs:/opt/ros/jazzy LD_LIBRARY_PATH=/home/username/ros2_ws/install/px4_msgs/lib:${LD_LIBRARY_PATH} PYTHONPATH=/home/username/ros2_ws/install/px4_msgs/lib/python3.12/site-packages:${PYTHONPATH} /usr/bin/cmake --install /home/username/ros2_ws/build/px4_ros_com
