[0.367s] DEBUG:colcon:Command line arguments: ['/usr/bin/colcon', 'build']
[0.367s] DEBUG:colcon:Parsed command line arguments: Namespace(log_base=None, log_level=None, verb_name='build', build_base='build', install_base='install', merge_install=False, symlink_install=False, test_result_base=None, continue_on_error=False, executor='parallel', parallel_workers=4, event_handlers=None, ignore_user_meta=False, metas=['./colcon.meta'], base_paths=['.'], packages_ignore=None, packages_ignore_regex=None, paths=None, packages_up_to=None, packages_up_to_regex=None, packages_above=None, packages_above_and_dependencies=None, packages_above_depth=None, packages_select_by_dep=None, packages_skip_by_dep=None, packages_skip_up_to=None, packages_select_build_failed=False, packages_skip_build_finished=False, packages_select_test_failures=False, packages_skip_test_passed=False, packages_select=None, packages_skip=None, packages_select_regex=None, packages_skip_regex=None, packages_start=None, packages_end=None, allow_overriding=[], cmake_args=None, cmake_target=None, cmake_target_skip_unavailable=False, cmake_clean_cache=False, cmake_clean_first=False, cmake_force_configure=False, ament_cmake_args=None, catkin_cmake_args=None, catkin_skip_building_tests=False, mixin_files=None, mixin=None, verb_parser=<colcon_mixin.mixin.mixin_argument.MixinArgumentDecorator object at 0xffff9ad7a3c0>, verb_extension=<colcon_core.verb.build.BuildVerb object at 0xffff9af22a20>, main=<bound method BuildVerb.main of <colcon_core.verb.build.BuildVerb object at 0xffff9af22a20>>, mixin_verb=('build',))
[0.528s] Level 1:colcon.colcon_core.package_discovery:discover_packages(colcon_meta) check parameters
[0.529s] Level 1:colcon.colcon_core.package_discovery:discover_packages(recursive) check parameters
[0.529s] Level 1:colcon.colcon_core.package_discovery:discover_packages(ignore) check parameters
[0.529s] Level 1:colcon.colcon_core.package_discovery:discover_packages(path) check parameters
[0.529s] Level 1:colcon.colcon_core.package_discovery:discover_packages(colcon_meta) discover
[0.529s] Level 1:colcon.colcon_core.package_discovery:discover_packages(recursive) discover
[0.529s] INFO:colcon.colcon_core.package_discovery:Crawling recursively for packages in '/home/username/ros2_ws'
[0.529s] Level 1:colcon.colcon_core.package_identification:_identify(.) by extensions ['ignore', 'ignore_ament_install']
[0.529s] Level 1:colcon.colcon_core.package_identification:_identify(.) by extension 'ignore'
[0.529s] Level 1:colcon.colcon_core.package_identification:_identify(.) by extension 'ignore_ament_install'
[0.529s] Level 1:colcon.colcon_core.package_identification:_identify(.) by extensions ['colcon_pkg']
[0.529s] Level 1:colcon.colcon_core.package_identification:_identify(.) by extension 'colcon_pkg'
[0.529s] Level 1:colcon.colcon_core.package_identification:_identify(.) by extensions ['colcon_meta']
[0.530s] Level 1:colcon.colcon_core.package_identification:_identify(.) by extension 'colcon_meta'
[0.530s] Level 1:colcon.colcon_core.package_identification:_identify(.) by extensions ['ros']
[0.530s] Level 1:colcon.colcon_core.package_identification:_identify(.) by extension 'ros'
[0.589s] Level 1:colcon.colcon_core.package_identification:_identify(.) by extensions ['cmake', 'python']
[0.589s] Level 1:colcon.colcon_core.package_identification:_identify(.) by extension 'cmake'
[0.589s] Level 1:colcon.colcon_core.package_identification:_identify(.) by extension 'python'
[0.589s] Level 1:colcon.colcon_core.package_identification:_identify(.) by extensions ['python_setup_py']
[0.589s] Level 1:colcon.colcon_core.package_identification:_identify(.) by extension 'python_setup_py'
[0.589s] Level 1:colcon.colcon_core.package_identification:_identify(build) by extensions ['ignore', 'ignore_ament_install']
[0.589s] Level 1:colcon.colcon_core.package_identification:_identify(build) by extension 'ignore'
[0.589s] Level 1:colcon.colcon_core.package_identification:_identify(build) ignored
[0.589s] Level 1:colcon.colcon_core.package_identification:_identify(install) by extensions ['ignore', 'ignore_ament_install']
[0.590s] Level 1:colcon.colcon_core.package_identification:_identify(install) by extension 'ignore'
[0.590s] Level 1:colcon.colcon_core.package_identification:_identify(install) ignored
[0.590s] Level 1:colcon.colcon_core.package_identification:_identify(log) by extensions ['ignore', 'ignore_ament_install']
[0.590s] Level 1:colcon.colcon_core.package_identification:_identify(log) by extension 'ignore'
[0.590s] Level 1:colcon.colcon_core.package_identification:_identify(log) ignored
[0.590s] Level 1:colcon.colcon_core.package_identification:_identify(src) by extensions ['ignore', 'ignore_ament_install']
[0.590s] Level 1:colcon.colcon_core.package_identification:_identify(src) by extension 'ignore'
[0.590s] Level 1:colcon.colcon_core.package_identification:_identify(src) by extension 'ignore_ament_install'
[0.590s] Level 1:colcon.colcon_core.package_identification:_identify(src) by extensions ['colcon_pkg']
[0.590s] Level 1:colcon.colcon_core.package_identification:_identify(src) by extension 'colcon_pkg'
[0.590s] Level 1:colcon.colcon_core.package_identification:_identify(src) by extensions ['colcon_meta']
[0.590s] Level 1:colcon.colcon_core.package_identification:_identify(src) by extension 'colcon_meta'
[0.590s] Level 1:colcon.colcon_core.package_identification:_identify(src) by extensions ['ros']
[0.590s] Level 1:colcon.colcon_core.package_identification:_identify(src) by extension 'ros'
[0.590s] Level 1:colcon.colcon_core.package_identification:_identify(src) by extensions ['cmake', 'python']
[0.591s] Level 1:colcon.colcon_core.package_identification:_identify(src) by extension 'cmake'
[0.591s] Level 1:colcon.colcon_core.package_identification:_identify(src) by extension 'python'
[0.591s] Level 1:colcon.colcon_core.package_identification:_identify(src) by extensions ['python_setup_py']
[0.591s] Level 1:colcon.colcon_core.package_identification:_identify(src) by extension 'python_setup_py'
[0.591s] Level 1:colcon.colcon_core.package_identification:_identify(src/px4_msgs) by extensions ['ignore', 'ignore_ament_install']
[0.592s] Level 1:colcon.colcon_core.package_identification:_identify(src/px4_msgs) by extension 'ignore'
[0.592s] Level 1:colcon.colcon_core.package_identification:_identify(src/px4_msgs) by extension 'ignore_ament_install'
[0.592s] Level 1:colcon.colcon_core.package_identification:_identify(src/px4_msgs) by extensions ['colcon_pkg']
[0.592s] Level 1:colcon.colcon_core.package_identification:_identify(src/px4_msgs) by extension 'colcon_pkg'
[0.592s] Level 1:colcon.colcon_core.package_identification:_identify(src/px4_msgs) by extensions ['colcon_meta']
[0.592s] Level 1:colcon.colcon_core.package_identification:_identify(src/px4_msgs) by extension 'colcon_meta'
[0.592s] Level 1:colcon.colcon_core.package_identification:_identify(src/px4_msgs) by extensions ['ros']
[0.592s] Level 1:colcon.colcon_core.package_identification:_identify(src/px4_msgs) by extension 'ros'
[0.598s] DEBUG:colcon.colcon_core.package_identification:Package 'src/px4_msgs' with type 'ros.ament_cmake' and name 'px4_msgs'
[0.599s] Level 1:colcon.colcon_core.package_identification:_identify(src/px4_ros_com) by extensions ['ignore', 'ignore_ament_install']
[0.599s] Level 1:colcon.colcon_core.package_identification:_identify(src/px4_ros_com) by extension 'ignore'
[0.599s] Level 1:colcon.colcon_core.package_identification:_identify(src/px4_ros_com) by extension 'ignore_ament_install'
[0.599s] Level 1:colcon.colcon_core.package_identification:_identify(src/px4_ros_com) by extensions ['colcon_pkg']
[0.600s] Level 1:colcon.colcon_core.package_identification:_identify(src/px4_ros_com) by extension 'colcon_pkg'
[0.600s] Level 1:colcon.colcon_core.package_identification:_identify(src/px4_ros_com) by extensions ['colcon_meta']
[0.600s] Level 1:colcon.colcon_core.package_identification:_identify(src/px4_ros_com) by extension 'colcon_meta'
[0.600s] Level 1:colcon.colcon_core.package_identification:_identify(src/px4_ros_com) by extensions ['ros']
[0.600s] Level 1:colcon.colcon_core.package_identification:_identify(src/px4_ros_com) by extension 'ros'
[0.602s] DEBUG:colcon.colcon_core.package_identification:Package 'src/px4_ros_com' with type 'ros.ament_cmake' and name 'px4_ros_com'
[0.602s] Level 1:colcon.colcon_core.package_discovery:discover_packages(recursive) using defaults
[0.602s] Level 1:colcon.colcon_core.package_discovery:discover_packages(ignore) discover
[0.602s] Level 1:colcon.colcon_core.package_discovery:discover_packages(ignore) using defaults
[0.602s] Level 1:colcon.colcon_core.package_discovery:discover_packages(path) discover
[0.602s] Level 1:colcon.colcon_core.package_discovery:discover_packages(path) using defaults
[0.648s] Level 1:colcon.colcon_core.package_discovery:discover_packages(prefix_path) check parameters
[0.649s] Level 1:colcon.colcon_core.package_discovery:discover_packages(prefix_path) discover
[0.656s] DEBUG:colcon.colcon_installed_package_information.package_discovery:Found 2 installed packages in /home/username/ros2_ws/install
[0.658s] DEBUG:colcon.colcon_installed_package_information.package_discovery:Found 191 installed packages in /opt/ros/jazzy
[0.659s] Level 1:colcon.colcon_core.package_discovery:discover_packages(prefix_path) using defaults
[0.704s] Level 5:colcon.colcon_core.verb:set package 'px4_msgs' build argument 'cmake_args' from command line to 'None'
[0.704s] Level 5:colcon.colcon_core.verb:set package 'px4_msgs' build argument 'cmake_target' from command line to 'None'
[0.704s] Level 5:colcon.colcon_core.verb:set package 'px4_msgs' build argument 'cmake_target_skip_unavailable' from command line to 'False'
[0.704s] Level 5:colcon.colcon_core.verb:set package 'px4_msgs' build argument 'cmake_clean_cache' from command line to 'False'
[0.704s] Level 5:colcon.colcon_core.verb:set package 'px4_msgs' build argument 'cmake_clean_first' from command line to 'False'
[0.704s] Level 5:colcon.colcon_core.verb:set package 'px4_msgs' build argument 'cmake_force_configure' from command line to 'False'
[0.704s] Level 5:colcon.colcon_core.verb:set package 'px4_msgs' build argument 'ament_cmake_args' from command line to 'None'
[0.704s] Level 5:colcon.colcon_core.verb:set package 'px4_msgs' build argument 'catkin_cmake_args' from command line to 'None'
[0.704s] Level 5:colcon.colcon_core.verb:set package 'px4_msgs' build argument 'catkin_skip_building_tests' from command line to 'False'
[0.704s] DEBUG:colcon.colcon_core.verb:Building package 'px4_msgs' with the following arguments: {'ament_cmake_args': None, 'build_base': '/home/username/ros2_ws/build/px4_msgs', 'catkin_cmake_args': None, 'catkin_skip_building_tests': False, 'cmake_args': None, 'cmake_clean_cache': False, 'cmake_clean_first': False, 'cmake_force_configure': False, 'cmake_target': None, 'cmake_target_skip_unavailable': False, 'install_base': '/home/username/ros2_ws/install/px4_msgs', 'merge_install': False, 'path': '/home/username/ros2_ws/src/px4_msgs', 'symlink_install': False, 'test_result_base': None}
[0.704s] Level 5:colcon.colcon_core.verb:set package 'px4_ros_com' build argument 'cmake_args' from command line to 'None'
[0.704s] Level 5:colcon.colcon_core.verb:set package 'px4_ros_com' build argument 'cmake_target' from command line to 'None'
[0.704s] Level 5:colcon.colcon_core.verb:set package 'px4_ros_com' build argument 'cmake_target_skip_unavailable' from command line to 'False'
[0.704s] Level 5:colcon.colcon_core.verb:set package 'px4_ros_com' build argument 'cmake_clean_cache' from command line to 'False'
[0.704s] Level 5:colcon.colcon_core.verb:set package 'px4_ros_com' build argument 'cmake_clean_first' from command line to 'False'
[0.704s] Level 5:colcon.colcon_core.verb:set package 'px4_ros_com' build argument 'cmake_force_configure' from command line to 'False'
[0.704s] Level 5:colcon.colcon_core.verb:set package 'px4_ros_com' build argument 'ament_cmake_args' from command line to 'None'
[0.704s] Level 5:colcon.colcon_core.verb:set package 'px4_ros_com' build argument 'catkin_cmake_args' from command line to 'None'
[0.704s] Level 5:colcon.colcon_core.verb:set package 'px4_ros_com' build argument 'catkin_skip_building_tests' from command line to 'False'
[0.705s] DEBUG:colcon.colcon_core.verb:Building package 'px4_ros_com' with the following arguments: {'ament_cmake_args': None, 'build_base': '/home/username/ros2_ws/build/px4_ros_com', 'catkin_cmake_args': None, 'catkin_skip_building_tests': False, 'cmake_args': None, 'cmake_clean_cache': False, 'cmake_clean_first': False, 'cmake_force_configure': False, 'cmake_target': None, 'cmake_target_skip_unavailable': False, 'install_base': '/home/username/ros2_ws/install/px4_ros_com', 'merge_install': False, 'path': '/home/username/ros2_ws/src/px4_ros_com', 'symlink_install': False, 'test_result_base': None}
[0.705s] INFO:colcon.colcon_core.executor:Executing jobs using 'parallel' executor
[0.706s] DEBUG:colcon.colcon_parallel_executor.executor.parallel:run_until_complete
[0.706s] INFO:colcon.colcon_ros.task.ament_cmake.build:Building ROS package in '/home/username/ros2_ws/src/px4_msgs' with build type 'ament_cmake'
[0.706s] INFO:colcon.colcon_cmake.task.cmake.build:Building CMake package in '/home/username/ros2_ws/src/px4_msgs'
[0.724s] INFO:colcon.colcon_core.plugin_system:Skipping extension 'colcon_core.shell.bat': Not used on non-Windows systems
[0.724s] INFO:colcon.colcon_core.shell:Skip shell extension 'powershell' for command environment: Not usable outside of PowerShell
[0.725s] DEBUG:colcon.colcon_core.shell:Skip shell extension 'dsv' for command environment
[0.751s] DEBUG:colcon.colcon_core.event_handler.log_command:Invoking command in '/home/username/ros2_ws/build/px4_msgs': CMAKE_PREFIX_PATH=${CMAKE_PREFIX_PATH}:/opt/ros/jazzy /usr/bin/cmake --build /home/username/ros2_ws/build/px4_msgs -- -j4 -l4
[6.248s] DEBUG:colcon.colcon_core.event_handler.log_command:Invoked command in '/home/username/ros2_ws/build/px4_msgs' returned '0': CMAKE_PREFIX_PATH=${CMAKE_PREFIX_PATH}:/opt/ros/jazzy /usr/bin/cmake --build /home/username/ros2_ws/build/px4_msgs -- -j4 -l4
[6.269s] DEBUG:colcon.colcon_core.event_handler.log_command:Invoking command in '/home/username/ros2_ws/build/px4_msgs': CMAKE_PREFIX_PATH=${CMAKE_PREFIX_PATH}:/opt/ros/jazzy /usr/bin/cmake --install /home/username/ros2_ws/build/px4_msgs
[7.715s] Level 1:colcon.colcon_core.environment:create_environment_scripts_only(px4_msgs)
[7.716s] DEBUG:colcon.colcon_core.event_handler.log_command:Invoked command in '/home/username/ros2_ws/build/px4_msgs' returned '0': CMAKE_PREFIX_PATH=${CMAKE_PREFIX_PATH}:/opt/ros/jazzy /usr/bin/cmake --install /home/username/ros2_ws/build/px4_msgs
[7.733s] Level 1:colcon.colcon_core.environment:checking '/home/username/ros2_ws/install/px4_msgs' for CMake module files
[7.734s] Level 1:colcon.colcon_core.environment:checking '/home/username/ros2_ws/install/px4_msgs' for CMake config files
[7.743s] Level 1:colcon.colcon_core.shell:create_environment_hook('px4_msgs', 'cmake_prefix_path')
[7.743s] INFO:colcon.colcon_core.shell:Creating environment hook '/home/username/ros2_ws/install/px4_msgs/share/px4_msgs/hook/cmake_prefix_path.ps1'
[7.745s] INFO:colcon.colcon_core.shell:Creating environment descriptor '/home/username/ros2_ws/install/px4_msgs/share/px4_msgs/hook/cmake_prefix_path.dsv'
[7.747s] INFO:colcon.colcon_core.shell:Creating environment hook '/home/username/ros2_ws/install/px4_msgs/share/px4_msgs/hook/cmake_prefix_path.sh'
[7.750s] Level 1:colcon.colcon_core.environment:checking '/home/username/ros2_ws/install/px4_msgs/lib'
[7.750s] Level 1:colcon.colcon_core.shell:create_environment_hook('px4_msgs', 'ld_library_path_lib')
[7.750s] INFO:colcon.colcon_core.shell:Creating environment hook '/home/username/ros2_ws/install/px4_msgs/share/px4_msgs/hook/ld_library_path_lib.ps1'
[7.751s] INFO:colcon.colcon_core.shell:Creating environment descriptor '/home/username/ros2_ws/install/px4_msgs/share/px4_msgs/hook/ld_library_path_lib.dsv'
[7.752s] INFO:colcon.colcon_core.shell:Creating environment hook '/home/username/ros2_ws/install/px4_msgs/share/px4_msgs/hook/ld_library_path_lib.sh'
[7.752s] Level 1:colcon.colcon_core.environment:checking '/home/username/ros2_ws/install/px4_msgs/bin'
[7.753s] Level 1:colcon.colcon_core.environment:checking '/home/username/ros2_ws/install/px4_msgs/lib/pkgconfig/px4_msgs.pc'
[7.753s] Level 1:colcon.colcon_core.environment:checking '/home/username/ros2_ws/install/px4_msgs/lib/python3.12/site-packages'
[7.753s] Level 1:colcon.colcon_core.shell:create_environment_hook('px4_msgs', 'pythonpath')
[7.753s] INFO:colcon.colcon_core.shell:Creating environment hook '/home/username/ros2_ws/install/px4_msgs/share/px4_msgs/hook/pythonpath.ps1'
[7.754s] INFO:colcon.colcon_core.shell:Creating environment descriptor '/home/username/ros2_ws/install/px4_msgs/share/px4_msgs/hook/pythonpath.dsv'
[7.755s] INFO:colcon.colcon_core.shell:Creating environment hook '/home/username/ros2_ws/install/px4_msgs/share/px4_msgs/hook/pythonpath.sh'
[7.756s] Level 1:colcon.colcon_core.environment:checking '/home/username/ros2_ws/install/px4_msgs/bin'
[7.756s] INFO:colcon.colcon_core.shell:Creating package script '/home/username/ros2_ws/install/px4_msgs/share/px4_msgs/package.ps1'
[7.758s] INFO:colcon.colcon_core.shell:Creating package descriptor '/home/username/ros2_ws/install/px4_msgs/share/px4_msgs/package.dsv'
[7.760s] INFO:colcon.colcon_core.shell:Creating package script '/home/username/ros2_ws/install/px4_msgs/share/px4_msgs/package.sh'
[7.762s] INFO:colcon.colcon_core.shell:Creating package script '/home/username/ros2_ws/install/px4_msgs/share/px4_msgs/package.bash'
[7.765s] INFO:colcon.colcon_core.shell:Creating package script '/home/username/ros2_ws/install/px4_msgs/share/px4_msgs/package.zsh'
[7.768s] Level 1:colcon.colcon_core.environment:create_file_with_runtime_dependencies(/home/username/ros2_ws/install/px4_msgs/share/colcon-core/packages/px4_msgs)
[7.770s] Level 1:colcon.colcon_core.environment:create_environment_scripts_only(px4_msgs)
[7.770s] Level 1:colcon.colcon_core.environment:checking '/home/username/ros2_ws/install/px4_msgs' for CMake module files
[7.771s] Level 1:colcon.colcon_core.environment:checking '/home/username/ros2_ws/install/px4_msgs' for CMake config files
[7.780s] Level 1:colcon.colcon_core.shell:create_environment_hook('px4_msgs', 'cmake_prefix_path')
[7.780s] INFO:colcon.colcon_core.shell:Creating environment hook '/home/username/ros2_ws/install/px4_msgs/share/px4_msgs/hook/cmake_prefix_path.ps1'
[7.781s] INFO:colcon.colcon_core.shell:Creating environment descriptor '/home/username/ros2_ws/install/px4_msgs/share/px4_msgs/hook/cmake_prefix_path.dsv'
[7.783s] INFO:colcon.colcon_core.shell:Creating environment hook '/home/username/ros2_ws/install/px4_msgs/share/px4_msgs/hook/cmake_prefix_path.sh'
[7.784s] Level 1:colcon.colcon_core.environment:checking '/home/username/ros2_ws/install/px4_msgs/lib'
[7.784s] Level 1:colcon.colcon_core.shell:create_environment_hook('px4_msgs', 'ld_library_path_lib')
[7.785s] INFO:colcon.colcon_core.shell:Creating environment hook '/home/username/ros2_ws/install/px4_msgs/share/px4_msgs/hook/ld_library_path_lib.ps1'
[7.785s] INFO:colcon.colcon_core.shell:Creating environment descriptor '/home/username/ros2_ws/install/px4_msgs/share/px4_msgs/hook/ld_library_path_lib.dsv'
[7.786s] INFO:colcon.colcon_core.shell:Creating environment hook '/home/username/ros2_ws/install/px4_msgs/share/px4_msgs/hook/ld_library_path_lib.sh'
[7.788s] Level 1:colcon.colcon_core.environment:checking '/home/username/ros2_ws/install/px4_msgs/bin'
[7.788s] Level 1:colcon.colcon_core.environment:checking '/home/username/ros2_ws/install/px4_msgs/lib/pkgconfig/px4_msgs.pc'
[7.788s] Level 1:colcon.colcon_core.environment:checking '/home/username/ros2_ws/install/px4_msgs/lib/python3.12/site-packages'
[7.788s] Level 1:colcon.colcon_core.shell:create_environment_hook('px4_msgs', 'pythonpath')
[7.789s] INFO:colcon.colcon_core.shell:Creating environment hook '/home/username/ros2_ws/install/px4_msgs/share/px4_msgs/hook/pythonpath.ps1'
[7.789s] INFO:colcon.colcon_core.shell:Creating environment descriptor '/home/username/ros2_ws/install/px4_msgs/share/px4_msgs/hook/pythonpath.dsv'
[7.791s] INFO:colcon.colcon_core.shell:Creating environment hook '/home/username/ros2_ws/install/px4_msgs/share/px4_msgs/hook/pythonpath.sh'
[7.792s] Level 1:colcon.colcon_core.environment:checking '/home/username/ros2_ws/install/px4_msgs/bin'
[7.793s] INFO:colcon.colcon_core.shell:Creating package script '/home/username/ros2_ws/install/px4_msgs/share/px4_msgs/package.ps1'
[7.794s] INFO:colcon.colcon_core.shell:Creating package descriptor '/home/username/ros2_ws/install/px4_msgs/share/px4_msgs/package.dsv'
[7.796s] INFO:colcon.colcon_core.shell:Creating package script '/home/username/ros2_ws/install/px4_msgs/share/px4_msgs/package.sh'
[7.797s] INFO:colcon.colcon_core.shell:Creating package script '/home/username/ros2_ws/install/px4_msgs/share/px4_msgs/package.bash'
[7.800s] INFO:colcon.colcon_core.shell:Creating package script '/home/username/ros2_ws/install/px4_msgs/share/px4_msgs/package.zsh'
[7.802s] Level 1:colcon.colcon_core.environment:create_file_with_runtime_dependencies(/home/username/ros2_ws/install/px4_msgs/share/colcon-core/packages/px4_msgs)
[7.803s] INFO:colcon.colcon_ros.task.ament_cmake.build:Building ROS package in '/home/username/ros2_ws/src/px4_ros_com' with build type 'ament_cmake'
[7.803s] INFO:colcon.colcon_cmake.task.cmake.build:Building CMake package in '/home/username/ros2_ws/src/px4_ros_com'
[7.804s] INFO:colcon.colcon_core.shell:Skip shell extension 'powershell' for command environment: Not usable outside of PowerShell
[7.804s] DEBUG:colcon.colcon_core.shell:Skip shell extension 'dsv' for command environment
[7.826s] DEBUG:colcon.colcon_core.event_handler.log_command:Invoking command in '/home/username/ros2_ws/build/px4_ros_com': CMAKE_PREFIX_PATH=/home/username/ros2_ws/install/px4_msgs:/home/username/ros2_ws/install/px4_ros_com:/opt/ros/jazzy LD_LIBRARY_PATH=/home/username/ros2_ws/install/px4_msgs/lib:/home/username/ros2_ws/install/px4_ros_com/lib:/opt/ros/jazzy/lib/aarch64-linux-gnu:/opt/ros/jazzy/lib PYTHONPATH=/home/username/ros2_ws/install/px4_msgs/lib/python3.12/site-packages:/home/username/ros2_ws/install/px4_ros_com/lib/python3.12/site-packages:/opt/ros/jazzy/lib/python3.12/site-packages /usr/bin/cmake --build /home/username/ros2_ws/build/px4_ros_com -- -j4 -l4
[8.593s] DEBUG:colcon.colcon_core.event_handler.log_command:Invoked command in '/home/username/ros2_ws/build/px4_ros_com' returned '0': CMAKE_PREFIX_PATH=/home/username/ros2_ws/install/px4_msgs:/home/username/ros2_ws/install/px4_ros_com:/opt/ros/jazzy LD_LIBRARY_PATH=/home/username/ros2_ws/install/px4_msgs/lib:/home/username/ros2_ws/install/px4_ros_com/lib:/opt/ros/jazzy/lib/aarch64-linux-gnu:/opt/ros/jazzy/lib PYTHONPATH=/home/username/ros2_ws/install/px4_msgs/lib/python3.12/site-packages:/home/username/ros2_ws/install/px4_ros_com/lib/python3.12/site-packages:/opt/ros/jazzy/lib/python3.12/site-packages /usr/bin/cmake --build /home/username/ros2_ws/build/px4_ros_com -- -j4 -l4
[8.597s] DEBUG:colcon.colcon_core.event_handler.log_command:Invoking command in '/home/username/ros2_ws/build/px4_ros_com': CMAKE_PREFIX_PATH=/home/username/ros2_ws/install/px4_msgs:/home/username/ros2_ws/install/px4_ros_com:/opt/ros/jazzy LD_LIBRARY_PATH=/home/username/ros2_ws/install/px4_msgs/lib:/home/username/ros2_ws/install/px4_ros_com/lib:/opt/ros/jazzy/lib/aarch64-linux-gnu:/opt/ros/jazzy/lib PYTHONPATH=/home/username/ros2_ws/install/px4_msgs/lib/python3.12/site-packages:/home/username/ros2_ws/install/px4_ros_com/lib/python3.12/site-packages:/opt/ros/jazzy/lib/python3.12/site-packages /usr/bin/cmake --install /home/username/ros2_ws/build/px4_ros_com
[8.707s] Level 1:colcon.colcon_core.environment:create_environment_scripts_only(px4_ros_com)
[8.707s] Level 1:colcon.colcon_core.environment:checking '/home/username/ros2_ws/install/px4_ros_com' for CMake module files
[8.708s] DEBUG:colcon.colcon_core.event_handler.log_command:Invoked command in '/home/username/ros2_ws/build/px4_ros_com' returned '0': CMAKE_PREFIX_PATH=/home/username/ros2_ws/install/px4_msgs:/home/username/ros2_ws/install/px4_ros_com:/opt/ros/jazzy LD_LIBRARY_PATH=/home/username/ros2_ws/install/px4_msgs/lib:/home/username/ros2_ws/install/px4_ros_com/lib:/opt/ros/jazzy/lib/aarch64-linux-gnu:/opt/ros/jazzy/lib PYTHONPATH=/home/username/ros2_ws/install/px4_msgs/lib/python3.12/site-packages:/home/username/ros2_ws/install/px4_ros_com/lib/python3.12/site-packages:/opt/ros/jazzy/lib/python3.12/site-packages /usr/bin/cmake --install /home/username/ros2_ws/build/px4_ros_com
[8.709s] Level 1:colcon.colcon_core.environment:checking '/home/username/ros2_ws/install/px4_ros_com' for CMake config files
[8.709s] Level 1:colcon.colcon_core.shell:create_environment_hook('px4_ros_com', 'cmake_prefix_path')
[8.709s] INFO:colcon.colcon_core.shell:Creating environment hook '/home/username/ros2_ws/install/px4_ros_com/share/px4_ros_com/hook/cmake_prefix_path.ps1'
[8.710s] INFO:colcon.colcon_core.shell:Creating environment descriptor '/home/username/ros2_ws/install/px4_ros_com/share/px4_ros_com/hook/cmake_prefix_path.dsv'
[8.711s] INFO:colcon.colcon_core.shell:Creating environment hook '/home/username/ros2_ws/install/px4_ros_com/share/px4_ros_com/hook/cmake_prefix_path.sh'
[8.712s] Level 1:colcon.colcon_core.environment:checking '/home/username/ros2_ws/install/px4_ros_com/lib'
[8.712s] Level 1:colcon.colcon_core.shell:create_environment_hook('px4_ros_com', 'ld_library_path_lib')
[8.713s] INFO:colcon.colcon_core.shell:Creating environment hook '/home/username/ros2_ws/install/px4_ros_com/share/px4_ros_com/hook/ld_library_path_lib.ps1'
[8.713s] INFO:colcon.colcon_core.shell:Creating environment descriptor '/home/username/ros2_ws/install/px4_ros_com/share/px4_ros_com/hook/ld_library_path_lib.dsv'
[8.714s] INFO:colcon.colcon_core.shell:Creating environment hook '/home/username/ros2_ws/install/px4_ros_com/share/px4_ros_com/hook/ld_library_path_lib.sh'
[8.715s] Level 1:colcon.colcon_core.environment:checking '/home/username/ros2_ws/install/px4_ros_com/bin'
[8.715s] Level 1:colcon.colcon_core.environment:checking '/home/username/ros2_ws/install/px4_ros_com/lib/pkgconfig/px4_ros_com.pc'
[8.715s] Level 1:colcon.colcon_core.environment:checking '/home/username/ros2_ws/install/px4_ros_com/lib/python3.12/site-packages'
[8.715s] Level 1:colcon.colcon_core.shell:create_environment_hook('px4_ros_com', 'pythonpath')
[8.716s] INFO:colcon.colcon_core.shell:Creating environment hook '/home/username/ros2_ws/install/px4_ros_com/share/px4_ros_com/hook/pythonpath.ps1'
[8.718s] INFO:colcon.colcon_core.shell:Creating environment descriptor '/home/username/ros2_ws/install/px4_ros_com/share/px4_ros_com/hook/pythonpath.dsv'
[8.719s] INFO:colcon.colcon_core.shell:Creating environment hook '/home/username/ros2_ws/install/px4_ros_com/share/px4_ros_com/hook/pythonpath.sh'
[8.723s] Level 1:colcon.colcon_core.environment:checking '/home/username/ros2_ws/install/px4_ros_com/bin'
[8.723s] INFO:colcon.colcon_core.shell:Creating package script '/home/username/ros2_ws/install/px4_ros_com/share/px4_ros_com/package.ps1'
[8.724s] INFO:colcon.colcon_core.shell:Creating package descriptor '/home/username/ros2_ws/install/px4_ros_com/share/px4_ros_com/package.dsv'
[8.726s] INFO:colcon.colcon_core.shell:Creating package script '/home/username/ros2_ws/install/px4_ros_com/share/px4_ros_com/package.sh'
[8.727s] INFO:colcon.colcon_core.shell:Creating package script '/home/username/ros2_ws/install/px4_ros_com/share/px4_ros_com/package.bash'
[8.729s] INFO:colcon.colcon_core.shell:Creating package script '/home/username/ros2_ws/install/px4_ros_com/share/px4_ros_com/package.zsh'
[8.730s] Level 1:colcon.colcon_core.environment:create_file_with_runtime_dependencies(/home/username/ros2_ws/install/px4_ros_com/share/colcon-core/packages/px4_ros_com)
[8.733s] Level 1:colcon.colcon_core.environment:create_environment_scripts_only(px4_ros_com)
[8.733s] Level 1:colcon.colcon_core.environment:checking '/home/username/ros2_ws/install/px4_ros_com' for CMake module files
[8.734s] Level 1:colcon.colcon_core.environment:checking '/home/username/ros2_ws/install/px4_ros_com' for CMake config files
[8.734s] Level 1:colcon.colcon_core.shell:create_environment_hook('px4_ros_com', 'cmake_prefix_path')
[8.734s] INFO:colcon.colcon_core.shell:Creating environment hook '/home/username/ros2_ws/install/px4_ros_com/share/px4_ros_com/hook/cmake_prefix_path.ps1'
[8.735s] INFO:colcon.colcon_core.shell:Creating environment descriptor '/home/username/ros2_ws/install/px4_ros_com/share/px4_ros_com/hook/cmake_prefix_path.dsv'
[8.737s] INFO:colcon.colcon_core.shell:Creating environment hook '/home/username/ros2_ws/install/px4_ros_com/share/px4_ros_com/hook/cmake_prefix_path.sh'
[8.738s] Level 1:colcon.colcon_core.environment:checking '/home/username/ros2_ws/install/px4_ros_com/lib'
[8.739s] Level 1:colcon.colcon_core.shell:create_environment_hook('px4_ros_com', 'ld_library_path_lib')
[8.739s] INFO:colcon.colcon_core.shell:Creating environment hook '/home/username/ros2_ws/install/px4_ros_com/share/px4_ros_com/hook/ld_library_path_lib.ps1'
[8.740s] INFO:colcon.colcon_core.shell:Creating environment descriptor '/home/username/ros2_ws/install/px4_ros_com/share/px4_ros_com/hook/ld_library_path_lib.dsv'
[8.741s] INFO:colcon.colcon_core.shell:Creating environment hook '/home/username/ros2_ws/install/px4_ros_com/share/px4_ros_com/hook/ld_library_path_lib.sh'
[8.743s] Level 1:colcon.colcon_core.environment:checking '/home/username/ros2_ws/install/px4_ros_com/bin'
[8.743s] Level 1:colcon.colcon_core.environment:checking '/home/username/ros2_ws/install/px4_ros_com/lib/pkgconfig/px4_ros_com.pc'
[8.743s] Level 1:colcon.colcon_core.environment:checking '/home/username/ros2_ws/install/px4_ros_com/lib/python3.12/site-packages'
[8.743s] Level 1:colcon.colcon_core.shell:create_environment_hook('px4_ros_com', 'pythonpath')
[8.744s] INFO:colcon.colcon_core.shell:Creating environment hook '/home/username/ros2_ws/install/px4_ros_com/share/px4_ros_com/hook/pythonpath.ps1'
[8.744s] INFO:colcon.colcon_core.shell:Creating environment descriptor '/home/username/ros2_ws/install/px4_ros_com/share/px4_ros_com/hook/pythonpath.dsv'
[8.746s] INFO:colcon.colcon_core.shell:Creating environment hook '/home/username/ros2_ws/install/px4_ros_com/share/px4_ros_com/hook/pythonpath.sh'
[8.748s] Level 1:colcon.colcon_core.environment:checking '/home/username/ros2_ws/install/px4_ros_com/bin'
[8.748s] INFO:colcon.colcon_core.shell:Creating package script '/home/username/ros2_ws/install/px4_ros_com/share/px4_ros_com/package.ps1'
[8.749s] INFO:colcon.colcon_core.shell:Creating package descriptor '/home/username/ros2_ws/install/px4_ros_com/share/px4_ros_com/package.dsv'
[8.750s] INFO:colcon.colcon_core.shell:Creating package script '/home/username/ros2_ws/install/px4_ros_com/share/px4_ros_com/package.sh'
[8.752s] INFO:colcon.colcon_core.shell:Creating package script '/home/username/ros2_ws/install/px4_ros_com/share/px4_ros_com/package.bash'
[8.753s] INFO:colcon.colcon_core.shell:Creating package script '/home/username/ros2_ws/install/px4_ros_com/share/px4_ros_com/package.zsh'
[8.754s] Level 1:colcon.colcon_core.environment:create_file_with_runtime_dependencies(/home/username/ros2_ws/install/px4_ros_com/share/colcon-core/packages/px4_ros_com)
[8.756s] DEBUG:colcon.colcon_parallel_executor.executor.parallel:closing loop
[8.756s] DEBUG:colcon.colcon_parallel_executor.executor.parallel:loop closed
[8.756s] DEBUG:colcon.colcon_parallel_executor.executor.parallel:run_until_complete finished with '0'
[8.757s] DEBUG:colcon.colcon_core.event_reactor:joining thread
[8.769s] INFO:colcon.colcon_core.plugin_system:Skipping extension 'colcon_notification.desktop_notification.notify_send': Could not find 'notify-send'
[8.769s] INFO:colcon.colcon_core.plugin_system:Skipping extension 'colcon_notification.desktop_notification.terminal_notifier': Not used on non-Darwin systems
[8.769s] INFO:colcon.colcon_core.plugin_system:Skipping extension 'colcon_notification.desktop_notification.win32': Not used on non-Windows systems
[8.769s] INFO:colcon.colcon_notification.desktop_notification:Sending desktop notification using 'notify2'
[8.796s] DEBUG:colcon.colcon_notification.desktop_notification.notify2:Failed to initialize notify2: org.freedesktop.DBus.Error.ServiceUnknown: The name org.freedesktop.Notifications was not provided by any .service files
[8.796s] DEBUG:colcon.colcon_core.event_reactor:joined thread
[8.797s] INFO:colcon.colcon_core.shell:Creating prefix script '/home/username/ros2_ws/install/local_setup.ps1'
[8.799s] INFO:colcon.colcon_core.shell:Creating prefix util module '/home/username/ros2_ws/install/_local_setup_util_ps1.py'
[8.804s] INFO:colcon.colcon_core.shell:Creating prefix chain script '/home/username/ros2_ws/install/setup.ps1'
[8.806s] INFO:colcon.colcon_core.shell:Creating prefix script '/home/username/ros2_ws/install/local_setup.sh'
[8.808s] INFO:colcon.colcon_core.shell:Creating prefix util module '/home/username/ros2_ws/install/_local_setup_util_sh.py'
[8.809s] INFO:colcon.colcon_core.shell:Creating prefix chain script '/home/username/ros2_ws/install/setup.sh'
[8.812s] INFO:colcon.colcon_core.shell:Creating prefix script '/home/username/ros2_ws/install/local_setup.bash'
[8.814s] INFO:colcon.colcon_core.shell:Creating prefix chain script '/home/username/ros2_ws/install/setup.bash'
[8.816s] INFO:colcon.colcon_core.shell:Creating prefix script '/home/username/ros2_ws/install/local_setup.zsh'
[8.819s] INFO:colcon.colcon_core.shell:Creating prefix chain script '/home/username/ros2_ws/install/setup.zsh'
