[0.153s] Invoking command in '/home/username/ros2_ws/build/img_capture': CMAKE_PREFIX_PATH=${CMAKE_PREFIX_PATH}:/home/username/ros2_ws/install/odometry_pkg:/opt/ros/jazzy /usr/bin/cmake --build /home/username/ros2_ws/build/img_capture -- -j4 -l4
[0.634s] -- Found ament_cmake: 2.5.3 (/opt/ros/jazzy/share/ament_cmake/cmake)
[1.200s] -- Found rclcpp: 28.1.6 (/opt/ros/jazzy/share/rclcpp/cmake)
[1.270s] -- Found rosidl_generator_c: 4.6.5 (/opt/ros/jazzy/share/rosidl_generator_c/cmake)
[1.292s] -- Found rosidl_generator_cpp: 4.6.5 (/opt/ros/jazzy/share/rosidl_generator_cpp/cmake)
[1.325s] -- Using all available rosidl_typesupport_c: rosidl_typesupport_fastrtps_c;rosidl_typesupport_introspection_c
[1.358s] -- Using all available rosidl_typesupport_cpp: rosidl_typesupport_fastrtps_cpp;rosidl_typesupport_introspection_cpp
[1.503s] -- Found rmw_implementation_cmake: 7.3.1 (/opt/ros/jazzy/share/rmw_implementation_cmake/cmake)
[1.509s] -- Found rmw_fastrtps_cpp: 8.4.1 (/opt/ros/jazzy/share/rmw_fastrtps_cpp/cmake)
[1.653s] -- Using RMW implementation 'rmw_fastrtps_cpp' as default
[1.789s] -- Found sensor_msgs: 5.3.5 (/opt/ros/jazzy/share/sensor_msgs/cmake)
[2.137s] -- Configuring done (1.5s)
[2.537s] -- Generating done (0.4s)
[2.598s] -- Build files have been written to: /home/username/ros2_ws/build/img_capture
[2.873s] [100%] Built target seekcamera_publisher
[2.913s] Invoked command in '/home/username/ros2_ws/build/img_capture' returned '0': CMAKE_PREFIX_PATH=${CMAKE_PREFIX_PATH}:/home/username/ros2_ws/install/odometry_pkg:/opt/ros/jazzy /usr/bin/cmake --build /home/username/ros2_ws/build/img_capture -- -j4 -l4
[2.915s] Invoking command in '/home/username/ros2_ws/build/img_capture': CMAKE_PREFIX_PATH=${CMAKE_PREFIX_PATH}:/home/username/ros2_ws/install/odometry_pkg:/opt/ros/jazzy /usr/bin/cmake --install /home/username/ros2_ws/build/img_capture
[2.930s] -- Install configuration: ""
[2.934s] -- Up-to-date: /home/username/ros2_ws/install/img_capture/lib/img_capture/seekcamera_publisher
[2.935s] -- Up-to-date: /home/username/ros2_ws/install/img_capture/lib/img_capture/thermal_subscriber.py
[2.935s] -- Up-to-date: /home/username/ros2_ws/install/img_capture/share/ament_index/resource_index/package_run_dependencies/img_capture
[2.936s] -- Installing: /home/username/ros2_ws/install/img_capture/share/ament_index/resource_index/parent_prefix_path/img_capture
[2.936s] -- Up-to-date: /home/username/ros2_ws/install/img_capture/share/img_capture/environment/ament_prefix_path.sh
[2.936s] -- Up-to-date: /home/username/ros2_ws/install/img_capture/share/img_capture/environment/ament_prefix_path.dsv
[2.937s] -- Up-to-date: /home/username/ros2_ws/install/img_capture/share/img_capture/environment/path.sh
[2.937s] -- Up-to-date: /home/username/ros2_ws/install/img_capture/share/img_capture/environment/path.dsv
[2.937s] -- Up-to-date: /home/username/ros2_ws/install/img_capture/share/img_capture/local_setup.bash
[2.937s] -- Up-to-date: /home/username/ros2_ws/install/img_capture/share/img_capture/local_setup.sh
[2.937s] -- Up-to-date: /home/username/ros2_ws/install/img_capture/share/img_capture/local_setup.zsh
[2.937s] -- Up-to-date: /home/username/ros2_ws/install/img_capture/share/img_capture/local_setup.dsv
[2.937s] -- Installing: /home/username/ros2_ws/install/img_capture/share/img_capture/package.dsv
[2.938s] -- Up-to-date: /home/username/ros2_ws/install/img_capture/share/ament_index/resource_index/packages/img_capture
[2.963s] -- Up-to-date: /home/username/ros2_ws/install/img_capture/share/img_capture/cmake/img_captureConfig.cmake
[2.963s] -- Up-to-date: /home/username/ros2_ws/install/img_capture/share/img_capture/cmake/img_captureConfig-version.cmake
[2.964s] -- Installing: /home/username/ros2_ws/install/img_capture/share/img_capture/package.xml
[2.964s] -- Up-to-date: /home/username/ros2_ws/install/img_capture/share/img_capture//launch
[2.967s] -- Up-to-date: /home/username/ros2_ws/install/img_capture/share/img_capture//launch/img_capture.launch.py
[3.246s] Invoked command in '/home/username/ros2_ws/build/img_capture' returned '0': CMAKE_PREFIX_PATH=${CMAKE_PREFIX_PATH}:/home/username/ros2_ws/install/odometry_pkg:/opt/ros/jazzy /usr/bin/cmake --install /home/username/ros2_ws/build/img_capture
