[0.037s] Invoking command in '/home/username/ros2_ws/build/low_alt': CMAKE_PREFIX_PATH=${CMAKE_PREFIX_PATH}:/opt/ros/jazzy /usr/bin/cmake /home/username/ros2_ws/src/low_alt -DCMAKE_INSTALL_PREFIX=/home/username/ros2_ws/install/low_alt
[0.674s] -- The C compiler identification is GNU 13.3.0
[1.103s] -- The CXX compiler identification is GNU 13.3.0
[1.135s] -- Detecting C compiler ABI info
[1.340s] -- Detecting C compiler ABI info - done
[1.355s] -- Check for working C compiler: /usr/bin/cc - skipped
[1.356s] -- Detecting C compile features
[1.358s] -- Detecting C compile features - done
[1.373s] -- Detecting CXX compiler ABI info
[1.567s] -- Detecting CXX compiler ABI info - done
[1.582s] -- Check for working CXX compiler: /usr/bin/c++ - skipped
[1.582s] -- Detecting CXX compile features
[1.583s] -- Detecting CXX compile features - done
[1.587s] -- Found ament_cmake: 2.5.3 (/opt/ros/jazzy/share/ament_cmake/cmake)
[1.838s] -- Found Python3: /usr/bin/python3 (found version "3.12.3") found components: Interpreter 
[2.011s] -- Found rclcpp: 28.1.6 (/opt/ros/jazzy/share/rclcpp/cmake)
[2.058s] -- Found rosidl_generator_c: 4.6.5 (/opt/ros/jazzy/share/rosidl_generator_c/cmake)
[2.077s] -- Found rosidl_generator_cpp: 4.6.5 (/opt/ros/jazzy/share/rosidl_generator_cpp/cmake)
[2.105s] -- Using all available rosidl_typesupport_c: rosidl_typesupport_fastrtps_c;rosidl_typesupport_introspection_c
[2.134s] -- Using all available rosidl_typesupport_cpp: rosidl_typesupport_fastrtps_cpp;rosidl_typesupport_introspection_cpp
[2.242s] -- Found rmw_implementation_cmake: 7.3.1 (/opt/ros/jazzy/share/rmw_implementation_cmake/cmake)
[2.245s] -- Found rmw_fastrtps_cpp: 8.4.1 (/opt/ros/jazzy/share/rmw_fastrtps_cpp/cmake)
[2.396s] -- Found OpenSSL: /usr/lib/aarch64-linux-gnu/libcrypto.so (found version "3.0.13")  
[2.418s] -- Found FastRTPS: /opt/ros/jazzy/include (Required is at least version "2.13") 
[2.451s] -- Using RMW implementation 'rmw_fastrtps_cpp' as default
[2.545s] -- Found sensor_msgs: 5.3.5 (/opt/ros/jazzy/share/sensor_msgs/cmake)
[2.774s] -- Configuring done (2.6s)
[2.791s] -- Generating done (0.0s)
[2.797s] -- Build files have been written to: /home/username/ros2_ws/build/low_alt
[2.815s] Invoked command in '/home/username/ros2_ws/build/low_alt' returned '0': CMAKE_PREFIX_PATH=${CMAKE_PREFIX_PATH}:/opt/ros/jazzy /usr/bin/cmake /home/username/ros2_ws/src/low_alt -DCMAKE_INSTALL_PREFIX=/home/username/ros2_ws/install/low_alt
[2.817s] Invoking command in '/home/username/ros2_ws/build/low_alt': CMAKE_PREFIX_PATH=${CMAKE_PREFIX_PATH}:/opt/ros/jazzy /usr/bin/cmake --build /home/username/ros2_ws/build/low_alt -- -j4 -l4
[2.900s] [ 50%] [32mBuilding CXX object CMakeFiles/seekcamera_publisher.dir/src/seekcamera_publisher.cpp.o[0m
[9.940s] [100%] [32m[1mLinking CXX executable seekcamera_publisher[0m
[10.511s] [100%] Built target seekcamera_publisher
