[0.015s] Invoking command in '/home/username/ros2_ws/build/sdk_wrap': CMAKE_PREFIX_PATH=/opt/ros/jazzy /usr/bin/cmake /home/username/ros2_ws/src/sdk_wrap -DCMAKE_INSTALL_PREFIX=/home/username/ros2_ws/install/sdk_wrap
[0.036s] -- Found ament_cmake: 2.5.3 (/opt/ros/jazzy/share/ament_cmake/cmake)
[0.356s] -- Found rclcpp: 28.1.6 (/opt/ros/jazzy/share/rclcpp/cmake)
[0.387s] -- Found rosidl_generator_c: 4.6.5 (/opt/ros/jazzy/share/rosidl_generator_c/cmake)
[0.399s] -- Found rosidl_generator_cpp: 4.6.5 (/opt/ros/jazzy/share/rosidl_generator_cpp/cmake)
[0.415s] -- Using all available rosidl_typesupport_c: rosidl_typesupport_fastrtps_c;rosidl_typesupport_introspection_c
[0.433s] -- Using all available rosidl_typesupport_cpp: rosidl_typesupport_fastrtps_cpp;rosidl_typesupport_introspection_cpp
[0.513s] -- Found rmw_implementation_cmake: 7.3.1 (/opt/ros/jazzy/share/rmw_implementation_cmake/cmake)
[0.515s] -- Found rmw_fastrtps_cpp: 8.4.1 (/opt/ros/jazzy/share/rmw_fastrtps_cpp/cmake)
[0.598s] -- Using RMW implementation 'rmw_fastrtps_cpp' as default
[0.679s] -- Found pybind11: /usr/include (found version "2.11.1")
[0.683s] [31mCMake Error at CMakeLists.txt:20 (find_package):
[0.683s]   By not providing "Findseekcamera.cmake" in CMAKE_MODULE_PATH this project
[0.683s]   has asked CMake to find a package configuration file provided by
[0.683s]   "seekcamera", but CMake did not find one.
[0.683s] 
[0.684s]   Could not find a package configuration file provided by "seekcamera" with
[0.684s]   any of the following names:
[0.684s] 
[0.684s]     seekcameraConfig.cmake
[0.684s]     seekcamera-config.cmake
[0.684s] 
[0.684s]   Add the installation prefix of "seekcamera" to CMAKE_PREFIX_PATH or set
[0.684s]   "seekcamera_DIR" to a directory containing one of the above files.  If
[0.684s]   "seekcamera" provides a separate development package or SDK, be sure it has
[0.684s]   been installed.
[0.684s] 
[0.684s] [0m
[0.684s] -- Configuring incomplete, errors occurred!
[0.696s] Invoked command in '/home/username/ros2_ws/build/sdk_wrap' returned '1': CMAKE_PREFIX_PATH=/opt/ros/jazzy /usr/bin/cmake /home/username/ros2_ws/src/sdk_wrap -DCMAKE_INSTALL_PREFIX=/home/username/ros2_ws/install/sdk_wrap
