[1.107s] Invoking command in '/home/username/ros2_ws/src/odometry_pkg': LD_LIBRARY_PATH=/home/username/ros2_ws/install/px4_ros_com/lib:/home/username/ros2_ws/install/px4_msgs/lib:/home/username/ros2_ws/src/install/px4_ros_com/lib:/home/username/ros2_ws/src/install/px4_msgs/lib:/opt/ros/jazzy/lib/aarch64-linux-gnu:/opt/ros/jazzy/lib:/usr/local/lib PYTHONPATH=/home/username/ros2_ws/build/odometry_pkg/prefix_override:/usr/lib/python3/dist-packages/colcon_core/task/python/colcon_distutils_commands:/home/username/ros2_ws/install/odometry_pkg/lib/python3.12/site-packages:/home/username/ros2_ws/install/px4_ros_com/lib/python3.12/site-packages:/home/username/ros2_ws/install/px4_msgs/lib/python3.12/site-packages:/home/username/ros2_ws/install/odometry_pkg/lib/python3.12/site-packages:/home/username/ros2_ws/src/install/px4_ros_com/lib/python3.12/site-packages:/home/username/ros2_ws/src/install/px4_msgs/lib/python3.12/site-packages:/home/username/ros2_ws/src/install/odometry_publisher/lib/python3.12/site-packages:/home/username/ros2_ws/build/odometry_publisher:/home/username/ros2_ws/build/detection:/home/username/ros2_ws/install/odometry_publisher/lib/python3.12/site-packages:/home/username/ros2_ws/install/detection/lib/python3.12/site-packages:/opt/ros/jazzy/lib/python3.12/site-packages /usr/bin/python3 -W ignore:setup.py install is deprecated -W ignore:easy_install command is deprecated setup.py egg_info --egg-base ../../build/odometry_pkg build --build-base /home/username/ros2_ws/build/odometry_pkg/build install --record /home/username/ros2_ws/build/odometry_pkg/install.log --single-version-externally-managed install_data
[1.432s] running egg_info
[1.453s] writing ../../build/odometry_pkg/odometry_pkg.egg-info/PKG-INFO
[1.453s] writing dependency_links to ../../build/odometry_pkg/odometry_pkg.egg-info/dependency_links.txt
[1.454s] writing entry points to ../../build/odometry_pkg/odometry_pkg.egg-info/entry_points.txt
[1.455s] writing requirements to ../../build/odometry_pkg/odometry_pkg.egg-info/requires.txt
[1.457s] writing top-level names to ../../build/odometry_pkg/odometry_pkg.egg-info/top_level.txt
[1.502s] reading manifest file '../../build/odometry_pkg/odometry_pkg.egg-info/SOURCES.txt'
[1.503s] writing manifest file '../../build/odometry_pkg/odometry_pkg.egg-info/SOURCES.txt'
[1.503s] running build
[1.503s] running build_py
[1.503s] copying odometry_pkg/odometry_publisher.py -> /home/username/ros2_ws/build/odometry_pkg/build/lib/odometry_pkg
[1.504s] running install
[1.513s] running install_lib
[1.535s] copying /home/username/ros2_ws/build/odometry_pkg/build/lib/odometry_pkg/odometry_publisher.py -> /home/username/ros2_ws/install/odometry_pkg/lib/python3.12/site-packages/odometry_pkg
[1.535s] byte-compiling /home/username/ros2_ws/install/odometry_pkg/lib/python3.12/site-packages/odometry_pkg/odometry_publisher.py to odometry_publisher.cpython-312.pyc
[1.537s] running install_data
[1.538s] running install_egg_info
[1.561s] removing '/home/username/ros2_ws/install/odometry_pkg/lib/python3.12/site-packages/odometry_pkg-0.0.0-py3.12.egg-info' (and everything under it)
[1.561s] Copying ../../build/odometry_pkg/odometry_pkg.egg-info to /home/username/ros2_ws/install/odometry_pkg/lib/python3.12/site-packages/odometry_pkg-0.0.0-py3.12.egg-info
[1.562s] running install_scripts
[1.715s] Installing odometry_publisher script to /home/username/ros2_ws/install/odometry_pkg/lib/odometry_pkg
[1.715s] writing list of installed files to '/home/username/ros2_ws/build/odometry_pkg/install.log'
[1.797s] Invoked command in '/home/username/ros2_ws/src/odometry_pkg' returned '0': LD_LIBRARY_PATH=/home/username/ros2_ws/install/px4_ros_com/lib:/home/username/ros2_ws/install/px4_msgs/lib:/home/username/ros2_ws/src/install/px4_ros_com/lib:/home/username/ros2_ws/src/install/px4_msgs/lib:/opt/ros/jazzy/lib/aarch64-linux-gnu:/opt/ros/jazzy/lib:/usr/local/lib PYTHONPATH=/home/username/ros2_ws/build/odometry_pkg/prefix_override:/usr/lib/python3/dist-packages/colcon_core/task/python/colcon_distutils_commands:/home/username/ros2_ws/install/odometry_pkg/lib/python3.12/site-packages:/home/username/ros2_ws/install/px4_ros_com/lib/python3.12/site-packages:/home/username/ros2_ws/install/px4_msgs/lib/python3.12/site-packages:/home/username/ros2_ws/install/odometry_pkg/lib/python3.12/site-packages:/home/username/ros2_ws/src/install/px4_ros_com/lib/python3.12/site-packages:/home/username/ros2_ws/src/install/px4_msgs/lib/python3.12/site-packages:/home/username/ros2_ws/src/install/odometry_publisher/lib/python3.12/site-packages:/home/username/ros2_ws/build/odometry_publisher:/home/username/ros2_ws/build/detection:/home/username/ros2_ws/install/odometry_publisher/lib/python3.12/site-packages:/home/username/ros2_ws/install/detection/lib/python3.12/site-packages:/opt/ros/jazzy/lib/python3.12/site-packages /usr/bin/python3 -W ignore:setup.py install is deprecated -W ignore:easy_install command is deprecated setup.py egg_info --egg-base ../../build/odometry_pkg build --build-base /home/username/ros2_ws/build/odometry_pkg/build install --record /home/username/ros2_ws/build/odometry_pkg/install.log --single-version-externally-managed install_data
