[0.059s] Invoking command in '/home/username/ros2_ws/build/img_capture': CMAKE_PREFIX_PATH=/home/username/ros2_ws/install/px4_msgs:/home/username/ros2_ws/install/px4_ros_com:/home/username/ros2_ws/install/img_capture:/home/username/ros2_ws/install/low_alt:/home/username/ros2_ws/src/install/px4_ros_com:/home/username/ros2_ws/src/install/px4_msgs:/home/username/ros2_ws/src/install/low_alt:/home/username/ros2_ws/src/install/img_capture:/home/username/ros2_ws/install/odometry_pkg:/opt/ros/jazzy LD_LIBRARY_PATH=/home/username/ros2_ws/install/px4_msgs/lib:/home/username/ros2_ws/install/px4_ros_com/lib:/home/username/ros2_ws/src/install/px4_ros_com/lib:/home/username/ros2_ws/src/install/px4_msgs/lib:/opt/ros/jazzy/lib/aarch64-linux-gnu:/opt/ros/jazzy/lib:/usr/local/lib PYTHONPATH=/home/username/ros2_ws/install/px4_msgs/lib/python3.12/site-packages:/home/username/ros2_ws/install/odometry_pkg/lib/python3.12/site-packages:/home/username/ros2_ws/install/px4_ros_com/lib/python3.12/site-packages:/home/username/ros2_ws/src/install/px4_ros_com/lib/python3.12/site-packages:/home/username/ros2_ws/src/install/px4_msgs/lib/python3.12/site-packages:/opt/ros/jazzy/lib/python3.12/site-packages /usr/bin/cmake --build /home/username/ros2_ws/build/img_capture -- -j4 -l4
[0.106s] -- Found ament_cmake: 2.5.3 (/opt/ros/jazzy/share/ament_cmake/cmake)
[0.468s] -- Override CMake install command with custom implementation using symlinks instead of copying resources
[0.479s] -- Found rclcpp: 28.1.6 (/opt/ros/jazzy/share/rclcpp/cmake)
[0.513s] -- Found rosidl_generator_c: 4.6.5 (/opt/ros/jazzy/share/rosidl_generator_c/cmake)
[0.526s] -- Found rosidl_generator_cpp: 4.6.5 (/opt/ros/jazzy/share/rosidl_generator_cpp/cmake)
[0.543s] -- Using all available rosidl_typesupport_c: rosidl_typesupport_fastrtps_c;rosidl_typesupport_introspection_c
[0.563s] -- Using all available rosidl_typesupport_cpp: rosidl_typesupport_fastrtps_cpp;rosidl_typesupport_introspection_cpp
[0.645s] -- Found rmw_implementation_cmake: 7.3.1 (/opt/ros/jazzy/share/rmw_implementation_cmake/cmake)
[0.648s] -- Found rmw_fastrtps_cpp: 8.4.1 (/opt/ros/jazzy/share/rmw_fastrtps_cpp/cmake)
[0.736s] -- Using RMW implementation 'rmw_fastrtps_cpp' as default
[0.819s] -- Found sensor_msgs: 5.3.5 (/opt/ros/jazzy/share/sensor_msgs/cmake)
[1.052s] -- Configuring done (1.0s)
[1.178s] -- Generating done (0.1s)
[1.332s] -- Build files have been written to: /home/username/ros2_ws/build/img_capture
[1.414s] [100%] Built target seekcamera_publisher
[1.436s] Invoked command in '/home/username/ros2_ws/build/img_capture' returned '0': CMAKE_PREFIX_PATH=/home/username/ros2_ws/install/px4_msgs:/home/username/ros2_ws/install/px4_ros_com:/home/username/ros2_ws/install/img_capture:/home/username/ros2_ws/install/low_alt:/home/username/ros2_ws/src/install/px4_ros_com:/home/username/ros2_ws/src/install/px4_msgs:/home/username/ros2_ws/src/install/low_alt:/home/username/ros2_ws/src/install/img_capture:/home/username/ros2_ws/install/odometry_pkg:/opt/ros/jazzy LD_LIBRARY_PATH=/home/username/ros2_ws/install/px4_msgs/lib:/home/username/ros2_ws/install/px4_ros_com/lib:/home/username/ros2_ws/src/install/px4_ros_com/lib:/home/username/ros2_ws/src/install/px4_msgs/lib:/opt/ros/jazzy/lib/aarch64-linux-gnu:/opt/ros/jazzy/lib:/usr/local/lib PYTHONPATH=/home/username/ros2_ws/install/px4_msgs/lib/python3.12/site-packages:/home/username/ros2_ws/install/odometry_pkg/lib/python3.12/site-packages:/home/username/ros2_ws/install/px4_ros_com/lib/python3.12/site-packages:/home/username/ros2_ws/src/install/px4_ros_com/lib/python3.12/site-packages:/home/username/ros2_ws/src/install/px4_msgs/lib/python3.12/site-packages:/opt/ros/jazzy/lib/python3.12/site-packages /usr/bin/cmake --build /home/username/ros2_ws/build/img_capture -- -j4 -l4
[1.454s] Invoking command in '/home/username/ros2_ws/build/img_capture': CMAKE_PREFIX_PATH=/home/username/ros2_ws/install/px4_msgs:/home/username/ros2_ws/install/px4_ros_com:/home/username/ros2_ws/install/img_capture:/home/username/ros2_ws/install/low_alt:/home/username/ros2_ws/src/install/px4_ros_com:/home/username/ros2_ws/src/install/px4_msgs:/home/username/ros2_ws/src/install/low_alt:/home/username/ros2_ws/src/install/img_capture:/home/username/ros2_ws/install/odometry_pkg:/opt/ros/jazzy LD_LIBRARY_PATH=/home/username/ros2_ws/install/px4_msgs/lib:/home/username/ros2_ws/install/px4_ros_com/lib:/home/username/ros2_ws/src/install/px4_ros_com/lib:/home/username/ros2_ws/src/install/px4_msgs/lib:/opt/ros/jazzy/lib/aarch64-linux-gnu:/opt/ros/jazzy/lib:/usr/local/lib PYTHONPATH=/home/username/ros2_ws/install/px4_msgs/lib/python3.12/site-packages:/home/username/ros2_ws/install/odometry_pkg/lib/python3.12/site-packages:/home/username/ros2_ws/install/px4_ros_com/lib/python3.12/site-packages:/home/username/ros2_ws/src/install/px4_ros_com/lib/python3.12/site-packages:/home/username/ros2_ws/src/install/px4_msgs/lib/python3.12/site-packages:/opt/ros/jazzy/lib/python3.12/site-packages /usr/bin/cmake --install /home/username/ros2_ws/build/img_capture
[1.467s] -- Install configuration: ""
[1.467s] -- Execute custom install script
[1.468s] -- Up-to-date symlink: /home/username/ros2_ws/install/img_capture/lib/img_capture/seekcamera_publisher
[1.469s] -- Up-to-date symlink: /home/username/ros2_ws/install/img_capture/lib/img_capture/thermal_subscriber.py
[1.469s] -- Up-to-date symlink: /home/username/ros2_ws/install/img_capture/lib/img_capture/odometry_publisher.py
[1.469s] -- Up-to-date symlink: /home/username/ros2_ws/install/img_capture/lib/img_capture/live_feedback.py
[1.469s] -- Up-to-date symlink: /home/username/ros2_ws/install/img_capture/lib/img_capture/high_alt_filter.py
[1.470s] -- Up-to-date symlink: /home/username/ros2_ws/install/img_capture/share/ament_index/resource_index/package_run_dependencies/img_capture
[1.470s] -- Up-to-date symlink: /home/username/ros2_ws/install/img_capture/share/ament_index/resource_index/parent_prefix_path/img_capture
[1.470s] -- Up-to-date symlink: /home/username/ros2_ws/install/img_capture/share/img_capture/environment/ament_prefix_path.sh
[1.470s] -- Up-to-date symlink: /home/username/ros2_ws/install/img_capture/share/img_capture/environment/ament_prefix_path.dsv
[1.470s] -- Up-to-date symlink: /home/username/ros2_ws/install/img_capture/share/img_capture/environment/path.sh
[1.470s] -- Up-to-date symlink: /home/username/ros2_ws/install/img_capture/share/img_capture/environment/path.dsv
[1.471s] -- Up-to-date symlink: /home/username/ros2_ws/install/img_capture/share/img_capture/local_setup.bash
[1.471s] -- Up-to-date symlink: /home/username/ros2_ws/install/img_capture/share/img_capture/local_setup.sh
[1.471s] -- Up-to-date symlink: /home/username/ros2_ws/install/img_capture/share/img_capture/local_setup.zsh
[1.471s] -- Up-to-date symlink: /home/username/ros2_ws/install/img_capture/share/img_capture/local_setup.dsv
[1.471s] -- Symlinking: /home/username/ros2_ws/install/img_capture/share/img_capture/package.dsv
[1.488s] -- Up-to-date symlink: /home/username/ros2_ws/install/img_capture/share/ament_index/resource_index/packages/img_capture
[1.488s] -- Up-to-date symlink: /home/username/ros2_ws/install/img_capture/share/img_capture/cmake/img_captureConfig.cmake
[1.488s] -- Up-to-date symlink: /home/username/ros2_ws/install/img_capture/share/img_capture/cmake/img_captureConfig-version.cmake
[1.489s] -- Up-to-date symlink: /home/username/ros2_ws/install/img_capture/share/img_capture/package.xml
[1.489s] -- Up-to-date symlink: /home/username/ros2_ws/install/img_capture/share/img_capture//launch/img_capture.launch.py
[1.492s] Invoked command in '/home/username/ros2_ws/build/img_capture' returned '0': CMAKE_PREFIX_PATH=/home/username/ros2_ws/install/px4_msgs:/home/username/ros2_ws/install/px4_ros_com:/home/username/ros2_ws/install/img_capture:/home/username/ros2_ws/install/low_alt:/home/username/ros2_ws/src/install/px4_ros_com:/home/username/ros2_ws/src/install/px4_msgs:/home/username/ros2_ws/src/install/low_alt:/home/username/ros2_ws/src/install/img_capture:/home/username/ros2_ws/install/odometry_pkg:/opt/ros/jazzy LD_LIBRARY_PATH=/home/username/ros2_ws/install/px4_msgs/lib:/home/username/ros2_ws/install/px4_ros_com/lib:/home/username/ros2_ws/src/install/px4_ros_com/lib:/home/username/ros2_ws/src/install/px4_msgs/lib:/opt/ros/jazzy/lib/aarch64-linux-gnu:/opt/ros/jazzy/lib:/usr/local/lib PYTHONPATH=/home/username/ros2_ws/install/px4_msgs/lib/python3.12/site-packages:/home/username/ros2_ws/install/odometry_pkg/lib/python3.12/site-packages:/home/username/ros2_ws/install/px4_ros_com/lib/python3.12/site-packages:/home/username/ros2_ws/src/install/px4_ros_com/lib/python3.12/site-packages:/home/username/ros2_ws/src/install/px4_msgs/lib/python3.12/site-packages:/opt/ros/jazzy/lib/python3.12/site-packages /usr/bin/cmake --install /home/username/ros2_ws/build/img_capture
