[0.045s] Invoking command in '/home/username/ros2_ws/build/px4_msgs': CMAKE_PREFIX_PATH=${CMAKE_PREFIX_PATH}:/opt/ros/jazzy /usr/bin/cmake --build /home/username/ros2_ws/build/px4_msgs -- -j4 -l4
[2.477s] [  0%] Built target px4_msgs__rosidl_generator_type_description
[2.690s] [  0%] Built target px4_msgs__cpp
[2.987s] [ 29%] Built target px4_msgs__rosidl_generator_c
[3.242s] [ 29%] Built target ament_cmake_python_copy_px4_msgs
[3.532s] [ 39%] Built target px4_msgs__rosidl_typesupport_cpp
[3.542s] [ 59%] Built target px4_msgs__rosidl_typesupport_fastrtps_c
[3.542s] [ 59%] Built target px4_msgs__rosidl_typesupport_fastrtps_cpp
[3.550s] [ 69%] Built target px4_msgs__rosidl_typesupport_introspection_c
[3.733s] [ 79%] Built target px4_msgs__rosidl_typesupport_c
[3.839s] [ 89%] Built target px4_msgs__rosidl_typesupport_introspection_cpp
[3.860s] running egg_info
[3.877s] [ 89%] Built target px4_msgs
[3.885s] writing px4_msgs.egg-info/PKG-INFO
[3.886s] writing dependency_links to px4_msgs.egg-info/dependency_links.txt
[3.888s] writing top-level names to px4_msgs.egg-info/top_level.txt
[3.935s] [ 89%] Built target px4_msgs__py
[3.961s] reading manifest file 'px4_msgs.egg-info/SOURCES.txt'
[3.967s] writing manifest file 'px4_msgs.egg-info/SOURCES.txt'
[4.041s] [ 89%] Built target ament_cmake_python_build_px4_msgs_egg
[4.184s] [ 99%] Built target px4_msgs__rosidl_generator_py
[4.252s] [100%] Built target px4_msgs_s__rosidl_typesupport_fastrtps_c
[4.252s] [100%] Built target px4_msgs_s__rosidl_typesupport_introspection_c
[4.252s] [100%] Built target px4_msgs_s__rosidl_typesupport_c
